INFO 2024-12-07 18:33:41,746 autoreload Watching for file changes with StatReloader
INFO 2024-12-07 18:34:26,883 autoreload D:\Facultate\Django\Proiect\storeapp\views.py changed, reloading.
INFO 2024-12-07 18:34:27,310 autoreload Watching for file changes with StatReloader
INFO 2024-12-07 18:34:36,820 autoreload D:\Facultate\Django\Proiect\storeapp\views.py changed, reloading.
INFO 2024-12-07 18:34:37,243 autoreload Watching for file changes with StatReloader
INFO 2024-12-07 18:34:53,872 autoreload D:\Facultate\Django\Proiect\storeapp\views.py changed, reloading.
INFO 2024-12-07 18:34:54,304 autoreload Watching for file changes with StatReloader
INFO 2024-12-07 18:38:46,054 autoreload D:\Facultate\Django\Proiect\storeapp\views.py changed, reloading.
INFO 2024-12-07 18:38:46,500 autoreload Watching for file changes with StatReloader
INFO 2024-12-08 15:42:42,380 autoreload Watching for file changes with StatReloader
INFO 2024-12-08 15:42:49,033 basehttp "GET /storeapp/register/ HTTP/1.1" 200 5440
WARNING 2024-12-08 15:42:49,174 log Not Found: /favicon.ico
WARNING 2024-12-08 15:42:49,174 basehttp "GET /favicon.ico HTTP/1.1" 404 2528
INFO 2024-12-08 15:42:52,372 basehttp "GET /storeapp/ HTTP/1.1" 200 1297
INFO 2024-12-08 15:42:59,117 basehttp "GET /storeapp/products/ HTTP/1.1" 200 7964
INFO 2024-12-08 15:42:59,249 basehttp "GET /static/js/products.js HTTP/1.1" 200 2948
INFO 2024-12-08 15:43:03,052 views Filter products view accessed
INFO 2024-12-08 15:43:03,099 basehttp "POST /storeapp/filter_products/ HTTP/1.1" 200 16
INFO 2024-12-08 15:43:07,649 basehttp "GET /storeapp/contact/ HTTP/1.1" 200 2844
INFO 2024-12-08 15:43:09,495 basehttp "GET /storeapp/ HTTP/1.1" 200 1297
INFO 2024-12-08 15:43:10,604 basehttp "GET /storeapp/profile/ HTTP/1.1" 302 0
INFO 2024-12-08 15:43:10,631 basehttp "GET /storeapp/login/ HTTP/1.1" 200 2129
INFO 2024-12-08 15:43:14,637 basehttp "POST /storeapp/login/ HTTP/1.1" 302 0
INFO 2024-12-08 15:43:14,706 basehttp "GET /storeapp/profile/ HTTP/1.1" 200 2092
INFO 2024-12-08 15:44:44,261 basehttp "GET /storeapp/ HTTP/1.1" 200 1297
INFO 2024-12-08 15:44:46,426 basehttp "GET /storeapp/products/ HTTP/1.1" 200 7964
INFO 2024-12-08 15:44:51,629 basehttp "GET /storeapp/ HTTP/1.1" 200 1297
INFO 2024-12-08 15:44:53,217 basehttp "GET /storeapp/profile/ HTTP/1.1" 200 2092
INFO 2024-12-08 15:44:59,072 basehttp "GET /storeapp/ HTTP/1.1" 200 1297
INFO 2024-12-08 15:45:01,852 basehttp "GET /storeapp/profile/ HTTP/1.1" 200 2092
INFO 2024-12-08 15:45:03,446 views Logout view accessed
INFO 2024-12-08 15:45:03,525 basehttp "GET /storeapp/logout/ HTTP/1.1" 302 0
INFO 2024-12-08 15:45:03,525 basehttp "GET /storeapp/ HTTP/1.1" 200 1297
INFO 2024-12-08 15:45:05,232 basehttp "GET /storeapp/profile/ HTTP/1.1" 302 0
INFO 2024-12-08 15:45:05,241 basehttp "GET /storeapp/login/ HTTP/1.1" 200 2129
INFO 2024-12-08 15:45:08,938 basehttp "POST /storeapp/login/ HTTP/1.1" 200 2488
INFO 2024-12-08 15:45:12,941 basehttp "POST /storeapp/login/ HTTP/1.1" 200 2488
INFO 2024-12-08 15:45:16,279 basehttp "POST /storeapp/login/ HTTP/1.1" 200 2488
CRITICAL 2024-12-08 15:45:22,412 views Suspicious login attempt detected
INFO 2024-12-08 15:45:22,414 basehttp "POST /storeapp/login/ HTTP/1.1" 302 0
INFO 2024-12-08 15:45:22,423 basehttp "GET /storeapp/login/ HTTP/1.1" 200 2129
INFO 2024-12-08 15:45:53,021 basehttp "GET /storeapp/profile/ HTTP/1.1" 302 0
INFO 2024-12-08 15:45:53,030 basehttp "GET /storeapp/login/ HTTP/1.1" 200 2129
INFO 2024-12-08 15:45:55,204 basehttp "GET /storeapp/register/ HTTP/1.1" 200 5440
CRITICAL 2024-12-08 15:46:13,497 views Attempt to register with admin username
INFO 2024-12-08 15:46:13,513 basehttp "POST /storeapp/register/ HTTP/1.1" 302 0
INFO 2024-12-08 15:46:13,524 basehttp "GET /storeapp/register/ HTTP/1.1" 200 5440
INFO 2024-12-09 14:43:25,425 autoreload Watching for file changes with StatReloader
INFO 2024-12-09 14:43:36,060 autoreload D:\Facultate\Django\Proiect\storeapp\views.py changed, reloading.
INFO 2024-12-09 14:43:36,594 autoreload Watching for file changes with StatReloader
INFO 2024-12-09 15:21:38,086 autoreload D:\Facultate\Django\Proiect\storeapp\admin.py changed, reloading.
INFO 2024-12-09 15:21:38,579 autoreload Watching for file changes with StatReloader
INFO 2024-12-09 15:25:59,009 autoreload Watching for file changes with StatReloader
INFO 2024-12-09 15:27:19,814 autoreload D:\Facultate\Django\Proiect\storeapp\admin.py changed, reloading.
INFO 2024-12-09 15:27:20,270 autoreload Watching for file changes with StatReloader
INFO 2024-12-09 15:27:43,892 autoreload D:\Facultate\Django\Proiect\storeapp\admin.py changed, reloading.
INFO 2024-12-09 15:27:44,512 autoreload Watching for file changes with StatReloader
INFO 2024-12-09 15:28:09,391 basehttp "GET /storeapp/register/ HTTP/1.1" 200 5440
WARNING 2024-12-09 15:28:09,545 log Not Found: /favicon.ico
WARNING 2024-12-09 15:28:09,546 basehttp "GET /favicon.ico HTTP/1.1" 404 2528
INFO 2024-12-09 15:28:45,617 basehttp "POST /storeapp/register/ HTTP/1.1" 200 5891
INFO 2024-12-09 15:29:02,729 basehttp "POST /storeapp/register/ HTTP/1.1" 302 0
INFO 2024-12-09 15:29:02,742 basehttp "GET /storeapp/login/ HTTP/1.1" 200 2129
INFO 2024-12-09 15:29:13,073 basehttp "POST /storeapp/login/ HTTP/1.1" 302 0
INFO 2024-12-09 15:29:13,117 basehttp "GET /storeapp/profile/ HTTP/1.1" 200 2094
INFO 2024-12-09 15:30:37,404 views Logout view accessed
INFO 2024-12-09 15:30:37,449 basehttp "GET /storeapp/logout/ HTTP/1.1" 302 0
INFO 2024-12-09 15:30:37,455 basehttp "GET /storeapp/ HTTP/1.1" 200 1297
INFO 2024-12-09 15:30:38,535 basehttp "GET /storeapp/profile/ HTTP/1.1" 302 0
INFO 2024-12-09 15:30:38,542 basehttp "GET /storeapp/login/ HTTP/1.1" 200 2129
INFO 2024-12-09 15:30:40,778 basehttp "GET /storeapp/register/ HTTP/1.1" 200 5440
INFO 2024-12-09 15:31:07,960 basehttp "POST /storeapp/register/ HTTP/1.1" 302 0
INFO 2024-12-09 15:31:07,972 basehttp "GET /storeapp/login/ HTTP/1.1" 200 2129
INFO 2024-12-09 15:31:15,173 basehttp "POST /storeapp/login/ HTTP/1.1" 302 0
INFO 2024-12-09 15:31:15,214 basehttp "GET /storeapp/profile/ HTTP/1.1" 200 2102
INFO 2024-12-09 15:31:19,490 basehttp "GET /storeapp/confirm/YOhFPZt5 HTTP/1.1" 301 0
INFO 2024-12-09 15:31:19,494 views Confirm account view accessed with code: YOhFPZt5
INFO 2024-12-09 15:31:19,531 basehttp "GET /storeapp/confirm/YOhFPZt5/ HTTP/1.1" 302 0
INFO 2024-12-09 15:31:19,538 basehttp "GET /storeapp/login/ HTTP/1.1" 200 2280
INFO 2024-12-09 15:31:21,663 basehttp "POST /storeapp/login/ HTTP/1.1" 302 0
INFO 2024-12-09 15:31:21,813 basehttp "GET /storeapp/profile/ HTTP/1.1" 200 2102
INFO 2024-12-09 15:32:04,107 autoreload D:\Facultate\Django\Proiect\storeapp\admin.py changed, reloading.
INFO 2024-12-09 15:32:04,677 autoreload Watching for file changes with StatReloader
INFO 2024-12-09 15:36:08,618 autoreload Watching for file changes with StatReloader
INFO 2024-12-09 15:37:51,239 autoreload Watching for file changes with StatReloader
INFO 2024-12-09 15:47:21,816 autoreload D:\Facultate\Django\Proiect\storeapp\views.py changed, reloading.
INFO 2024-12-09 15:47:22,289 autoreload Watching for file changes with StatReloader
INFO 2024-12-09 15:48:08,455 autoreload D:\Facultate\Django\Proiect\storeapp\views.py changed, reloading.
INFO 2024-12-09 15:48:08,918 autoreload Watching for file changes with StatReloader
INFO 2024-12-09 15:49:38,156 autoreload D:\Facultate\Django\Proiect\storeapp\views.py changed, reloading.
INFO 2024-12-09 15:49:38,648 autoreload Watching for file changes with StatReloader
INFO 2024-12-09 15:51:04,831 autoreload D:\Facultate\Django\Proiect\storeapp\views.py changed, reloading.
INFO 2024-12-09 15:51:05,334 autoreload Watching for file changes with StatReloader
INFO 2024-12-09 15:52:07,812 autoreload D:\Facultate\Django\Proiect\storeapp\views.py changed, reloading.
INFO 2024-12-09 15:52:08,405 autoreload Watching for file changes with StatReloader
INFO 2024-12-09 15:52:18,967 autoreload D:\Facultate\Django\Proiect\storeapp\admin.py changed, reloading.
INFO 2024-12-09 15:52:19,528 autoreload Watching for file changes with StatReloader
INFO 2024-12-09 15:52:25,779 basehttp "GET /storeapp/ HTTP/1.1" 200 1297
INFO 2024-12-09 15:52:28,492 basehttp "GET /storeapp/add_product/ HTTP/1.1" 200 2641
INFO 2024-12-09 15:52:31,794 basehttp "GET /storeapp/profile/ HTTP/1.1" 200 2102
INFO 2024-12-09 15:52:32,696 views Logout view accessed
INFO 2024-12-09 15:52:32,736 basehttp "GET /storeapp/logout/ HTTP/1.1" 302 0
INFO 2024-12-09 15:52:32,743 basehttp "GET /storeapp/ HTTP/1.1" 200 1297
INFO 2024-12-09 15:52:35,644 basehttp "GET /storeapp/add_product/ HTTP/1.1" 200 2641
INFO 2024-12-09 15:52:39,442 basehttp "GET /storeapp/profile/ HTTP/1.1" 302 0
INFO 2024-12-09 15:52:39,452 basehttp "GET /storeapp/login/ HTTP/1.1" 200 2129
INFO 2024-12-09 15:52:41,667 basehttp "GET /storeapp/ HTTP/1.1" 200 1297
INFO 2024-12-09 15:52:42,347 basehttp "GET /storeapp/profile/ HTTP/1.1" 302 0
INFO 2024-12-09 15:52:42,356 basehttp "GET /storeapp/login/ HTTP/1.1" 200 2129
WARNING 2024-12-09 15:52:46,495 log Not Found: /storeapp/login/add_product
WARNING 2024-12-09 15:52:46,495 basehttp "GET /storeapp/login/add_product HTTP/1.1" 404 7425
INFO 2024-12-09 15:52:58,717 basehttp "GET /storeapp/add_product/ HTTP/1.1" 200 2641
INFO 2024-12-09 15:54:01,278 autoreload D:\Facultate\Django\Proiect\storeapp\views.py changed, reloading.
INFO 2024-12-09 15:54:01,735 autoreload Watching for file changes with StatReloader
INFO 2024-12-09 15:54:07,530 basehttp "GET /storeapp/add_product/ HTTP/1.1" 200 2641
INFO 2024-12-09 15:54:08,227 basehttp "GET /storeapp/add_product/ HTTP/1.1" 200 2641
INFO 2024-12-09 15:54:08,591 basehttp "GET /storeapp/add_product/ HTTP/1.1" 200 2641
INFO 2024-12-09 15:54:08,755 basehttp "GET /storeapp/add_product/ HTTP/1.1" 200 2641
INFO 2024-12-09 15:54:08,919 basehttp "GET /storeapp/add_product/ HTTP/1.1" 200 2641
INFO 2024-12-09 15:54:12,441 basehttp "GET /storeapp/ HTTP/1.1" 200 1297
INFO 2024-12-09 15:54:13,864 basehttp "GET /storeapp/profile/ HTTP/1.1" 302 0
INFO 2024-12-09 15:54:13,874 basehttp "GET /storeapp/login/ HTTP/1.1" 200 2129
INFO 2024-12-09 15:54:20,440 basehttp "GET /storeapp/add_product/ HTTP/1.1" 200 2641
INFO 2024-12-09 15:54:59,398 autoreload D:\Facultate\Django\Proiect\storeapp\views.py changed, reloading.
INFO 2024-12-09 15:54:59,861 autoreload Watching for file changes with StatReloader
INFO 2024-12-09 15:55:04,256 autoreload D:\Facultate\Django\Proiect\storeapp\admin.py changed, reloading.
INFO 2024-12-09 15:55:04,716 autoreload Watching for file changes with StatReloader
INFO 2024-12-09 15:55:35,590 autoreload D:\Facultate\Django\Proiect\storeapp\views.py changed, reloading.
INFO 2024-12-09 15:55:36,053 autoreload Watching for file changes with StatReloader
INFO 2024-12-09 15:55:47,419 autoreload D:\Facultate\Django\Proiect\storeapp\views.py changed, reloading.
INFO 2024-12-09 15:55:47,863 autoreload Watching for file changes with StatReloader
WARNING 2024-12-09 15:55:50,524 log Forbidden: /storeapp/add_product/
WARNING 2024-12-09 15:55:50,525 basehttp "GET /storeapp/add_product/ HTTP/1.1" 403 318
ERROR 2024-12-09 15:56:06,769 log Internal Server Error: /storeapp/login/
Traceback (most recent call last):
  File "D:\-_SHv_4lM\Lib\site-packages\django\core\handlers\exception.py", line 55, in inner
    response = get_response(request)
               ^^^^^^^^^^^^^^^^^^^^^
  File "D:\-_SHv_4lM\Lib\site-packages\django\core\handlers\base.py", line 197, in _get_response
    response = wrapped_callback(request, *callback_args, **callback_kwargs)
               ^^^^^^^^^^^^^^^^^^^^^^^^^^^^^^^^^^^^^^^^^^^^^^^^^^^^^^^^^^^^
  File "D:\facultate\django\proiect\storeapp\views.py", line 174, in login_view
    if form.cleaned_data.get('confirmed_mail') == False:
       ^^^^^^^^^^^^^^^^^
AttributeError: 'LoginForm' object has no attribute 'cleaned_data'. Did you mean: 'changed_data'?
ERROR 2024-12-09 15:56:06,774 basehttp "POST /storeapp/login/ HTTP/1.1" 500 71985
INFO 2024-12-09 15:56:55,990 autoreload D:\Facultate\Django\Proiect\storeapp\views.py changed, reloading.
INFO 2024-12-09 15:56:56,453 autoreload Watching for file changes with StatReloader
INFO 2024-12-09 15:57:13,083 autoreload D:\Facultate\Django\Proiect\storeapp\views.py changed, reloading.
INFO 2024-12-09 15:57:13,532 autoreload Watching for file changes with StatReloader
INFO 2024-12-09 15:57:24,029 autoreload D:\Facultate\Django\Proiect\storeapp\views.py changed, reloading.
INFO 2024-12-09 15:57:24,478 autoreload Watching for file changes with StatReloader
ERROR 2024-12-09 15:57:27,558 log Internal Server Error: /storeapp/login/
Traceback (most recent call last):
  File "D:\-_SHv_4lM\Lib\site-packages\django\core\handlers\exception.py", line 55, in inner
    response = get_response(request)
               ^^^^^^^^^^^^^^^^^^^^^
  File "D:\-_SHv_4lM\Lib\site-packages\django\core\handlers\base.py", line 197, in _get_response
    response = wrapped_callback(request, *callback_args, **callback_kwargs)
               ^^^^^^^^^^^^^^^^^^^^^^^^^^^^^^^^^^^^^^^^^^^^^^^^^^^^^^^^^^^^
  File "D:\facultate\django\proiect\storeapp\views.py", line 175, in login_view
    if not user.confirmed_mail:
           ^^^^^^^^^^^^^^^^^^^
  File "D:\-_SHv_4lM\Lib\site-packages\django\utils\functional.py", line 253, in inner
    return func(_wrapped, *args)
           ^^^^^^^^^^^^^^^^^^^^^
AttributeError: 'AnonymousUser' object has no attribute 'confirmed_mail'
ERROR 2024-12-09 15:57:27,560 basehttp "POST /storeapp/login/ HTTP/1.1" 500 76295
ERROR 2024-12-09 15:57:35,759 log Internal Server Error: /storeapp/login/
Traceback (most recent call last):
  File "D:\-_SHv_4lM\Lib\site-packages\django\core\handlers\exception.py", line 55, in inner
    response = get_response(request)
               ^^^^^^^^^^^^^^^^^^^^^
  File "D:\-_SHv_4lM\Lib\site-packages\django\core\handlers\base.py", line 197, in _get_response
    response = wrapped_callback(request, *callback_args, **callback_kwargs)
               ^^^^^^^^^^^^^^^^^^^^^^^^^^^^^^^^^^^^^^^^^^^^^^^^^^^^^^^^^^^^
  File "D:\facultate\django\proiect\storeapp\views.py", line 175, in login_view
    if not user.confirmed_mail:
           ^^^^^^^^^^^^^^^^^^^
  File "D:\-_SHv_4lM\Lib\site-packages\django\utils\functional.py", line 253, in inner
    return func(_wrapped, *args)
           ^^^^^^^^^^^^^^^^^^^^^
AttributeError: 'AnonymousUser' object has no attribute 'confirmed_mail'
ERROR 2024-12-09 15:57:35,762 basehttp "POST /storeapp/login/ HTTP/1.1" 500 76295
INFO 2024-12-09 15:58:05,765 autoreload D:\Facultate\Django\Proiect\storeapp\views.py changed, reloading.
INFO 2024-12-09 15:58:06,240 autoreload Watching for file changes with StatReloader
ERROR 2024-12-09 15:58:07,195 log Internal Server Error: /storeapp/login/
Traceback (most recent call last):
  File "D:\-_SHv_4lM\Lib\site-packages\django\core\handlers\exception.py", line 55, in inner
    response = get_response(request)
               ^^^^^^^^^^^^^^^^^^^^^
  File "D:\-_SHv_4lM\Lib\site-packages\django\core\handlers\base.py", line 197, in _get_response
    response = wrapped_callback(request, *callback_args, **callback_kwargs)
               ^^^^^^^^^^^^^^^^^^^^^^^^^^^^^^^^^^^^^^^^^^^^^^^^^^^^^^^^^^^^
  File "D:\facultate\django\proiect\storeapp\views.py", line 174, in login_view
    user = CustomUser.objects.get(username=form.cleaned_data.get('username'))
                                           ^^^^^^^^^^^^^^^^^
AttributeError: 'LoginForm' object has no attribute 'cleaned_data'. Did you mean: 'changed_data'?
ERROR 2024-12-09 15:58:07,198 basehttp "POST /storeapp/login/ HTTP/1.1" 500 72089
INFO 2024-12-09 16:00:01,789 autoreload D:\Facultate\Django\Proiect\storeapp\views.py changed, reloading.
INFO 2024-12-09 16:00:02,279 autoreload Watching for file changes with StatReloader
ERROR 2024-12-09 16:00:04,346 log Internal Server Error: /storeapp/login/
Traceback (most recent call last):
  File "D:\-_SHv_4lM\Lib\site-packages\django\core\handlers\exception.py", line 55, in inner
    response = get_response(request)
               ^^^^^^^^^^^^^^^^^^^^^
  File "D:\-_SHv_4lM\Lib\site-packages\django\core\handlers\base.py", line 197, in _get_response
    response = wrapped_callback(request, *callback_args, **callback_kwargs)
               ^^^^^^^^^^^^^^^^^^^^^^^^^^^^^^^^^^^^^^^^^^^^^^^^^^^^^^^^^^^^
  File "D:\facultate\django\proiect\storeapp\views.py", line 175, in login_view
    if not user.confirmed_mail:
           ^^^^^^^^^^^^^^^^^^^
AttributeError: 'NoneType' object has no attribute 'confirmed_mail'
ERROR 2024-12-09 16:00:04,348 basehttp "POST /storeapp/login/ HTTP/1.1" 500 72142
INFO 2024-12-09 16:00:31,247 autoreload D:\Facultate\Django\Proiect\storeapp\views.py changed, reloading.
INFO 2024-12-09 16:00:31,697 autoreload Watching for file changes with StatReloader
INFO 2024-12-09 16:00:33,917 basehttp "POST /storeapp/login/ HTTP/1.1" 302 0
INFO 2024-12-09 16:00:33,961 basehttp "GET /storeapp/profile/ HTTP/1.1" 200 2102
INFO 2024-12-09 16:02:10,025 autoreload D:\Facultate\Django\Proiect\storeapp\views.py changed, reloading.
INFO 2024-12-09 16:02:10,478 autoreload Watching for file changes with StatReloader
INFO 2024-12-09 16:02:19,960 autoreload D:\Facultate\Django\Proiect\storeapp\views.py changed, reloading.
INFO 2024-12-09 16:02:20,436 autoreload Watching for file changes with StatReloader
INFO 2024-12-09 16:02:23,063 views Logout view accessed
INFO 2024-12-09 16:02:23,110 basehttp "GET /storeapp/logout/ HTTP/1.1" 302 0
INFO 2024-12-09 16:02:23,117 basehttp "GET /storeapp/ HTTP/1.1" 200 1297
INFO 2024-12-09 16:02:24,003 basehttp "GET /storeapp/profile/ HTTP/1.1" 302 0
INFO 2024-12-09 16:02:24,014 basehttp "GET /storeapp/login/ HTTP/1.1" 200 2129
INFO 2024-12-09 16:02:25,820 basehttp "POST /storeapp/login/ HTTP/1.1" 302 0
INFO 2024-12-09 16:02:25,861 basehttp "GET /storeapp/profile/ HTTP/1.1" 200 2102
INFO 2024-12-09 16:02:33,519 views Logout view accessed
INFO 2024-12-09 16:02:33,670 basehttp "GET /storeapp/logout/ HTTP/1.1" 302 0
INFO 2024-12-09 16:02:33,675 basehttp "GET /storeapp/ HTTP/1.1" 200 1297
INFO 2024-12-09 16:02:34,471 basehttp "GET /storeapp/profile/ HTTP/1.1" 302 0
INFO 2024-12-09 16:02:34,481 basehttp "GET /storeapp/login/ HTTP/1.1" 200 2129
INFO 2024-12-09 16:02:35,362 basehttp "GET /storeapp/register/ HTTP/1.1" 200 5440
INFO 2024-12-09 16:02:45,570 basehttp "POST /storeapp/register/ HTTP/1.1" 302 0
INFO 2024-12-09 16:02:45,577 basehttp "GET /storeapp/login/ HTTP/1.1" 200 2129
INFO 2024-12-09 16:02:52,446 basehttp "POST /storeapp/login/ HTTP/1.1" 302 0
INFO 2024-12-09 16:02:52,453 basehttp "GET /storeapp/login/ HTTP/1.1" 200 2283
INFO 2024-12-09 16:02:54,308 basehttp "POST /storeapp/login/ HTTP/1.1" 302 0
INFO 2024-12-09 16:02:54,314 basehttp "GET /storeapp/login/ HTTP/1.1" 200 2283
INFO 2024-12-09 16:03:50,630 basehttp "POST /storeapp/login/ HTTP/1.1" 302 0
INFO 2024-12-09 16:03:50,779 basehttp "GET /storeapp/profile/ HTTP/1.1" 200 2092
INFO 2024-12-09 16:03:53,298 basehttp "GET /storeapp/ HTTP/1.1" 200 1297
WARNING 2024-12-09 16:03:55,687 log Forbidden: /storeapp/add_product/
WARNING 2024-12-09 16:03:55,690 basehttp "GET /storeapp/add_product/ HTTP/1.1" 403 339
WARNING 2024-12-09 16:04:36,999 log Forbidden: /storeapp/add_product/
WARNING 2024-12-09 16:04:36,999 basehttp "GET /storeapp/add_product/ HTTP/1.1" 403 725
INFO 2024-12-09 16:06:17,749 basehttp "GET /storeapp HTTP/1.1" 301 0
INFO 2024-12-09 16:06:18,054 basehttp "GET /storeapp/ HTTP/1.1" 200 1297
INFO 2024-12-09 16:09:09,577 autoreload D:\Facultate\Django\Proiect\storeapp\admin.py changed, reloading.
INFO 2024-12-09 16:09:10,123 autoreload Watching for file changes with StatReloader
INFO 2024-12-09 16:09:41,890 autoreload D:\Facultate\Django\Proiect\storeapp\admin.py changed, reloading.
INFO 2024-12-09 16:09:42,336 autoreload Watching for file changes with StatReloader
INFO 2024-12-09 16:13:41,357 basehttp "GET /storeapp/profile/ HTTP/1.1" 200 2092
ERROR 2024-12-09 16:13:42,552 log Internal Server Error: /storeapp/
Traceback (most recent call last):
  File "D:\-_SHv_4lM\Lib\site-packages\django\template\base.py", line 510, in parse
    compile_func = self.tags[command]
                   ~~~~~~~~~^^^^^^^^^
KeyError: 'static'

During handling of the above exception, another exception occurred:

Traceback (most recent call last):
  File "D:\-_SHv_4lM\Lib\site-packages\django\core\handlers\exception.py", line 55, in inner
    response = get_response(request)
               ^^^^^^^^^^^^^^^^^^^^^
  File "D:\-_SHv_4lM\Lib\site-packages\django\core\handlers\base.py", line 197, in _get_response
    response = wrapped_callback(request, *callback_args, **callback_kwargs)
               ^^^^^^^^^^^^^^^^^^^^^^^^^^^^^^^^^^^^^^^^^^^^^^^^^^^^^^^^^^^^
  File "D:\facultate\django\proiect\storeapp\views.py", line 21, in home
    return render(request, 'home.html')
           ^^^^^^^^^^^^^^^^^^^^^^^^^^^^
  File "D:\-_SHv_4lM\Lib\site-packages\django\shortcuts.py", line 25, in render
    content = loader.render_to_string(template_name, context, request, using=using)
              ^^^^^^^^^^^^^^^^^^^^^^^^^^^^^^^^^^^^^^^^^^^^^^^^^^^^^^^^^^^^^^^^^^^^^
  File "D:\-_SHv_4lM\Lib\site-packages\django\template\loader.py", line 61, in render_to_string
    template = get_template(template_name, using=using)
               ^^^^^^^^^^^^^^^^^^^^^^^^^^^^^^^^^^^^^^^^
  File "D:\-_SHv_4lM\Lib\site-packages\django\template\loader.py", line 15, in get_template
    return engine.get_template(template_name)
           ^^^^^^^^^^^^^^^^^^^^^^^^^^^^^^^^^^
  File "D:\-_SHv_4lM\Lib\site-packages\django\template\backends\django.py", line 79, in get_template
    return Template(self.engine.get_template(template_name), self)
                    ^^^^^^^^^^^^^^^^^^^^^^^^^^^^^^^^^^^^^^^
  File "D:\-_SHv_4lM\Lib\site-packages\django\template\engine.py", line 177, in get_template
    template, origin = self.find_template(template_name)
                       ^^^^^^^^^^^^^^^^^^^^^^^^^^^^^^^^^
  File "D:\-_SHv_4lM\Lib\site-packages\django\template\engine.py", line 159, in find_template
    template = loader.get_template(name, skip=skip)
               ^^^^^^^^^^^^^^^^^^^^^^^^^^^^^^^^^^^^
  File "D:\-_SHv_4lM\Lib\site-packages\django\template\loaders\cached.py", line 57, in get_template
    template = super().get_template(template_name, skip)
               ^^^^^^^^^^^^^^^^^^^^^^^^^^^^^^^^^^^^^^^^^
  File "D:\-_SHv_4lM\Lib\site-packages\django\template\loaders\base.py", line 28, in get_template
    return Template(
           ^^^^^^^^^
  File "D:\-_SHv_4lM\Lib\site-packages\django\template\base.py", line 154, in __init__
    self.nodelist = self.compile_nodelist()
                    ^^^^^^^^^^^^^^^^^^^^^^^
  File "D:\-_SHv_4lM\Lib\site-packages\django\template\base.py", line 196, in compile_nodelist
    nodelist = parser.parse()
               ^^^^^^^^^^^^^^
  File "D:\-_SHv_4lM\Lib\site-packages\django\template\base.py", line 512, in parse
    self.invalid_block_tag(token, command, parse_until)
  File "D:\-_SHv_4lM\Lib\site-packages\django\template\base.py", line 573, in invalid_block_tag
    raise self.error(
django.template.exceptions.TemplateSyntaxError: Invalid block tag on line 8: 'static'. Did you forget to register or load this tag?
ERROR 2024-12-09 16:13:42,560 basehttp "GET /storeapp/ HTTP/1.1" 500 146500
INFO 2024-12-09 16:14:02,750 basehttp "GET /storeapp/ HTTP/1.1" 200 1538
INFO 2024-12-09 16:14:02,849 basehttp "GET /static/js/home.js HTTP/1.1" 200 1285
INFO 2024-12-09 16:14:04,931 basehttp "GET /storeapp/ HTTP/1.1" 200 1538
INFO 2024-12-09 16:14:04,954 basehttp "GET /static/js/home.js HTTP/1.1" 304 0
INFO 2024-12-09 16:14:05,811 basehttp "GET /storeapp/ HTTP/1.1" 200 1538
INFO 2024-12-09 16:14:06,209 basehttp "GET /storeapp/ HTTP/1.1" 200 1538
INFO 2024-12-09 16:14:06,564 basehttp "GET /storeapp/ HTTP/1.1" 200 1538
INFO 2024-12-09 16:14:06,810 basehttp "GET /storeapp/ HTTP/1.1" 200 1538
INFO 2024-12-09 16:14:07,458 basehttp "GET /storeapp/ HTTP/1.1" 200 1538
INFO 2024-12-09 16:14:07,481 basehttp "GET /static/js/home.js HTTP/1.1" 304 0
INFO 2024-12-09 16:14:07,825 basehttp "GET /storeapp/ HTTP/1.1" 200 1538
INFO 2024-12-09 16:14:08,217 basehttp "GET /storeapp/ HTTP/1.1" 200 1538
WARNING 2024-12-09 16:14:09,730 log Not Found: /grant-permission/
WARNING 2024-12-09 16:14:09,731 basehttp "POST /grant-permission/ HTTP/1.1" 404 2547
WARNING 2024-12-09 16:14:38,741 log Not Found: /grant-permission/
WARNING 2024-12-09 16:14:38,741 basehttp "POST /grant-permission/ HTTP/1.1" 404 2547
INFO 2024-12-09 16:16:44,036 autoreload D:\Facultate\Django\Proiect\storeapp\urls.py changed, reloading.
INFO 2024-12-09 16:16:44,647 autoreload Watching for file changes with StatReloader
INFO 2024-12-09 16:17:37,861 autoreload D:\Facultate\Django\Proiect\storeapp\views.py changed, reloading.
INFO 2024-12-09 16:17:38,321 autoreload Watching for file changes with StatReloader
INFO 2024-12-09 16:18:05,976 autoreload D:\Facultate\Django\Proiect\storeapp\views.py changed, reloading.
INFO 2024-12-09 16:18:06,428 autoreload Watching for file changes with StatReloader
INFO 2024-12-09 16:18:13,884 autoreload D:\Facultate\Django\Proiect\storeapp\views.py changed, reloading.
INFO 2024-12-09 16:18:14,356 autoreload Watching for file changes with StatReloader
INFO 2024-12-09 16:18:35,000 autoreload D:\Facultate\Django\Proiect\storeapp\views.py changed, reloading.
INFO 2024-12-09 16:18:35,445 autoreload Watching for file changes with StatReloader
INFO 2024-12-09 16:20:57,235 autoreload D:\Facultate\Django\Proiect\storeapp\views.py changed, reloading.
INFO 2024-12-09 16:20:57,706 autoreload Watching for file changes with StatReloader
INFO 2024-12-09 16:21:11,276 autoreload D:\Facultate\Django\Proiect\storeapp\admin.py changed, reloading.
INFO 2024-12-09 16:21:11,747 autoreload Watching for file changes with StatReloader
INFO 2024-12-09 16:22:01,993 autoreload D:\Facultate\Django\Proiect\storeapp\views.py changed, reloading.
INFO 2024-12-09 16:22:02,490 autoreload Watching for file changes with StatReloader
INFO 2024-12-09 16:22:17,045 autoreload D:\Facultate\Django\Proiect\storeapp\views.py changed, reloading.
INFO 2024-12-09 16:22:17,512 autoreload Watching for file changes with StatReloader
INFO 2024-12-09 16:22:18,290 basehttp "GET /storeapp/ HTTP/1.1" 200 1538
INFO 2024-12-09 16:22:18,367 basehttp "GET /static/js/home.js HTTP/1.1" 200 1494
INFO 2024-12-09 16:22:19,022 basehttp "GET /storeapp/ HTTP/1.1" 200 1538
INFO 2024-12-09 16:22:20,538 basehttp "GET /storeapp/ HTTP/1.1" 200 1538
INFO 2024-12-09 16:22:21,178 basehttp "GET /storeapp/ HTTP/1.1" 200 1538
INFO 2024-12-09 16:22:21,886 basehttp "GET /storeapp/ HTTP/1.1" 200 1538
INFO 2024-12-09 16:22:22,538 basehttp "GET /storeapp/ HTTP/1.1" 200 1538
INFO 2024-12-09 16:22:23,058 basehttp "GET /storeapp/ HTTP/1.1" 200 1538
INFO 2024-12-09 16:22:23,471 basehttp "GET /storeapp/ HTTP/1.1" 200 1538
INFO 2024-12-09 16:22:23,819 basehttp "GET /storeapp/ HTTP/1.1" 200 1538
INFO 2024-12-09 16:22:24,154 basehttp "GET /storeapp/ HTTP/1.1" 200 1538
INFO 2024-12-09 16:22:24,345 basehttp "GET /storeapp/ HTTP/1.1" 200 1538
INFO 2024-12-09 16:22:24,540 basehttp "GET /storeapp/ HTTP/1.1" 200 1538
INFO 2024-12-09 16:22:24,703 basehttp "GET /storeapp/ HTTP/1.1" 200 1538
INFO 2024-12-09 16:22:24,992 basehttp - Broken pipe from ('127.0.0.1', 49820)
INFO 2024-12-09 16:22:25,029 basehttp "GET /storeapp/ HTTP/1.1" 200 1538
INFO 2024-12-09 16:22:25,198 basehttp "GET /storeapp/ HTTP/1.1" 200 1538
INFO 2024-12-09 16:22:25,377 basehttp "GET /storeapp/ HTTP/1.1" 200 1538
INFO 2024-12-09 16:22:25,558 basehttp "GET /storeapp/ HTTP/1.1" 200 1538
INFO 2024-12-09 16:22:25,736 basehttp "GET /storeapp/ HTTP/1.1" 200 1538
INFO 2024-12-09 16:23:28,537 basehttp "GET /storeapp/ HTTP/1.1" 200 1538
INFO 2024-12-09 16:23:28,577 basehttp "GET /static/js/home.js HTTP/1.1" 200 1369
INFO 2024-12-09 16:23:29,394 basehttp "GET /storeapp/ HTTP/1.1" 200 1538
INFO 2024-12-09 16:23:29,418 basehttp "GET /static/js/home.js HTTP/1.1" 304 0
INFO 2024-12-09 16:23:29,763 basehttp "GET /storeapp/ HTTP/1.1" 200 1538
INFO 2024-12-09 16:23:29,787 basehttp "GET /static/js/home.js HTTP/1.1" 304 0
INFO 2024-12-09 16:23:30,228 basehttp "GET /storeapp/ HTTP/1.1" 200 1538
INFO 2024-12-09 16:23:30,249 basehttp "GET /static/js/home.js HTTP/1.1" 304 0
INFO 2024-12-09 16:23:30,654 basehttp "GET /storeapp/ HTTP/1.1" 200 1538
INFO 2024-12-09 16:23:30,678 basehttp "GET /static/js/home.js HTTP/1.1" 304 0
INFO 2024-12-09 16:23:30,977 basehttp "GET /storeapp/ HTTP/1.1" 200 1538
INFO 2024-12-09 16:23:31,000 basehttp "GET /static/js/home.js HTTP/1.1" 304 0
INFO 2024-12-09 16:23:31,187 basehttp "GET /storeapp/ HTTP/1.1" 200 1538
INFO 2024-12-09 16:23:31,422 basehttp "GET /storeapp/ HTTP/1.1" 200 1538
INFO 2024-12-09 16:23:31,665 basehttp "GET /storeapp/ HTTP/1.1" 200 1538
INFO 2024-12-09 16:23:31,689 basehttp "GET /static/js/home.js HTTP/1.1" 304 0
INFO 2024-12-09 16:23:31,907 basehttp "GET /storeapp/ HTTP/1.1" 200 1538
INFO 2024-12-09 16:23:31,934 basehttp "GET /static/js/home.js HTTP/1.1" 304 0
WARNING 2024-12-09 16:23:34,026 log Not Found: /grant_permission/
WARNING 2024-12-09 16:23:34,026 basehttp "POST /grant_permission/ HTTP/1.1" 404 2547
WARNING 2024-12-09 16:23:35,664 log Not Found: /grant_permission/
WARNING 2024-12-09 16:23:35,664 basehttp "POST /grant_permission/ HTTP/1.1" 404 2547
WARNING 2024-12-09 16:23:36,160 log Not Found: /grant_permission/
WARNING 2024-12-09 16:23:36,161 basehttp "POST /grant_permission/ HTTP/1.1" 404 2547
WARNING 2024-12-09 16:23:36,336 log Not Found: /grant_permission/
WARNING 2024-12-09 16:23:36,337 basehttp "POST /grant_permission/ HTTP/1.1" 404 2547
WARNING 2024-12-09 16:23:36,872 log Not Found: /grant_permission/
WARNING 2024-12-09 16:23:36,873 basehttp "POST /grant_permission/ HTTP/1.1" 404 2547
WARNING 2024-12-09 16:23:37,359 log Not Found: /grant_permission/
WARNING 2024-12-09 16:23:37,360 basehttp "POST /grant_permission/ HTTP/1.1" 404 2547
INFO 2024-12-09 16:24:12,227 autoreload D:\Facultate\Django\Proiect\storeapp\views.py changed, reloading.
INFO 2024-12-09 16:24:12,704 autoreload Watching for file changes with StatReloader
WARNING 2024-12-09 16:24:21,000 log Not Found: /grant_permission/
WARNING 2024-12-09 16:24:21,000 basehttp "POST /grant_permission/ HTTP/1.1" 404 2547
WARNING 2024-12-09 16:24:42,941 log Not Found: /grant_permission/
WARNING 2024-12-09 16:24:42,941 basehttp "POST /grant_permission/ HTTP/1.1" 404 2547
INFO 2024-12-09 16:24:45,708 basehttp "GET /storeapp/ HTTP/1.1" 200 1538
INFO 2024-12-09 16:24:45,785 basehttp "GET /static/js/home.js HTTP/1.1" 200 1368
INFO 2024-12-09 16:24:46,214 basehttp "GET /storeapp/ HTTP/1.1" 200 1538
INFO 2024-12-09 16:24:46,237 basehttp "GET /static/js/home.js HTTP/1.1" 304 0
INFO 2024-12-09 16:24:46,578 basehttp "GET /storeapp/ HTTP/1.1" 200 1538
INFO 2024-12-09 16:24:46,932 basehttp "GET /storeapp/ HTTP/1.1" 200 1538
INFO 2024-12-09 16:24:46,955 basehttp "GET /static/js/home.js HTTP/1.1" 304 0
INFO 2024-12-09 16:24:47,675 basehttp "POST /storeapp/grant_permission/ HTTP/1.1" 200 54
INFO 2024-12-09 16:24:54,040 basehttp "GET /storeapp/ HTTP/1.1" 200 1538
INFO 2024-12-09 16:24:54,065 basehttp "GET /static/js/home.js HTTP/1.1" 304 0
INFO 2024-12-09 16:24:54,752 basehttp "GET /storeapp/ HTTP/1.1" 200 1538
INFO 2024-12-09 16:24:55,095 basehttp "GET /storeapp/ HTTP/1.1" 200 1538
INFO 2024-12-09 16:24:55,452 basehttp "GET /storeapp/ HTTP/1.1" 200 1538
INFO 2024-12-09 16:24:55,473 basehttp "GET /static/js/home.js HTTP/1.1" 304 0
INFO 2024-12-09 16:24:55,861 basehttp "GET /storeapp/ HTTP/1.1" 200 1538
INFO 2024-12-09 16:24:56,628 basehttp "POST /storeapp/grant_permission/ HTTP/1.1" 200 54
INFO 2024-12-09 16:27:29,609 autoreload D:\Facultate\Django\Proiect\storeapp\urls.py changed, reloading.
INFO 2024-12-09 16:27:30,078 autoreload Watching for file changes with StatReloader
INFO 2024-12-09 16:27:48,674 autoreload D:\Facultate\Django\Proiect\storeapp\views.py changed, reloading.
INFO 2024-12-09 16:27:49,118 autoreload Watching for file changes with StatReloader
INFO 2024-12-09 16:27:52,883 basehttp "POST /storeapp/grant_permission/ HTTP/1.1" 200 54
INFO 2024-12-09 16:27:57,441 basehttp "GET /storeapp/ HTTP/1.1" 200 1538
INFO 2024-12-09 16:27:57,464 basehttp "GET /static/js/home.js HTTP/1.1" 304 0
INFO 2024-12-09 16:27:59,107 basehttp "GET /storeapp/ HTTP/1.1" 200 1538
INFO 2024-12-09 16:27:59,638 basehttp "GET /storeapp/ HTTP/1.1" 200 1538
INFO 2024-12-09 16:28:00,890 basehttp "POST /storeapp/grant_permission/ HTTP/1.1" 200 54
INFO 2024-12-09 16:28:03,139 basehttp "POST /storeapp/grant_permission/ HTTP/1.1" 200 54
INFO 2024-12-09 16:28:05,497 basehttp "POST /storeapp/grant_permission/ HTTP/1.1" 200 54
INFO 2024-12-09 16:28:20,355 autoreload D:\Facultate\Django\Proiect\storeapp\views.py changed, reloading.
INFO 2024-12-09 16:28:20,861 autoreload Watching for file changes with StatReloader
INFO 2024-12-09 16:28:22,077 basehttp "POST /storeapp/grant_permission/ HTTP/1.1" 200 37
INFO 2024-12-09 16:28:23,213 basehttp "POST /storeapp/grant_permission/ HTTP/1.1" 200 37
INFO 2024-12-09 16:28:23,877 basehttp "POST /storeapp/grant_permission/ HTTP/1.1" 200 37
INFO 2024-12-09 16:28:26,424 basehttp "POST /storeapp/grant_permission/ HTTP/1.1" 200 37
INFO 2024-12-09 16:28:26,651 basehttp "POST /storeapp/grant_permission/ HTTP/1.1" 200 37
INFO 2024-12-09 16:28:26,832 basehttp "POST /storeapp/grant_permission/ HTTP/1.1" 200 37
INFO 2024-12-09 16:28:27,923 basehttp "POST /storeapp/grant_permission/ HTTP/1.1" 200 37
INFO 2024-12-09 16:28:37,487 autoreload D:\Facultate\Django\Proiect\storeapp\views.py changed, reloading.
INFO 2024-12-09 16:28:37,977 autoreload Watching for file changes with StatReloader
INFO 2024-12-09 16:28:38,439 basehttp "GET /storeapp/ HTTP/1.1" 200 1538
INFO 2024-12-09 16:28:38,464 basehttp "GET /static/js/home.js HTTP/1.1" 304 0
INFO 2024-12-09 16:28:38,989 basehttp "GET /storeapp/ HTTP/1.1" 200 1538
WARNING 2024-12-09 16:28:39,578 log Bad Request: /storeapp/grant_permission/
WARNING 2024-12-09 16:28:39,579 basehttp "POST /storeapp/grant_permission/ HTTP/1.1" 400 49
INFO 2024-12-09 16:28:46,725 basehttp "GET /storeapp/ HTTP/1.1" 200 1538
INFO 2024-12-09 16:28:47,251 basehttp "GET /storeapp/ HTTP/1.1" 200 1538
INFO 2024-12-09 16:28:47,630 basehttp "GET /storeapp/ HTTP/1.1" 200 1538
INFO 2024-12-09 16:28:48,067 basehttp "GET /storeapp/ HTTP/1.1" 200 1538
INFO 2024-12-09 16:28:48,461 basehttp "GET /storeapp/ HTTP/1.1" 200 1538
INFO 2024-12-09 16:28:48,867 basehttp "GET /storeapp/ HTTP/1.1" 200 1538
WARNING 2024-12-09 16:28:50,144 log Bad Request: /storeapp/grant_permission/
WARNING 2024-12-09 16:28:50,144 basehttp "POST /storeapp/grant_permission/ HTTP/1.1" 400 49
INFO 2024-12-09 16:29:07,923 autoreload D:\Facultate\Django\Proiect\storeapp\views.py changed, reloading.
INFO 2024-12-09 16:29:08,390 autoreload Watching for file changes with StatReloader
INFO 2024-12-09 16:29:10,005 basehttp "GET /storeapp/ HTTP/1.1" 200 1538
INFO 2024-12-09 16:29:10,028 basehttp "GET /static/js/home.js HTTP/1.1" 304 0
INFO 2024-12-09 16:29:10,933 basehttp "GET /storeapp/ HTTP/1.1" 200 1538
INFO 2024-12-09 16:29:11,641 basehttp "GET /storeapp/ HTTP/1.1" 200 1538
WARNING 2024-12-09 16:29:12,282 log Bad Request: /storeapp/grant_permission/
WARNING 2024-12-09 16:29:12,284 basehttp "POST /storeapp/grant_permission/ HTTP/1.1" 400 49
INFO 2024-12-09 16:29:19,173 basehttp "GET /storeapp/profile/ HTTP/1.1" 200 2092
INFO 2024-12-09 16:29:20,580 basehttp "GET /storeapp/ HTTP/1.1" 200 1538
INFO 2024-12-09 16:29:21,694 basehttp "GET /storeapp/ HTTP/1.1" 200 1538
INFO 2024-12-09 16:29:22,279 basehttp "GET /storeapp/ HTTP/1.1" 200 1538
INFO 2024-12-09 16:29:22,924 basehttp "GET /storeapp/ HTTP/1.1" 200 1538
INFO 2024-12-09 16:29:23,412 basehttp "GET /storeapp/ HTTP/1.1" 200 1538
WARNING 2024-12-09 16:29:24,775 log Bad Request: /storeapp/grant_permission/
WARNING 2024-12-09 16:29:24,775 basehttp "POST /storeapp/grant_permission/ HTTP/1.1" 400 49
INFO 2024-12-09 16:30:40,735 autoreload D:\Facultate\Django\Proiect\storeapp\views.py changed, reloading.
INFO 2024-12-09 16:30:41,257 autoreload Watching for file changes with StatReloader
INFO 2024-12-09 16:30:41,440 basehttp "GET /storeapp/ HTTP/1.1" 200 1538
INFO 2024-12-09 16:30:41,464 basehttp "GET /static/js/home.js HTTP/1.1" 304 0
INFO 2024-12-09 16:30:42,995 basehttp "POST /storeapp/grant_permission/ HTTP/1.1" 200 54
INFO 2024-12-09 16:31:02,996 autoreload D:\Facultate\Django\Proiect\storeapp\views.py changed, reloading.
INFO 2024-12-09 16:31:03,588 autoreload Watching for file changes with StatReloader
INFO 2024-12-09 16:31:03,791 basehttp "GET /storeapp/ HTTP/1.1" 200 1538
INFO 2024-12-09 16:31:04,337 basehttp "GET /storeapp/ HTTP/1.1" 200 1538
INFO 2024-12-09 16:31:05,109 basehttp "GET /storeapp/ HTTP/1.1" 200 1538
INFO 2024-12-09 16:31:06,144 basehttp "GET /storeapp/ HTTP/1.1" 200 1538
INFO 2024-12-09 16:31:07,050 basehttp "GET /storeapp/ HTTP/1.1" 200 1538
INFO 2024-12-09 16:31:07,798 basehttp "POST /storeapp/grant_permission/ HTTP/1.1" 302 0
INFO 2024-12-09 16:31:07,844 basehttp "GET /storeapp/deal/ HTTP/1.1" 200 37
INFO 2024-12-09 16:31:09,028 basehttp "POST /storeapp/grant_permission/ HTTP/1.1" 302 0
INFO 2024-12-09 16:31:09,070 basehttp "GET /storeapp/deal/ HTTP/1.1" 200 37
INFO 2024-12-09 16:31:09,613 basehttp "POST /storeapp/grant_permission/ HTTP/1.1" 302 0
INFO 2024-12-09 16:31:09,655 basehttp "GET /storeapp/deal/ HTTP/1.1" 200 37
INFO 2024-12-09 16:31:09,811 basehttp "POST /storeapp/grant_permission/ HTTP/1.1" 302 0
INFO 2024-12-09 16:31:09,968 basehttp "GET /storeapp/deal/ HTTP/1.1" 200 37
INFO 2024-12-09 16:31:09,986 basehttp "POST /storeapp/grant_permission/ HTTP/1.1" 302 0
INFO 2024-12-09 16:31:10,033 basehttp "GET /storeapp/deal/ HTTP/1.1" 200 37
INFO 2024-12-09 16:31:10,918 basehttp "POST /storeapp/grant_permission/ HTTP/1.1" 302 0
INFO 2024-12-09 16:31:10,959 basehttp "GET /storeapp/deal/ HTTP/1.1" 200 37
INFO 2024-12-09 16:32:54,031 autoreload D:\Facultate\Django\Proiect\storeapp\views.py changed, reloading.
INFO 2024-12-09 16:32:54,609 autoreload Watching for file changes with StatReloader
INFO 2024-12-09 16:33:32,332 basehttp "GET /storeapp/ HTTP/1.1" 200 1538
INFO 2024-12-09 16:33:32,408 basehttp "GET /static/js/home.js HTTP/1.1" 200 1626
INFO 2024-12-09 16:33:32,975 basehttp "GET /storeapp/ HTTP/1.1" 200 1538
INFO 2024-12-09 16:33:32,997 basehttp "GET /static/js/home.js HTTP/1.1" 304 0
INFO 2024-12-09 16:33:33,503 basehttp "GET /storeapp/ HTTP/1.1" 200 1538
INFO 2024-12-09 16:33:33,526 basehttp "GET /static/js/home.js HTTP/1.1" 304 0
INFO 2024-12-09 16:33:33,920 basehttp "GET /storeapp/ HTTP/1.1" 200 1538
INFO 2024-12-09 16:33:33,948 basehttp "GET /static/js/home.js HTTP/1.1" 304 0
INFO 2024-12-09 16:33:34,343 basehttp "GET /storeapp/ HTTP/1.1" 200 1538
INFO 2024-12-09 16:33:34,364 basehttp "GET /static/js/home.js HTTP/1.1" 304 0
INFO 2024-12-09 16:33:35,102 basehttp "POST /storeapp/grant_permission/ HTTP/1.1" 200 80
WARNING 2024-12-09 16:33:36,395 log Not Found: /deal/
WARNING 2024-12-09 16:33:36,396 basehttp "GET /deal/ HTTP/1.1" 404 2510
INFO 2024-12-09 16:33:52,228 autoreload D:\Facultate\Django\Proiect\storeapp\views.py changed, reloading.
INFO 2024-12-09 16:33:52,753 autoreload Watching for file changes with StatReloader
WARNING 2024-12-09 16:33:53,909 log Not Found: /deal/
WARNING 2024-12-09 16:33:53,909 basehttp "GET /deal/ HTTP/1.1" 404 2510
WARNING 2024-12-09 16:33:55,159 log Not Found: /deal/
WARNING 2024-12-09 16:33:55,159 basehttp "GET /deal/ HTTP/1.1" 404 2510
WARNING 2024-12-09 16:33:55,757 log Not Found: /deal/
WARNING 2024-12-09 16:33:55,758 basehttp "GET /deal/ HTTP/1.1" 404 2510
WARNING 2024-12-09 16:33:56,361 log Not Found: /deal/
WARNING 2024-12-09 16:33:56,361 basehttp "GET /deal/ HTTP/1.1" 404 2510
WARNING 2024-12-09 16:33:56,572 log Not Found: /deal/
WARNING 2024-12-09 16:33:56,572 basehttp "GET /deal/ HTTP/1.1" 404 2510
WARNING 2024-12-09 16:33:56,753 log Not Found: /deal/
WARNING 2024-12-09 16:33:56,754 basehttp "GET /deal/ HTTP/1.1" 404 2510
WARNING 2024-12-09 16:33:56,912 log Not Found: /deal/
WARNING 2024-12-09 16:33:56,913 basehttp "GET /deal/ HTTP/1.1" 404 2510
INFO 2024-12-09 16:34:03,256 autoreload D:\Facultate\Django\Proiect\storeapp\views.py changed, reloading.
INFO 2024-12-09 16:34:03,720 autoreload Watching for file changes with StatReloader
INFO 2024-12-09 16:34:05,082 autoreload D:\Facultate\Django\Proiect\storeapp\views.py changed, reloading.
INFO 2024-12-09 16:34:05,600 autoreload Watching for file changes with StatReloader
WARNING 2024-12-09 16:34:05,808 log Not Found: /deal/
WARNING 2024-12-09 16:34:05,809 basehttp "GET /deal/ HTTP/1.1" 404 2510
WARNING 2024-12-09 16:34:13,024 log Not Found: /deal/
WARNING 2024-12-09 16:34:13,024 basehttp "GET /deal/ HTTP/1.1" 404 2510
WARNING 2024-12-09 16:34:16,581 log Not Found: /deal/
WARNING 2024-12-09 16:34:16,582 basehttp "GET /deal/ HTTP/1.1" 404 2510
INFO 2024-12-09 16:34:23,346 autoreload D:\Facultate\Django\Proiect\storeapp\views.py changed, reloading.
INFO 2024-12-09 16:34:23,820 autoreload Watching for file changes with StatReloader
WARNING 2024-12-09 16:34:25,743 log Not Found: /deal/
WARNING 2024-12-09 16:34:25,743 basehttp "GET /deal/ HTTP/1.1" 404 2510
WARNING 2024-12-09 16:34:26,188 log Not Found: /deal/
WARNING 2024-12-09 16:34:26,188 basehttp "GET /deal/ HTTP/1.1" 404 2510
INFO 2024-12-09 16:35:08,068 autoreload D:\Facultate\Django\Proiect\storeapp\views.py changed, reloading.
INFO 2024-12-09 16:35:08,543 autoreload Watching for file changes with StatReloader
WARNING 2024-12-09 16:35:09,562 log Not Found: /deal/
WARNING 2024-12-09 16:35:09,562 basehttp "GET /deal/ HTTP/1.1" 404 2510
WARNING 2024-12-09 16:35:10,899 log Not Found: /deal/
WARNING 2024-12-09 16:35:10,900 basehttp "GET /deal/ HTTP/1.1" 404 2510
WARNING 2024-12-09 16:35:11,170 log Not Found: /deal/
WARNING 2024-12-09 16:35:11,171 basehttp "GET /deal/ HTTP/1.1" 404 2510
WARNING 2024-12-09 16:35:11,347 log Not Found: /deal/
WARNING 2024-12-09 16:35:11,348 basehttp "GET /deal/ HTTP/1.1" 404 2510
WARNING 2024-12-09 16:35:11,517 log Not Found: /deal/
WARNING 2024-12-09 16:35:11,517 basehttp "GET /deal/ HTTP/1.1" 404 2510
WARNING 2024-12-09 16:35:11,700 log Not Found: /deal/
WARNING 2024-12-09 16:35:11,701 basehttp "GET /deal/ HTTP/1.1" 404 2510
INFO 2024-12-09 16:35:13,958 basehttp "POST /storeapp/grant_permission/ HTTP/1.1" 200 84
INFO 2024-12-09 16:35:15,119 basehttp "GET /storeapp/ HTTP/1.1" 200 1538
INFO 2024-12-09 16:35:15,199 basehttp "GET /static/js/home.js HTTP/1.1" 200 1615
INFO 2024-12-09 16:35:20,187 autoreload D:\Facultate\Django\Proiect\storeapp\views.py changed, reloading.
INFO 2024-12-09 16:35:20,814 autoreload Watching for file changes with StatReloader
INFO 2024-12-09 16:35:21,423 basehttp "GET /storeapp/ HTTP/1.1" 200 1538
INFO 2024-12-09 16:35:21,445 basehttp "GET /static/js/home.js HTTP/1.1" 304 0
INFO 2024-12-09 16:35:22,251 basehttp "POST /storeapp/grant_permission/ HTTP/1.1" 200 89
INFO 2024-12-09 16:35:23,158 basehttp "GET /storeapp/deal/ HTTP/1.1" 200 37
INFO 2024-12-09 16:35:32,335 autoreload D:\Facultate\Django\Proiect\storeapp\views.py changed, reloading.
INFO 2024-12-09 16:35:32,818 autoreload Watching for file changes with StatReloader
INFO 2024-12-09 16:35:33,999 basehttp "POST /storeapp/grant_permission/ HTTP/1.1" 200 79
INFO 2024-12-09 16:35:35,047 basehttp "GET /storeapp/deal/ HTTP/1.1" 200 37
INFO 2024-12-09 16:35:55,554 autoreload D:\Facultate\Django\Proiect\storeapp\views.py changed, reloading.
INFO 2024-12-09 16:35:56,042 autoreload Watching for file changes with StatReloader
INFO 2024-12-09 16:35:56,567 basehttp "GET /storeapp/ HTTP/1.1" 200 1538
INFO 2024-12-09 16:35:56,591 basehttp "GET /static/js/home.js HTTP/1.1" 304 0
INFO 2024-12-09 16:35:57,047 basehttp "GET /storeapp/ HTTP/1.1" 200 1538
INFO 2024-12-09 16:35:57,755 basehttp "GET /storeapp/ HTTP/1.1" 200 1538
INFO 2024-12-09 16:35:58,341 basehttp "POST /storeapp/grant_permission/ HTTP/1.1" 200 94
INFO 2024-12-09 16:36:02,177 basehttp "GET /storeapp/deal/ HTTP/1.1" 200 37
INFO 2024-12-09 16:37:22,098 autoreload D:\Facultate\Django\Proiect\storeapp\views.py changed, reloading.
INFO 2024-12-09 16:37:22,553 autoreload Watching for file changes with StatReloader
INFO 2024-12-09 16:37:28,998 autoreload D:\Facultate\Django\Proiect\storeapp\views.py changed, reloading.
INFO 2024-12-09 16:37:29,465 autoreload Watching for file changes with StatReloader
INFO 2024-12-09 16:37:42,012 autoreload D:\Facultate\Django\Proiect\storeapp\views.py changed, reloading.
INFO 2024-12-09 16:37:42,478 autoreload Watching for file changes with StatReloader
INFO 2024-12-09 16:39:12,448 autoreload D:\Facultate\Django\Proiect\storeapp\views.py changed, reloading.
INFO 2024-12-09 16:39:12,928 autoreload Watching for file changes with StatReloader
INFO 2024-12-09 16:39:22,415 autoreload D:\Facultate\Django\Proiect\storeapp\views.py changed, reloading.
INFO 2024-12-09 16:39:22,911 autoreload Watching for file changes with StatReloader
INFO 2024-12-09 16:44:30,384 autoreload D:\Facultate\Django\Proiect\storeapp\views.py changed, reloading.
INFO 2024-12-09 16:44:30,856 autoreload Watching for file changes with StatReloader
INFO 2024-12-09 16:44:38,284 basehttp "GET /storeapp/profile/ HTTP/1.1" 200 2092
INFO 2024-12-09 16:44:39,527 views Logout view accessed
ERROR 2024-12-09 16:44:39,606 log Internal Server Error: /storeapp/logout/
Traceback (most recent call last):
  File "D:\-_SHv_4lM\Lib\site-packages\django\core\handlers\exception.py", line 55, in inner
    response = get_response(request)
               ^^^^^^^^^^^^^^^^^^^^^
  File "D:\-_SHv_4lM\Lib\site-packages\django\core\handlers\base.py", line 197, in _get_response
    response = wrapped_callback(request, *callback_args, **callback_kwargs)
               ^^^^^^^^^^^^^^^^^^^^^^^^^^^^^^^^^^^^^^^^^^^^^^^^^^^^^^^^^^^^
  File "D:\facultate\django\proiect\storeapp\views.py", line 211, in logout_view
    user = CustomUser.objects.get(username=user['username'])
                                           ~~~~^^^^^^^^^^^^
  File "D:\-_SHv_4lM\Lib\site-packages\django\utils\functional.py", line 253, in inner
    return func(_wrapped, *args)
           ^^^^^^^^^^^^^^^^^^^^^
TypeError: 'CustomUser' object is not subscriptable
ERROR 2024-12-09 16:44:39,609 basehttp "GET /storeapp/logout/ HTTP/1.1" 500 74841
INFO 2024-12-09 16:45:22,538 autoreload D:\Facultate\Django\Proiect\storeapp\views.py changed, reloading.
INFO 2024-12-09 16:45:23,005 autoreload Watching for file changes with StatReloader
INFO 2024-12-09 16:45:25,954 views Logout view accessed
INFO 2024-12-09 16:45:26,007 basehttp "GET /storeapp/logout/ HTTP/1.1" 302 0
INFO 2024-12-09 16:45:26,016 basehttp "GET /storeapp/ HTTP/1.1" 200 1358
INFO 2024-12-09 16:45:26,042 basehttp "GET /static/js/home.js HTTP/1.1" 304 0
INFO 2024-12-09 16:45:57,056 autoreload D:\Facultate\Django\Proiect\storeapp\views.py changed, reloading.
INFO 2024-12-09 16:45:57,516 autoreload Watching for file changes with StatReloader
INFO 2024-12-09 16:46:09,032 autoreload D:\Facultate\Django\Proiect\storeapp\views.py changed, reloading.
INFO 2024-12-09 16:46:09,494 autoreload Watching for file changes with StatReloader
INFO 2024-12-09 16:46:11,954 basehttp "GET /storeapp/profile/ HTTP/1.1" 302 0
INFO 2024-12-09 16:46:11,964 basehttp "GET /storeapp/login/ HTTP/1.1" 200 2129
INFO 2024-12-09 16:46:13,246 basehttp "POST /storeapp/login/ HTTP/1.1" 302 0
INFO 2024-12-09 16:46:13,297 basehttp "GET /storeapp/profile/ HTTP/1.1" 200 2092
INFO 2024-12-09 16:46:14,719 basehttp "GET /storeapp/ HTTP/1.1" 200 1538
INFO 2024-12-09 16:46:16,036 basehttp "GET /storeapp/ HTTP/1.1" 200 1538
INFO 2024-12-09 16:46:17,241 basehttp "POST /storeapp/grant_permission/ HTTP/1.1" 200 94
ERROR 2024-12-09 16:46:18,401 log Internal Server Error: /storeapp/deal/
Traceback (most recent call last):
  File "D:\-_SHv_4lM\Lib\site-packages\django\core\handlers\exception.py", line 55, in inner
    response = get_response(request)
               ^^^^^^^^^^^^^^^^^^^^^
  File "D:\-_SHv_4lM\Lib\site-packages\django\core\handlers\base.py", line 197, in _get_response
    response = wrapped_callback(request, *callback_args, **callback_kwargs)
               ^^^^^^^^^^^^^^^^^^^^^^^^^^^^^^^^^^^^^^^^^^^^^^^^^^^^^^^^^^^^
  File "D:\facultate\django\proiect\storeapp\views.py", line 327, in deal
    random_code = register_view.generate_random_code(length=5)
                  ^^^^^^^^^^^^^^^^^^^^^^^^^^^^^^^^^^
AttributeError: 'function' object has no attribute 'generate_random_code'
ERROR 2024-12-09 16:46:18,406 basehttp "GET /storeapp/deal/ HTTP/1.1" 500 70850
INFO 2024-12-09 16:46:43,101 autoreload D:\Facultate\Django\Proiect\storeapp\views.py changed, reloading.
INFO 2024-12-09 16:46:43,579 autoreload Watching for file changes with StatReloader
ERROR 2024-12-09 16:46:44,273 log Internal Server Error: /storeapp/deal/
Traceback (most recent call last):
  File "D:\-_SHv_4lM\Lib\site-packages\django\db\backends\utils.py", line 105, in _execute
    return self.cursor.execute(sql, params)
           ^^^^^^^^^^^^^^^^^^^^^^^^^^^^^^^^
psycopg2.errors.StringDataRightTruncation: value too long for type character varying(20)


The above exception was the direct cause of the following exception:

Traceback (most recent call last):
  File "D:\-_SHv_4lM\Lib\site-packages\django\core\handlers\exception.py", line 55, in inner
    response = get_response(request)
               ^^^^^^^^^^^^^^^^^^^^^
  File "D:\-_SHv_4lM\Lib\site-packages\django\core\handlers\base.py", line 197, in _get_response
    response = wrapped_callback(request, *callback_args, **callback_kwargs)
               ^^^^^^^^^^^^^^^^^^^^^^^^^^^^^^^^^^^^^^^^^^^^^^^^^^^^^^^^^^^^
  File "D:\facultate\django\proiect\storeapp\views.py", line 328, in deal
    Discount.objects.create(code=random_code, rate=50, expiration_date=datetime.date.today() + datetime.timedelta(days=7))
  File "D:\-_SHv_4lM\Lib\site-packages\django\db\models\manager.py", line 87, in manager_method
    return getattr(self.get_queryset(), name)(*args, **kwargs)
           ^^^^^^^^^^^^^^^^^^^^^^^^^^^^^^^^^^^^^^^^^^^^^^^^^^^
  File "D:\-_SHv_4lM\Lib\site-packages\django\db\models\query.py", line 679, in create
    obj.save(force_insert=True, using=self.db)
  File "D:\-_SHv_4lM\Lib\site-packages\django\db\models\base.py", line 891, in save
    self.save_base(
  File "D:\-_SHv_4lM\Lib\site-packages\django\db\models\base.py", line 997, in save_base
    updated = self._save_table(
              ^^^^^^^^^^^^^^^^^
  File "D:\-_SHv_4lM\Lib\site-packages\django\db\models\base.py", line 1160, in _save_table
    results = self._do_insert(
              ^^^^^^^^^^^^^^^^
  File "D:\-_SHv_4lM\Lib\site-packages\django\db\models\base.py", line 1201, in _do_insert
    return manager._insert(
           ^^^^^^^^^^^^^^^^
  File "D:\-_SHv_4lM\Lib\site-packages\django\db\models\manager.py", line 87, in manager_method
    return getattr(self.get_queryset(), name)(*args, **kwargs)
           ^^^^^^^^^^^^^^^^^^^^^^^^^^^^^^^^^^^^^^^^^^^^^^^^^^^
  File "D:\-_SHv_4lM\Lib\site-packages\django\db\models\query.py", line 1847, in _insert
    return query.get_compiler(using=using).execute_sql(returning_fields)
           ^^^^^^^^^^^^^^^^^^^^^^^^^^^^^^^^^^^^^^^^^^^^^^^^^^^^^^^^^^^^^
  File "D:\-_SHv_4lM\Lib\site-packages\django\db\models\sql\compiler.py", line 1836, in execute_sql
    cursor.execute(sql, params)
  File "D:\-_SHv_4lM\Lib\site-packages\django\db\backends\utils.py", line 122, in execute
    return super().execute(sql, params)
           ^^^^^^^^^^^^^^^^^^^^^^^^^^^^
  File "D:\-_SHv_4lM\Lib\site-packages\django\db\backends\utils.py", line 79, in execute
    return self._execute_with_wrappers(
           ^^^^^^^^^^^^^^^^^^^^^^^^^^^^
  File "D:\-_SHv_4lM\Lib\site-packages\django\db\backends\utils.py", line 92, in _execute_with_wrappers
    return executor(sql, params, many, context)
           ^^^^^^^^^^^^^^^^^^^^^^^^^^^^^^^^^^^^
  File "D:\-_SHv_4lM\Lib\site-packages\django\db\backends\utils.py", line 100, in _execute
    with self.db.wrap_database_errors:
         ^^^^^^^^^^^^^^^^^^^^^^^^^^^^
  File "D:\-_SHv_4lM\Lib\site-packages\django\db\utils.py", line 91, in __exit__
    raise dj_exc_value.with_traceback(traceback) from exc_value
  File "D:\-_SHv_4lM\Lib\site-packages\django\db\backends\utils.py", line 105, in _execute
    return self.cursor.execute(sql, params)
           ^^^^^^^^^^^^^^^^^^^^^^^^^^^^^^^^
django.db.utils.DataError: value too long for type character varying(20)

ERROR 2024-12-09 16:46:44,278 basehttp "GET /storeapp/deal/ HTTP/1.1" 500 151092
ERROR 2024-12-09 16:46:45,404 log Internal Server Error: /storeapp/deal/
Traceback (most recent call last):
  File "D:\-_SHv_4lM\Lib\site-packages\django\db\backends\utils.py", line 105, in _execute
    return self.cursor.execute(sql, params)
           ^^^^^^^^^^^^^^^^^^^^^^^^^^^^^^^^
psycopg2.errors.StringDataRightTruncation: value too long for type character varying(20)


The above exception was the direct cause of the following exception:

Traceback (most recent call last):
  File "D:\-_SHv_4lM\Lib\site-packages\django\core\handlers\exception.py", line 55, in inner
    response = get_response(request)
               ^^^^^^^^^^^^^^^^^^^^^
  File "D:\-_SHv_4lM\Lib\site-packages\django\core\handlers\base.py", line 197, in _get_response
    response = wrapped_callback(request, *callback_args, **callback_kwargs)
               ^^^^^^^^^^^^^^^^^^^^^^^^^^^^^^^^^^^^^^^^^^^^^^^^^^^^^^^^^^^^
  File "D:\facultate\django\proiect\storeapp\views.py", line 328, in deal
    Discount.objects.create(code=random_code, rate=50, expiration_date=datetime.date.today() + datetime.timedelta(days=7))
  File "D:\-_SHv_4lM\Lib\site-packages\django\db\models\manager.py", line 87, in manager_method
    return getattr(self.get_queryset(), name)(*args, **kwargs)
           ^^^^^^^^^^^^^^^^^^^^^^^^^^^^^^^^^^^^^^^^^^^^^^^^^^^
  File "D:\-_SHv_4lM\Lib\site-packages\django\db\models\query.py", line 679, in create
    obj.save(force_insert=True, using=self.db)
  File "D:\-_SHv_4lM\Lib\site-packages\django\db\models\base.py", line 891, in save
    self.save_base(
  File "D:\-_SHv_4lM\Lib\site-packages\django\db\models\base.py", line 997, in save_base
    updated = self._save_table(
              ^^^^^^^^^^^^^^^^^
  File "D:\-_SHv_4lM\Lib\site-packages\django\db\models\base.py", line 1160, in _save_table
    results = self._do_insert(
              ^^^^^^^^^^^^^^^^
  File "D:\-_SHv_4lM\Lib\site-packages\django\db\models\base.py", line 1201, in _do_insert
    return manager._insert(
           ^^^^^^^^^^^^^^^^
  File "D:\-_SHv_4lM\Lib\site-packages\django\db\models\manager.py", line 87, in manager_method
    return getattr(self.get_queryset(), name)(*args, **kwargs)
           ^^^^^^^^^^^^^^^^^^^^^^^^^^^^^^^^^^^^^^^^^^^^^^^^^^^
  File "D:\-_SHv_4lM\Lib\site-packages\django\db\models\query.py", line 1847, in _insert
    return query.get_compiler(using=using).execute_sql(returning_fields)
           ^^^^^^^^^^^^^^^^^^^^^^^^^^^^^^^^^^^^^^^^^^^^^^^^^^^^^^^^^^^^^
  File "D:\-_SHv_4lM\Lib\site-packages\django\db\models\sql\compiler.py", line 1836, in execute_sql
    cursor.execute(sql, params)
  File "D:\-_SHv_4lM\Lib\site-packages\django\db\backends\utils.py", line 122, in execute
    return super().execute(sql, params)
           ^^^^^^^^^^^^^^^^^^^^^^^^^^^^
  File "D:\-_SHv_4lM\Lib\site-packages\django\db\backends\utils.py", line 79, in execute
    return self._execute_with_wrappers(
           ^^^^^^^^^^^^^^^^^^^^^^^^^^^^
  File "D:\-_SHv_4lM\Lib\site-packages\django\db\backends\utils.py", line 92, in _execute_with_wrappers
    return executor(sql, params, many, context)
           ^^^^^^^^^^^^^^^^^^^^^^^^^^^^^^^^^^^^
  File "D:\-_SHv_4lM\Lib\site-packages\django\db\backends\utils.py", line 100, in _execute
    with self.db.wrap_database_errors:
         ^^^^^^^^^^^^^^^^^^^^^^^^^^^^
  File "D:\-_SHv_4lM\Lib\site-packages\django\db\utils.py", line 91, in __exit__
    raise dj_exc_value.with_traceback(traceback) from exc_value
  File "D:\-_SHv_4lM\Lib\site-packages\django\db\backends\utils.py", line 105, in _execute
    return self.cursor.execute(sql, params)
           ^^^^^^^^^^^^^^^^^^^^^^^^^^^^^^^^
django.db.utils.DataError: value too long for type character varying(20)

ERROR 2024-12-09 16:46:45,408 basehttp "GET /storeapp/deal/ HTTP/1.1" 500 151092
INFO 2024-12-09 16:47:40,075 autoreload D:\Facultate\Django\Proiect\storeapp\models.py changed, reloading.
INFO 2024-12-09 16:47:40,599 autoreload Watching for file changes with StatReloader
INFO 2024-12-09 16:48:07,405 autoreload D:\Facultate\Django\Proiect\storeapp\views.py changed, reloading.
INFO 2024-12-09 16:48:07,873 autoreload Watching for file changes with StatReloader
INFO 2024-12-09 16:48:13,318 autoreload D:\Facultate\Django\Proiect\storeapp\views.py changed, reloading.
INFO 2024-12-09 16:48:13,795 autoreload Watching for file changes with StatReloader
ERROR 2024-12-09 16:48:14,325 log Internal Server Error: /storeapp/deal/
Traceback (most recent call last):
  File "D:\-_SHv_4lM\Lib\site-packages\django\db\backends\utils.py", line 105, in _execute
    return self.cursor.execute(sql, params)
           ^^^^^^^^^^^^^^^^^^^^^^^^^^^^^^^^
psycopg2.errors.UniqueViolation: duplicate key value violates unique constraint "storeapp_discount_pkey"
DETAIL:  Key (discount_id)=(1) already exists.


The above exception was the direct cause of the following exception:

Traceback (most recent call last):
  File "D:\-_SHv_4lM\Lib\site-packages\django\core\handlers\exception.py", line 55, in inner
    response = get_response(request)
               ^^^^^^^^^^^^^^^^^^^^^
  File "D:\-_SHv_4lM\Lib\site-packages\django\core\handlers\base.py", line 197, in _get_response
    response = wrapped_callback(request, *callback_args, **callback_kwargs)
               ^^^^^^^^^^^^^^^^^^^^^^^^^^^^^^^^^^^^^^^^^^^^^^^^^^^^^^^^^^^^
  File "D:\facultate\django\proiect\storeapp\views.py", line 329, in deal
    Discount.objects.create(code=random_code, rate=50, expiration_date=datetime.date.today() + datetime.timedelta(days=7))
  File "D:\-_SHv_4lM\Lib\site-packages\django\db\models\manager.py", line 87, in manager_method
    return getattr(self.get_queryset(), name)(*args, **kwargs)
           ^^^^^^^^^^^^^^^^^^^^^^^^^^^^^^^^^^^^^^^^^^^^^^^^^^^
  File "D:\-_SHv_4lM\Lib\site-packages\django\db\models\query.py", line 679, in create
    obj.save(force_insert=True, using=self.db)
  File "D:\-_SHv_4lM\Lib\site-packages\django\db\models\base.py", line 891, in save
    self.save_base(
  File "D:\-_SHv_4lM\Lib\site-packages\django\db\models\base.py", line 997, in save_base
    updated = self._save_table(
              ^^^^^^^^^^^^^^^^^
  File "D:\-_SHv_4lM\Lib\site-packages\django\db\models\base.py", line 1160, in _save_table
    results = self._do_insert(
              ^^^^^^^^^^^^^^^^
  File "D:\-_SHv_4lM\Lib\site-packages\django\db\models\base.py", line 1201, in _do_insert
    return manager._insert(
           ^^^^^^^^^^^^^^^^
  File "D:\-_SHv_4lM\Lib\site-packages\django\db\models\manager.py", line 87, in manager_method
    return getattr(self.get_queryset(), name)(*args, **kwargs)
           ^^^^^^^^^^^^^^^^^^^^^^^^^^^^^^^^^^^^^^^^^^^^^^^^^^^
  File "D:\-_SHv_4lM\Lib\site-packages\django\db\models\query.py", line 1847, in _insert
    return query.get_compiler(using=using).execute_sql(returning_fields)
           ^^^^^^^^^^^^^^^^^^^^^^^^^^^^^^^^^^^^^^^^^^^^^^^^^^^^^^^^^^^^^
  File "D:\-_SHv_4lM\Lib\site-packages\django\db\models\sql\compiler.py", line 1836, in execute_sql
    cursor.execute(sql, params)
  File "D:\-_SHv_4lM\Lib\site-packages\django\db\backends\utils.py", line 122, in execute
    return super().execute(sql, params)
           ^^^^^^^^^^^^^^^^^^^^^^^^^^^^
  File "D:\-_SHv_4lM\Lib\site-packages\django\db\backends\utils.py", line 79, in execute
    return self._execute_with_wrappers(
           ^^^^^^^^^^^^^^^^^^^^^^^^^^^^
  File "D:\-_SHv_4lM\Lib\site-packages\django\db\backends\utils.py", line 92, in _execute_with_wrappers
    return executor(sql, params, many, context)
           ^^^^^^^^^^^^^^^^^^^^^^^^^^^^^^^^^^^^
  File "D:\-_SHv_4lM\Lib\site-packages\django\db\backends\utils.py", line 100, in _execute
    with self.db.wrap_database_errors:
         ^^^^^^^^^^^^^^^^^^^^^^^^^^^^
  File "D:\-_SHv_4lM\Lib\site-packages\django\db\utils.py", line 91, in __exit__
    raise dj_exc_value.with_traceback(traceback) from exc_value
  File "D:\-_SHv_4lM\Lib\site-packages\django\db\backends\utils.py", line 105, in _execute
    return self.cursor.execute(sql, params)
           ^^^^^^^^^^^^^^^^^^^^^^^^^^^^^^^^
django.db.utils.IntegrityError: duplicate key value violates unique constraint "storeapp_discount_pkey"
DETAIL:  Key (discount_id)=(1) already exists.

ERROR 2024-12-09 16:48:14,330 basehttp "GET /storeapp/deal/ HTTP/1.1" 500 150634
INFO 2024-12-09 16:48:45,715 autoreload D:\Facultate\Django\Proiect\storeapp\views.py changed, reloading.
INFO 2024-12-09 16:48:46,186 autoreload Watching for file changes with StatReloader
INFO 2024-12-09 16:49:14,030 autoreload D:\Facultate\Django\Proiect\storeapp\views.py changed, reloading.
INFO 2024-12-09 16:49:14,493 autoreload Watching for file changes with StatReloader
ERROR 2024-12-09 16:49:17,036 log Internal Server Error: /storeapp/deal/
Traceback (most recent call last):
  File "D:\-_SHv_4lM\Lib\site-packages\django\db\backends\utils.py", line 105, in _execute
    return self.cursor.execute(sql, params)
           ^^^^^^^^^^^^^^^^^^^^^^^^^^^^^^^^
psycopg2.errors.UniqueViolation: duplicate key value violates unique constraint "storeapp_discount_pkey"
DETAIL:  Key (discount_id)=(2) already exists.


The above exception was the direct cause of the following exception:

Traceback (most recent call last):
  File "D:\-_SHv_4lM\Lib\site-packages\django\core\handlers\exception.py", line 55, in inner
    response = get_response(request)
               ^^^^^^^^^^^^^^^^^^^^^
  File "D:\-_SHv_4lM\Lib\site-packages\django\core\handlers\base.py", line 197, in _get_response
    response = wrapped_callback(request, *callback_args, **callback_kwargs)
               ^^^^^^^^^^^^^^^^^^^^^^^^^^^^^^^^^^^^^^^^^^^^^^^^^^^^^^^^^^^^
  File "D:\facultate\django\proiect\storeapp\views.py", line 329, in deal
    Discount.objects.create(code=random_code, rate=50, expiration_date=datetime.date.today() + datetime.timedelta(days=7))
  File "D:\-_SHv_4lM\Lib\site-packages\django\db\models\manager.py", line 87, in manager_method
    return getattr(self.get_queryset(), name)(*args, **kwargs)
           ^^^^^^^^^^^^^^^^^^^^^^^^^^^^^^^^^^^^^^^^^^^^^^^^^^^
  File "D:\-_SHv_4lM\Lib\site-packages\django\db\models\query.py", line 679, in create
    obj.save(force_insert=True, using=self.db)
  File "D:\-_SHv_4lM\Lib\site-packages\django\db\models\base.py", line 891, in save
    self.save_base(
  File "D:\-_SHv_4lM\Lib\site-packages\django\db\models\base.py", line 997, in save_base
    updated = self._save_table(
              ^^^^^^^^^^^^^^^^^
  File "D:\-_SHv_4lM\Lib\site-packages\django\db\models\base.py", line 1160, in _save_table
    results = self._do_insert(
              ^^^^^^^^^^^^^^^^
  File "D:\-_SHv_4lM\Lib\site-packages\django\db\models\base.py", line 1201, in _do_insert
    return manager._insert(
           ^^^^^^^^^^^^^^^^
  File "D:\-_SHv_4lM\Lib\site-packages\django\db\models\manager.py", line 87, in manager_method
    return getattr(self.get_queryset(), name)(*args, **kwargs)
           ^^^^^^^^^^^^^^^^^^^^^^^^^^^^^^^^^^^^^^^^^^^^^^^^^^^
  File "D:\-_SHv_4lM\Lib\site-packages\django\db\models\query.py", line 1847, in _insert
    return query.get_compiler(using=using).execute_sql(returning_fields)
           ^^^^^^^^^^^^^^^^^^^^^^^^^^^^^^^^^^^^^^^^^^^^^^^^^^^^^^^^^^^^^
  File "D:\-_SHv_4lM\Lib\site-packages\django\db\models\sql\compiler.py", line 1836, in execute_sql
    cursor.execute(sql, params)
  File "D:\-_SHv_4lM\Lib\site-packages\django\db\backends\utils.py", line 122, in execute
    return super().execute(sql, params)
           ^^^^^^^^^^^^^^^^^^^^^^^^^^^^
  File "D:\-_SHv_4lM\Lib\site-packages\django\db\backends\utils.py", line 79, in execute
    return self._execute_with_wrappers(
           ^^^^^^^^^^^^^^^^^^^^^^^^^^^^
  File "D:\-_SHv_4lM\Lib\site-packages\django\db\backends\utils.py", line 92, in _execute_with_wrappers
    return executor(sql, params, many, context)
           ^^^^^^^^^^^^^^^^^^^^^^^^^^^^^^^^^^^^
  File "D:\-_SHv_4lM\Lib\site-packages\django\db\backends\utils.py", line 100, in _execute
    with self.db.wrap_database_errors:
         ^^^^^^^^^^^^^^^^^^^^^^^^^^^^
  File "D:\-_SHv_4lM\Lib\site-packages\django\db\utils.py", line 91, in __exit__
    raise dj_exc_value.with_traceback(traceback) from exc_value
  File "D:\-_SHv_4lM\Lib\site-packages\django\db\backends\utils.py", line 105, in _execute
    return self.cursor.execute(sql, params)
           ^^^^^^^^^^^^^^^^^^^^^^^^^^^^^^^^
django.db.utils.IntegrityError: duplicate key value violates unique constraint "storeapp_discount_pkey"
DETAIL:  Key (discount_id)=(2) already exists.

ERROR 2024-12-09 16:49:17,041 basehttp "GET /storeapp/deal/ HTTP/1.1" 500 150634
INFO 2024-12-09 16:49:20,359 basehttp "POST /storeapp/grant_permission/ HTTP/1.1" 200 94
INFO 2024-12-09 16:49:21,244 basehttp "GET /storeapp/deal/ HTTP/1.1" 200 30
INFO 2024-12-09 16:49:27,542 basehttp "GET /storeapp/profile/ HTTP/1.1" 200 2092
INFO 2024-12-09 16:49:28,609 views Logout view accessed
INFO 2024-12-09 16:49:28,771 basehttp "GET /storeapp/logout/ HTTP/1.1" 302 0
INFO 2024-12-09 16:49:28,778 basehttp "GET /storeapp/ HTTP/1.1" 200 1358
INFO 2024-12-09 16:49:28,798 basehttp "GET /static/js/home.js HTTP/1.1" 304 0
INFO 2024-12-09 16:49:42,880 autoreload D:\Facultate\Django\Proiect\storeapp\views.py changed, reloading.
INFO 2024-12-09 16:49:43,354 autoreload Watching for file changes with StatReloader
INFO 2024-12-09 16:51:14,546 autoreload D:\Facultate\Django\Proiect\storeapp\views.py changed, reloading.
INFO 2024-12-09 16:51:15,053 autoreload Watching for file changes with StatReloader
INFO 2024-12-09 16:51:18,744 basehttp "GET /storeapp/profile/ HTTP/1.1" 302 0
INFO 2024-12-09 16:51:18,754 basehttp "GET /storeapp/login/ HTTP/1.1" 200 2129
INFO 2024-12-09 16:51:19,989 basehttp "GET /storeapp/ HTTP/1.1" 200 1358
INFO 2024-12-09 16:51:20,019 basehttp "GET /static/js/home.js HTTP/1.1" 304 0
WARNING 2024-12-09 16:51:22,312 log Forbidden: /storeapp/deal/
WARNING 2024-12-09 16:51:22,312 basehttp "GET /storeapp/deal/ HTTP/1.1" 403 728
INFO 2024-12-09 16:51:44,260 autoreload D:\Facultate\Django\Proiect\storeapp\views.py changed, reloading.
INFO 2024-12-09 16:51:44,765 autoreload Watching for file changes with StatReloader
WARNING 2024-12-09 16:51:46,309 log Forbidden: /storeapp/deal/
WARNING 2024-12-09 16:51:46,309 basehttp "GET /storeapp/deal/ HTTP/1.1" 403 720
INFO 2024-12-09 16:52:31,380 autoreload D:\Facultate\Django\Proiect\storeapp\views.py changed, reloading.
INFO 2024-12-09 16:52:31,852 autoreload Watching for file changes with StatReloader
INFO 2024-12-09 16:53:00,682 basehttp "GET /storeapp/profile/ HTTP/1.1" 302 0
INFO 2024-12-09 16:53:00,695 basehttp "GET /storeapp/login/ HTTP/1.1" 200 2129
INFO 2024-12-10 13:48:03,494 autoreload Watching for file changes with StatReloader
WARNING 2024-12-10 13:48:12,697 log Not Found: /
WARNING 2024-12-10 13:48:12,698 basehttp "GET / HTTP/1.1" 404 2477
WARNING 2024-12-10 13:48:12,764 log Not Found: /favicon.ico
WARNING 2024-12-10 13:48:12,764 basehttp "GET /favicon.ico HTTP/1.1" 404 2528
INFO 2024-12-10 13:48:16,353 basehttp "GET /storeapp HTTP/1.1" 301 0
INFO 2024-12-10 13:48:16,399 basehttp "GET /storeapp/ HTTP/1.1" 200 1358
INFO 2024-12-10 13:48:16,481 basehttp "GET /static/js/home.js HTTP/1.1" 200 1615
INFO 2024-12-10 13:48:32,285 basehttp "GET /storeapp/profile/ HTTP/1.1" 302 0
INFO 2024-12-10 13:48:32,327 basehttp "GET /storeapp/login/ HTTP/1.1" 200 2129
INFO 2024-12-10 13:48:33,260 basehttp "GET /storeapp/ HTTP/1.1" 200 1358
INFO 2024-12-10 13:48:33,898 basehttp "GET /storeapp/ HTTP/1.1" 200 1358
INFO 2024-12-10 13:48:34,330 basehttp "GET /storeapp/ HTTP/1.1" 200 1358
INFO 2024-12-10 13:48:34,632 basehttp "GET /storeapp/ HTTP/1.1" 200 1358
INFO 2024-12-10 13:48:34,866 basehttp "GET /storeapp/ HTTP/1.1" 200 1358
INFO 2024-12-10 13:48:35,087 basehttp "GET /storeapp/ HTTP/1.1" 200 1358
INFO 2024-12-10 13:48:35,287 basehttp "GET /storeapp/ HTTP/1.1" 200 1358
INFO 2024-12-10 13:48:35,506 basehttp "GET /storeapp/ HTTP/1.1" 200 1358
INFO 2024-12-10 13:48:35,687 basehttp "GET /storeapp/ HTTP/1.1" 200 1358
INFO 2024-12-10 13:48:35,879 basehttp "GET /storeapp/ HTTP/1.1" 200 1358
INFO 2024-12-10 13:48:36,063 basehttp "GET /storeapp/ HTTP/1.1" 200 1358
INFO 2024-12-10 13:48:36,232 basehttp "GET /storeapp/ HTTP/1.1" 200 1358
INFO 2024-12-10 13:48:36,405 basehttp "GET /storeapp/ HTTP/1.1" 200 1358
INFO 2024-12-10 13:48:37,200 basehttp "GET /storeapp/profile/ HTTP/1.1" 302 0
INFO 2024-12-10 13:48:37,218 basehttp "GET /storeapp/login/ HTTP/1.1" 200 2129
INFO 2024-12-10 13:48:40,012 basehttp "POST /storeapp/login/ HTTP/1.1" 302 0
INFO 2024-12-10 13:48:40,019 basehttp "GET /storeapp/login/ HTTP/1.1" 200 2283
INFO 2024-12-10 13:49:29,496 basehttp "POST /storeapp/login/ HTTP/1.1" 302 0
INFO 2024-12-10 13:49:29,581 basehttp "GET /storeapp/profile/ HTTP/1.1" 200 2102
INFO 2024-12-10 13:49:33,875 basehttp "GET /storeapp/edit_profile/ HTTP/1.1" 200 3172
INFO 2024-12-10 13:49:47,029 basehttp "POST /storeapp/edit_profile/ HTTP/1.1" 302 0
INFO 2024-12-10 13:49:47,073 basehttp "GET /storeapp/profile/ HTTP/1.1" 200 2160
INFO 2024-12-10 13:49:47,110 basehttp "GET /media/profile_pictures/what-car-does-sam-sulek-drive-v0-r2yh0itgf0cb1.jpg HTTP/1.1" 200 198035
INFO 2024-12-10 13:49:51,346 basehttp "GET /storeapp/ HTTP/1.1" 200 1538
INFO 2024-12-10 13:49:52,741 basehttp "GET /storeapp/products/ HTTP/1.1" 200 7964
INFO 2024-12-10 13:49:52,785 basehttp "GET /static/js/products.js HTTP/1.1" 200 2948
INFO 2024-12-10 13:49:56,568 basehttp "GET /storeapp/ HTTP/1.1" 200 1538
INFO 2024-12-10 13:50:00,455 basehttp "POST /storeapp/grant_permission/ HTTP/1.1" 200 94
INFO 2024-12-10 13:50:07,065 basehttp "GET /storeapp/deal/ HTTP/1.1" 200 30
INFO 2024-12-10 13:54:36,165 autoreload D:\Facultate\Django\Proiect\storeapp\views.py changed, reloading.
INFO 2024-12-10 13:54:36,776 autoreload Watching for file changes with StatReloader
INFO 2024-12-10 13:54:54,437 basehttp "GET /storeapp/deal/ HTTP/1.1" 200 987
INFO 2024-12-10 13:54:54,524 basehttp "GET /static/js/deal.js HTTP/1.1" 200 194
INFO 2024-12-10 13:57:01,897 basehttp "GET /storeapp/deal/ HTTP/1.1" 200 1073
INFO 2024-12-10 13:57:01,932 basehttp "GET /static/js/deal.js HTTP/1.1" 200 264
INFO 2024-12-10 13:58:06,632 basehttp "GET /storeapp/deal/ HTTP/1.1" 200 1102
INFO 2024-12-10 13:58:06,655 basehttp "GET /static/js/deal.js HTTP/1.1" 304 0
INFO 2024-12-10 13:58:23,140 basehttp "GET /storeapp/deal/ HTTP/1.1" 200 1102
INFO 2024-12-10 13:58:23,170 basehttp "GET /static/js/deal.js HTTP/1.1" 200 219
INFO 2024-12-10 13:58:40,326 basehttp "GET /storeapp/deal/ HTTP/1.1" 200 1102
INFO 2024-12-10 13:58:40,351 basehttp "GET /static/js/deal.js HTTP/1.1" 304 0
INFO 2024-12-10 13:59:00,991 basehttp "GET /storeapp/deal/ HTTP/1.1" 200 1183
INFO 2024-12-10 13:59:01,019 basehttp "GET /static/js/deal.js HTTP/1.1" 304 0
INFO 2024-12-10 13:59:13,800 basehttp "GET /storeapp/deal/ HTTP/1.1" 200 1188
INFO 2024-12-10 13:59:13,825 basehttp "GET /static/js/deal.js HTTP/1.1" 304 0
INFO 2024-12-10 13:59:40,201 basehttp "GET /storeapp/deal/ HTTP/1.1" 200 1188
INFO 2024-12-10 13:59:40,222 basehttp "GET /static/js/deal.js HTTP/1.1" 304 0
INFO 2024-12-10 13:59:43,941 basehttp "GET /storeapp/deal/ HTTP/1.1" 200 1182
INFO 2024-12-10 14:00:14,129 basehttp "GET /storeapp/deal/ HTTP/1.1" 200 1182
INFO 2024-12-10 14:00:14,156 basehttp "GET /static/js/deal.js HTTP/1.1" 304 0
INFO 2024-12-10 14:00:15,075 basehttp "GET /storeapp/deal/ HTTP/1.1" 200 1225
INFO 2024-12-10 14:00:30,900 basehttp "GET /storeapp/deal/ HTTP/1.1" 200 1238
INFO 2024-12-10 14:00:30,923 basehttp "GET /static/js/deal.js HTTP/1.1" 304 0
INFO 2024-12-10 14:00:31,617 basehttp "GET /storeapp/deal/ HTTP/1.1" 200 1238
INFO 2024-12-10 14:00:47,343 basehttp "GET /storeapp/deal/ HTTP/1.1" 200 1225
INFO 2024-12-10 14:00:47,365 basehttp "GET /static/js/deal.js HTTP/1.1" 304 0
INFO 2024-12-10 14:00:51,360 basehttp "GET /storeapp/ HTTP/1.1" 200 1538
INFO 2024-12-10 14:00:55,114 basehttp "GET /storeapp/ HTTP/1.1" 200 1538
INFO 2024-12-10 14:00:55,932 basehttp "GET /storeapp/ HTTP/1.1" 200 1538
INFO 2024-12-10 14:05:10,948 autoreload D:\Facultate\Django\Proiect\storeapp\views.py changed, reloading.
INFO 2024-12-10 14:05:11,428 autoreload Watching for file changes with StatReloader
INFO 2024-12-10 14:05:15,554 basehttp "GET /storeapp/ HTTP/1.1" 200 1538
INFO 2024-12-10 14:05:16,089 basehttp "GET /storeapp/ HTTP/1.1" 200 1538
INFO 2024-12-10 14:05:16,605 basehttp "GET /storeapp/ HTTP/1.1" 200 1538
INFO 2024-12-10 14:05:17,180 basehttp "GET /storeapp/ HTTP/1.1" 200 1538
INFO 2024-12-10 14:05:18,433 basehttp "POST /storeapp/grant_permission/ HTTP/1.1" 200 94
INFO 2024-12-10 14:05:20,205 basehttp "GET /storeapp/deal/ HTTP/1.1" 200 1225
INFO 2024-12-10 14:05:20,234 basehttp "GET /static/js/deal.js HTTP/1.1" 304 0
INFO 2024-12-10 14:05:23,072 basehttp "GET /storeapp/ HTTP/1.1" 200 1538
INFO 2024-12-10 14:05:25,830 basehttp "GET /storeapp/ HTTP/1.1" 200 1538
INFO 2024-12-10 14:05:26,362 basehttp "GET /storeapp/ HTTP/1.1" 200 1538
INFO 2024-12-10 14:05:26,876 basehttp "GET /storeapp/ HTTP/1.1" 200 1538
INFO 2024-12-10 14:05:27,987 basehttp "POST /storeapp/grant_permission/ HTTP/1.1" 200 94
INFO 2024-12-10 14:05:29,292 basehttp "GET /storeapp/deal/ HTTP/1.1" 200 1225
INFO 2024-12-10 14:05:31,384 basehttp "GET /storeapp/ HTTP/1.1" 200 1538
INFO 2024-12-10 14:05:34,387 autoreload D:\Facultate\Django\Proiect\storeapp\views.py changed, reloading.
INFO 2024-12-10 14:05:34,862 autoreload Watching for file changes with StatReloader
INFO 2024-12-10 14:06:13,885 autoreload D:\Facultate\Django\Proiect\storeapp\views.py changed, reloading.
INFO 2024-12-10 14:06:14,342 autoreload Watching for file changes with StatReloader
INFO 2024-12-10 14:06:15,982 basehttp "GET /storeapp/ HTTP/1.1" 200 1538
WARNING 2024-12-10 14:06:16,766 log Bad Request: /storeapp/grant_permission/
WARNING 2024-12-10 14:06:16,766 basehttp "POST /storeapp/grant_permission/ HTTP/1.1" 400 72
INFO 2024-12-10 14:06:20,352 basehttp "GET /storeapp/profile/ HTTP/1.1" 200 2160
INFO 2024-12-10 14:06:20,389 basehttp "GET /media/profile_pictures/what-car-does-sam-sulek-drive-v0-r2yh0itgf0cb1.jpg HTTP/1.1" 304 0
INFO 2024-12-10 14:06:21,656 views Logout view accessed
INFO 2024-12-10 14:06:21,709 basehttp "GET /storeapp/logout/ HTTP/1.1" 302 0
INFO 2024-12-10 14:06:21,717 basehttp "GET /storeapp/ HTTP/1.1" 200 1358
INFO 2024-12-10 14:06:22,705 basehttp "GET /storeapp/profile/ HTTP/1.1" 302 0
INFO 2024-12-10 14:06:22,717 basehttp "GET /storeapp/login/ HTTP/1.1" 200 2280
INFO 2024-12-10 14:06:32,018 basehttp "GET /storeapp/profile/ HTTP/1.1" 302 0
INFO 2024-12-10 14:06:32,025 basehttp "GET /storeapp/login/ HTTP/1.1" 200 2129
INFO 2024-12-10 14:06:32,705 basehttp "GET /storeapp/profile/ HTTP/1.1" 302 0
INFO 2024-12-10 14:06:32,713 basehttp "GET /storeapp/login/ HTTP/1.1" 200 2129
INFO 2024-12-10 14:06:34,596 basehttp "POST /storeapp/login/ HTTP/1.1" 302 0
INFO 2024-12-10 14:06:34,641 basehttp "GET /storeapp/profile/ HTTP/1.1" 200 2160
INFO 2024-12-10 14:06:35,969 views Logout view accessed
INFO 2024-12-10 14:06:36,017 basehttp "GET /storeapp/logout/ HTTP/1.1" 302 0
INFO 2024-12-10 14:06:36,022 basehttp "GET /storeapp/ HTTP/1.1" 200 1358
INFO 2024-12-10 14:06:36,947 basehttp "GET /storeapp/profile/ HTTP/1.1" 302 0
INFO 2024-12-10 14:06:36,954 basehttp "GET /storeapp/login/ HTTP/1.1" 200 2129
INFO 2024-12-10 14:06:39,802 basehttp "POST /storeapp/login/ HTTP/1.1" 302 0
INFO 2024-12-10 14:06:39,844 basehttp "GET /storeapp/profile/ HTTP/1.1" 200 2160
INFO 2024-12-10 14:06:41,309 basehttp "GET /storeapp/ HTTP/1.1" 200 1538
INFO 2024-12-10 14:06:48,399 basehttp "POST /storeapp/grant_permission/ HTTP/1.1" 200 94
INFO 2024-12-10 14:06:49,671 basehttp "GET /storeapp/deal/ HTTP/1.1" 200 1225
INFO 2024-12-10 14:06:49,700 basehttp "GET /static/js/deal.js HTTP/1.1" 304 0
INFO 2024-12-10 14:06:51,666 basehttp "GET /storeapp/ HTTP/1.1" 200 1538
WARNING 2024-12-10 14:06:53,366 log Bad Request: /storeapp/grant_permission/
WARNING 2024-12-10 14:06:53,366 basehttp "POST /storeapp/grant_permission/ HTTP/1.1" 400 72
INFO 2024-12-10 14:07:31,906 basehttp "GET /storeapp/profile/ HTTP/1.1" 200 2160
INFO 2024-12-10 14:07:32,950 basehttp "GET /storeapp/edit_profile/ HTTP/1.1" 200 3230
INFO 2024-12-10 14:07:35,156 basehttp "POST /storeapp/edit_profile/ HTTP/1.1" 302 0
INFO 2024-12-10 14:07:35,200 basehttp "GET /storeapp/profile/ HTTP/1.1" 200 2161
INFO 2024-12-10 14:07:39,363 basehttp "GET /storeapp/ HTTP/1.1" 200 1538
INFO 2024-12-10 14:07:40,497 basehttp "GET /storeapp/profile/ HTTP/1.1" 200 2161
INFO 2024-12-10 14:07:41,426 views Logout view accessed
INFO 2024-12-10 14:07:41,482 basehttp "GET /storeapp/logout/ HTTP/1.1" 302 0
INFO 2024-12-10 14:07:41,488 basehttp "GET /storeapp/ HTTP/1.1" 200 1358
INFO 2024-12-10 14:07:43,706 basehttp "GET /storeapp/profile/ HTTP/1.1" 302 0
INFO 2024-12-10 14:07:43,714 basehttp "GET /storeapp/login/ HTTP/1.1" 200 2280
INFO 2024-12-10 14:09:00,778 basehttp "GET /storeapp/login/ HTTP/1.1" 200 2129
INFO 2024-12-10 14:09:02,087 basehttp "POST /storeapp/login/ HTTP/1.1" 302 0
INFO 2024-12-10 14:09:02,142 basehttp "GET /storeapp/profile/ HTTP/1.1" 200 2178
INFO 2024-12-10 14:09:02,173 basehttp "GET /media/profile_pictures/what-car-does-sam-sulek-drive-v0-r2yh0itgf0cb1.jpg HTTP/1.1" 304 0
INFO 2024-12-10 14:09:03,731 basehttp "GET /storeapp/edit_profile/ HTTP/1.1" 200 3231
INFO 2024-12-10 14:09:05,616 basehttp "POST /storeapp/edit_profile/ HTTP/1.1" 302 0
INFO 2024-12-10 14:09:05,668 basehttp "GET /storeapp/profile/ HTTP/1.1" 200 2485
INFO 2024-12-10 14:09:08,034 basehttp "GET /storeapp/ HTTP/1.1" 200 1538
INFO 2024-12-10 14:09:09,025 basehttp "GET /storeapp/profile/ HTTP/1.1" 200 2180
INFO 2024-12-10 14:09:09,847 views Logout view accessed
INFO 2024-12-10 14:09:09,999 basehttp "GET /storeapp/logout/ HTTP/1.1" 302 0
INFO 2024-12-10 14:09:10,004 basehttp "GET /storeapp/ HTTP/1.1" 200 1358
INFO 2024-12-10 14:09:10,502 basehttp "GET /storeapp/profile/ HTTP/1.1" 302 0
INFO 2024-12-10 14:09:10,510 basehttp "GET /storeapp/login/ HTTP/1.1" 200 2129
INFO 2024-12-10 14:09:12,587 basehttp "POST /storeapp/login/ HTTP/1.1" 302 0
INFO 2024-12-10 14:09:12,746 basehttp "GET /storeapp/profile/ HTTP/1.1" 200 2180
INFO 2024-12-10 14:09:18,437 basehttp "GET /storeapp/ HTTP/1.1" 200 1538
INFO 2024-12-10 14:09:19,272 basehttp "GET /storeapp/products/ HTTP/1.1" 200 7964
INFO 2024-12-10 14:09:20,038 basehttp "GET /storeapp/contact/ HTTP/1.1" 200 2844
INFO 2024-12-10 14:09:24,242 basehttp "GET /storeapp/ HTTP/1.1" 200 1538
INFO 2024-12-10 14:09:25,610 basehttp "GET /storeapp/profile/ HTTP/1.1" 200 2180
INFO 2024-12-10 14:09:28,320 basehttp "GET /storeapp/edit_profile/ HTTP/1.1" 200 3233
INFO 2024-12-10 14:09:29,388 basehttp "GET /storeapp/profile/ HTTP/1.1" 200 2180
INFO 2024-12-10 14:09:30,522 views Logout view accessed
INFO 2024-12-10 14:09:30,560 basehttp "GET /storeapp/logout/ HTTP/1.1" 302 0
INFO 2024-12-10 14:09:30,577 basehttp "GET /storeapp/ HTTP/1.1" 200 1358
INFO 2024-12-10 14:09:31,531 basehttp "GET /storeapp/profile/ HTTP/1.1" 302 0
INFO 2024-12-10 14:09:31,538 basehttp "GET /storeapp/login/ HTTP/1.1" 200 2129
INFO 2024-12-10 14:11:28,927 basehttp "POST /storeapp/login/ HTTP/1.1" 302 0
INFO 2024-12-10 14:11:28,970 basehttp "GET /storeapp/profile/ HTTP/1.1" 200 2180
INFO 2024-12-10 14:11:28,996 basehttp "GET /media/profile_pictures/what-car-does-sam-sulek-drive-v0-r2yh0itgf0cb1.jpg HTTP/1.1" 304 0
INFO 2024-12-10 14:11:31,314 basehttp "GET /storeapp/ HTTP/1.1" 200 1538
INFO 2024-12-10 14:11:33,828 basehttp "GET /storeapp/products/ HTTP/1.1" 200 7964
INFO 2024-12-10 14:11:36,659 views Filter products view accessed
INFO 2024-12-10 14:11:36,695 basehttp "POST /storeapp/filter_products/ HTTP/1.1" 200 392
WARNING 2024-12-10 14:11:40,235 log Not Found: /storeapp/products/{% url 'display_product' product.product_id     %}
WARNING 2024-12-10 14:11:40,237 basehttp "GET /storeapp/products/%7B%%20url%20'display_product'%20product.product_id%20%20%20%20%20%%7D HTTP/1.1" 404 8149
INFO 2024-12-10 14:11:43,846 views Display product view accessed for product_id: 1
INFO 2024-12-10 14:11:43,946 basehttp "GET /storeapp/product/1/ HTTP/1.1" 200 1521
INFO 2024-12-10 14:11:46,394 views Display product view accessed for product_id: 5
INFO 2024-12-10 14:11:46,439 basehttp "GET /storeapp/product/5/ HTTP/1.1" 200 1526
INFO 2024-12-10 14:11:48,587 basehttp "GET /storeapp/products/?page=3 HTTP/1.1" 200 7315
INFO 2024-12-10 14:11:50,346 views Display product view accessed for product_id: 18
INFO 2024-12-10 14:11:50,494 basehttp "GET /storeapp/product/18/ HTTP/1.1" 200 1390
INFO 2024-12-10 14:11:52,665 basehttp "GET /storeapp/products/ HTTP/1.1" 200 7964
INFO 2024-12-10 14:11:56,097 views Filter products view accessed
INFO 2024-12-10 14:11:56,130 basehttp "POST /storeapp/filter_products/ HTTP/1.1" 200 1285
INFO 2024-12-10 14:12:01,707 basehttp "GET /storeapp/products/?page=2 HTTP/1.1" 200 8581
INFO 2024-12-10 14:12:03,764 basehttp "GET /storeapp/products/?page=3 HTTP/1.1" 200 7315
INFO 2024-12-10 14:12:09,850 basehttp "GET /storeapp/products/?page=2 HTTP/1.1" 200 8581
INFO 2024-12-10 14:12:12,791 basehttp "GET /storeapp/products/?page=1 HTTP/1.1" 200 7964
INFO 2024-12-10 14:12:15,297 views Display product view accessed for product_id: 2
INFO 2024-12-10 14:12:15,340 basehttp "GET /storeapp/product/2/ HTTP/1.1" 200 1530
INFO 2024-12-10 14:12:16,992 basehttp "GET /storeapp/products/ HTTP/1.1" 200 7964
INFO 2024-12-10 14:12:18,827 views Filter products view accessed
INFO 2024-12-10 14:12:18,866 basehttp "POST /storeapp/filter_products/ HTTP/1.1" 200 1288
WARNING 2024-12-10 14:12:19,645 log Not Found: /storeapp/products/{% url 'display_product' product.product_id     %}
WARNING 2024-12-10 14:12:19,645 basehttp "GET /storeapp/products/%7B%%20url%20'display_product'%20product.product_id%20%20%20%20%20%%7D HTTP/1.1" 404 8149
WARNING 2024-12-10 14:14:49,338 log Not Found: /storeapp/products/{% url 'display_product' product.product_id     %}
WARNING 2024-12-10 14:14:49,338 basehttp "GET /storeapp/products/%7B%%20url%20'display_product'%20product.product_id%20%20%20%20%20%%7D HTTP/1.1" 404 8149
WARNING 2024-12-10 14:14:51,041 log Not Found: /storeapp/products/{% url 'display_product' product.product_id     %}
WARNING 2024-12-10 14:14:51,042 basehttp "GET /storeapp/products/%7B%%20url%20'display_product'%20product.product_id%20%20%20%20%20%%7D HTTP/1.1" 404 8149
INFO 2024-12-10 14:15:03,339 views Display product view accessed for product_id: 1
INFO 2024-12-10 14:15:03,498 basehttp "GET /storeapp/product/1/ HTTP/1.1" 200 1521
INFO 2024-12-10 14:16:42,874 basehttp "GET /storeapp/products/ HTTP/1.1" 200 7964
INFO 2024-12-10 14:16:45,141 views Filter products view accessed
INFO 2024-12-10 14:16:45,283 basehttp "POST /storeapp/filter_products/ HTTP/1.1" 200 392
WARNING 2024-12-10 14:16:46,114 log Not Found: /storeapp/products/{% url 'display_product' product.product_id     %}
WARNING 2024-12-10 14:16:46,114 basehttp "GET /storeapp/products/%7B%%20url%20'display_product'%20product.product_id%20%20%20%20%20%%7D HTTP/1.1" 404 8149
WARNING 2024-12-10 14:17:01,959 log Not Found: /storeapp/products/{% url 'display_product' product.product_id     %}
WARNING 2024-12-10 14:17:01,959 basehttp "GET /storeapp/products/%7B%%20url%20'display_product'%20product.product_id%20%20%20%20%20%%7D HTTP/1.1" 404 8149
WARNING 2024-12-10 14:17:02,542 log Not Found: /storeapp/products/{% url 'display_product' product.product_id     %}
WARNING 2024-12-10 14:17:02,542 basehttp "GET /storeapp/products/%7B%%20url%20'display_product'%20product.product_id%20%20%20%20%20%%7D HTTP/1.1" 404 8149
WARNING 2024-12-10 14:17:02,855 log Not Found: /storeapp/products/{% url 'display_product' product.product_id     %}
WARNING 2024-12-10 14:17:02,856 basehttp "GET /storeapp/products/%7B%%20url%20'display_product'%20product.product_id%20%20%20%20%20%%7D HTTP/1.1" 404 8149
WARNING 2024-12-10 14:17:03,044 log Not Found: /storeapp/products/{% url 'display_product' product.product_id     %}
WARNING 2024-12-10 14:17:03,044 basehttp "GET /storeapp/products/%7B%%20url%20'display_product'%20product.product_id%20%20%20%20%20%%7D HTTP/1.1" 404 8149
WARNING 2024-12-10 14:17:03,264 log Not Found: /storeapp/products/{% url 'display_product' product.product_id     %}
WARNING 2024-12-10 14:17:03,264 basehttp "GET /storeapp/products/%7B%%20url%20'display_product'%20product.product_id%20%20%20%20%20%%7D HTTP/1.1" 404 8149
WARNING 2024-12-10 14:17:03,464 log Not Found: /storeapp/products/{% url 'display_product' product.product_id     %}
WARNING 2024-12-10 14:17:03,464 basehttp "GET /storeapp/products/%7B%%20url%20'display_product'%20product.product_id%20%20%20%20%20%%7D HTTP/1.1" 404 8149
WARNING 2024-12-10 14:17:03,653 log Not Found: /storeapp/products/{% url 'display_product' product.product_id     %}
WARNING 2024-12-10 14:17:03,654 basehttp "GET /storeapp/products/%7B%%20url%20'display_product'%20product.product_id%20%20%20%20%20%%7D HTTP/1.1" 404 8149
INFO 2024-12-10 14:17:09,777 views Filter products view accessed
INFO 2024-12-10 14:17:09,819 basehttp "POST /storeapp/filter_products/ HTTP/1.1" 200 392
WARNING 2024-12-10 14:17:10,940 log Not Found: /storeapp/products/{% url 'display_product' product.product_id     %}
WARNING 2024-12-10 14:17:10,942 basehttp "GET /storeapp/products/%7B%%20url%20'display_product'%20product.product_id%20%20%20%20%20%%7D HTTP/1.1" 404 8149
WARNING 2024-12-10 14:17:40,353 log Not Found: /storeapp/products/{% url 'display_product' product.product_id     %}
WARNING 2024-12-10 14:17:40,353 basehttp "GET /storeapp/products/%7B%%20url%20'display_product'%20product.product_id%20%20%20%20%20%%7D HTTP/1.1" 404 8149
INFO 2024-12-10 14:17:44,732 views Filter products view accessed
INFO 2024-12-10 14:17:44,762 basehttp "POST /storeapp/filter_products/ HTTP/1.1" 200 392
WARNING 2024-12-10 14:17:45,371 log Not Found: /storeapp/products/{% url 'display_product' product.product_id     %}
WARNING 2024-12-10 14:17:45,372 basehttp "GET /storeapp/products/%7B%%20url%20'display_product'%20product.product_id%20%20%20%20%20%%7D HTTP/1.1" 404 8149
WARNING 2024-12-10 14:18:06,080 log Not Found: /storeapp/products/{% url 'display_product' product.product_id     %}
WARNING 2024-12-10 14:18:06,080 basehttp "GET /storeapp/products/%7B%%20url%20'display_product'%20product.product_id%20%20%20%20%20%%7D HTTP/1.1" 404 8149
INFO 2024-12-10 14:18:08,772 views Display product view accessed for product_id: 3
INFO 2024-12-10 14:18:08,812 basehttp "GET /storeapp/product/3/ HTTP/1.1" 200 1522
INFO 2024-12-10 14:18:09,878 basehttp "GET /storeapp/products/ HTTP/1.1" 200 7964
INFO 2024-12-10 14:18:11,602 views Filter products view accessed
INFO 2024-12-10 14:18:11,641 basehttp "POST /storeapp/filter_products/ HTTP/1.1" 200 1288
WARNING 2024-12-10 14:18:12,631 log Not Found: /storeapp/products/{% url 'display_product' product.product_id     %}
WARNING 2024-12-10 14:18:12,631 basehttp "GET /storeapp/products/%7B%%20url%20'display_product'%20product.product_id%20%20%20%20%20%%7D HTTP/1.1" 404 8149
INFO 2024-12-10 14:18:39,839 autoreload Watching for file changes with StatReloader
INFO 2024-12-10 14:18:46,771 basehttp "GET /storeapp/ HTTP/1.1" 200 1358
INFO 2024-12-10 14:18:46,849 basehttp "GET /static/js/home.js HTTP/1.1" 200 1615
WARNING 2024-12-10 14:18:46,884 log Not Found: /favicon.ico
WARNING 2024-12-10 14:18:46,885 basehttp "GET /favicon.ico HTTP/1.1" 404 2528
INFO 2024-12-10 14:18:48,202 basehttp "GET /storeapp/products/ HTTP/1.1" 200 7964
INFO 2024-12-10 14:18:48,225 basehttp "GET /static/js/products.js HTTP/1.1" 200 2948
INFO 2024-12-10 14:18:50,081 views Display product view accessed for product_id: 1
INFO 2024-12-10 14:18:50,124 basehttp "GET /storeapp/product/1/ HTTP/1.1" 200 1521
INFO 2024-12-10 14:18:51,429 basehttp "GET /storeapp/products/ HTTP/1.1" 200 7964
INFO 2024-12-10 14:18:53,275 views Filter products view accessed
INFO 2024-12-10 14:18:53,312 basehttp "POST /storeapp/filter_products/ HTTP/1.1" 200 392
INFO 2024-12-10 14:18:55,301 basehttp "GET /storeapp/product/2 HTTP/1.1" 301 0
INFO 2024-12-10 14:18:55,304 views Display product view accessed for product_id: 2
INFO 2024-12-10 14:18:55,346 basehttp "GET /storeapp/product/2/ HTTP/1.1" 200 1530
INFO 2024-12-10 14:19:37,637 basehttp "GET /storeapp/products/ HTTP/1.1" 200 7964
INFO 2024-12-10 14:19:37,674 basehttp "GET /static/js/products.js HTTP/1.1" 200 2943
INFO 2024-12-10 14:19:40,760 views Filter products view accessed
INFO 2024-12-10 14:19:40,799 basehttp "POST /storeapp/filter_products/ HTTP/1.1" 200 392
INFO 2024-12-10 14:19:43,480 views Display product view accessed for product_id: 2
INFO 2024-12-10 14:19:43,633 basehttp "GET /storeapp/product/2/ HTTP/1.1" 200 1530
INFO 2024-12-10 14:19:44,948 basehttp "GET /storeapp/products/ HTTP/1.1" 200 7964
INFO 2024-12-10 14:19:44,973 basehttp "GET /static/js/products.js HTTP/1.1" 304 0
INFO 2024-12-10 14:19:49,332 views Filter products view accessed
INFO 2024-12-10 14:19:49,366 basehttp "POST /storeapp/filter_products/ HTTP/1.1" 200 392
INFO 2024-12-10 14:19:53,454 views Filter products view accessed
INFO 2024-12-10 14:19:53,476 basehttp "POST /storeapp/filter_products/ HTTP/1.1" 200 1288
INFO 2024-12-10 14:19:55,137 basehttp "GET /storeapp/products/?page=2 HTTP/1.1" 200 8581
INFO 2024-12-10 14:19:55,157 basehttp "GET /static/js/products.js HTTP/1.1" 304 0
INFO 2024-12-10 14:19:56,715 basehttp "GET /storeapp/products/?page=3 HTTP/1.1" 200 7315
INFO 2024-12-10 14:19:59,105 basehttp "GET /storeapp/products/?page=1 HTTP/1.1" 200 7964
INFO 2024-12-10 14:19:59,124 basehttp "GET /static/js/products.js HTTP/1.1" 304 0
INFO 2024-12-10 14:20:03,590 views Filter products view accessed
INFO 2024-12-10 14:20:03,626 basehttp "POST /storeapp/filter_products/ HTTP/1.1" 200 392
INFO 2024-12-10 14:20:05,292 views Filter products view accessed
INFO 2024-12-10 14:20:05,334 basehttp "POST /storeapp/filter_products/ HTTP/1.1" 200 1288
INFO 2024-12-10 14:20:07,753 views Filter products view accessed
INFO 2024-12-10 14:20:07,787 basehttp "POST /storeapp/filter_products/ HTTP/1.1" 200 1285
INFO 2024-12-10 14:20:11,207 views Filter products view accessed
INFO 2024-12-10 14:20:11,243 basehttp "POST /storeapp/filter_products/ HTTP/1.1" 200 271
INFO 2024-12-10 14:20:12,773 views Filter products view accessed
INFO 2024-12-10 14:20:12,810 basehttp "POST /storeapp/filter_products/ HTTP/1.1" 200 636
INFO 2024-12-10 14:20:18,873 basehttp "GET /storeapp/products/?page=2 HTTP/1.1" 200 8581
INFO 2024-12-10 14:20:18,896 basehttp "GET /static/js/products.js HTTP/1.1" 304 0
INFO 2024-12-10 14:20:20,883 basehttp "GET /storeapp/products/?page=1 HTTP/1.1" 200 7964
INFO 2024-12-10 14:20:23,710 views Filter products view accessed
INFO 2024-12-10 14:20:23,738 basehttp "POST /storeapp/filter_products/ HTTP/1.1" 200 392
INFO 2024-12-10 14:20:34,237 views Filter products view accessed
INFO 2024-12-10 14:20:34,380 basehttp "POST /storeapp/filter_products/ HTTP/1.1" 200 1288
INFO 2024-12-10 14:20:36,697 views Filter products view accessed
INFO 2024-12-10 14:20:36,737 basehttp "POST /storeapp/filter_products/ HTTP/1.1" 200 392
INFO 2024-12-10 14:23:12,104 basehttp "GET /storeapp/products/?page=1 HTTP/1.1" 200 7964
INFO 2024-12-10 14:23:12,162 basehttp "GET /static/js/products.js HTTP/1.1" 200 4010
INFO 2024-12-10 14:23:15,259 views Filter products view accessed
INFO 2024-12-10 14:23:15,303 basehttp "POST /storeapp/filter_products/ HTTP/1.1" 200 392
INFO 2024-12-10 14:23:18,184 views Filter products view accessed
INFO 2024-12-10 14:23:18,226 basehttp "POST /storeapp/filter_products/ HTTP/1.1" 200 1288
INFO 2024-12-10 14:23:21,966 basehttp "GET /storeapp/product/6 HTTP/1.1" 301 0
INFO 2024-12-10 14:23:21,971 views Display product view accessed for product_id: 6
INFO 2024-12-10 14:23:22,007 basehttp "GET /storeapp/product/6/ HTTP/1.1" 200 1536
INFO 2024-12-10 14:23:23,111 basehttp "GET /storeapp/products/ HTTP/1.1" 200 7964
INFO 2024-12-10 14:23:23,133 basehttp "GET /static/js/products.js HTTP/1.1" 304 0
INFO 2024-12-10 14:23:25,711 basehttp "GET /storeapp/products/?page=2 HTTP/1.1" 200 8581
INFO 2024-12-10 14:23:25,731 basehttp "GET /static/js/products.js HTTP/1.1" 304 0
INFO 2024-12-10 14:23:28,007 views Filter products view accessed
INFO 2024-12-10 14:23:28,135 basehttp "POST /storeapp/filter_products/ HTTP/1.1" 200 1285
INFO 2024-12-10 14:23:32,633 views Filter products view accessed
INFO 2024-12-10 14:23:32,668 basehttp "POST /storeapp/filter_products/ HTTP/1.1" 200 1285
INFO 2024-12-10 14:23:33,627 views Filter products view accessed
INFO 2024-12-10 14:23:33,661 basehttp "POST /storeapp/filter_products/ HTTP/1.1" 200 1285
INFO 2024-12-10 14:23:35,138 views Filter products view accessed
INFO 2024-12-10 14:23:35,172 basehttp "POST /storeapp/filter_products/ HTTP/1.1" 200 1285
INFO 2024-12-10 14:23:36,857 views Filter products view accessed
INFO 2024-12-10 14:23:36,893 basehttp "POST /storeapp/filter_products/ HTTP/1.1" 200 392
INFO 2024-12-10 14:23:38,185 views Filter products view accessed
INFO 2024-12-10 14:23:38,224 basehttp "POST /storeapp/filter_products/ HTTP/1.1" 200 1288
INFO 2024-12-10 14:23:42,054 basehttp "GET /storeapp/products/ HTTP/1.1" 200 7964
INFO 2024-12-10 14:23:42,088 basehttp "GET /static/js/products.js HTTP/1.1" 304 0
INFO 2024-12-10 14:23:47,538 views Filter products view accessed
INFO 2024-12-10 14:23:47,575 basehttp "POST /storeapp/filter_products/ HTTP/1.1" 200 392
INFO 2024-12-10 14:23:50,830 views Filter products view accessed
INFO 2024-12-10 14:23:50,867 basehttp "POST /storeapp/filter_products/ HTTP/1.1" 200 1288
INFO 2024-12-10 14:23:53,655 views Filter products view accessed
INFO 2024-12-10 14:23:53,693 basehttp "POST /storeapp/filter_products/ HTTP/1.1" 200 392
INFO 2024-12-10 14:25:48,128 basehttp "GET /storeapp/products/ HTTP/1.1" 200 7964
INFO 2024-12-10 14:25:48,168 basehttp "GET /static/js/products.js HTTP/1.1" 200 4122
INFO 2024-12-10 14:25:50,928 views Filter products view accessed
INFO 2024-12-10 14:25:50,966 basehttp "POST /storeapp/filter_products/ HTTP/1.1" 200 392
INFO 2024-12-10 14:25:58,346 views Filter products view accessed
INFO 2024-12-10 14:25:58,493 basehttp "POST /storeapp/filter_products/ HTTP/1.1" 200 392
INFO 2024-12-10 14:27:07,029 basehttp "GET /storeapp/products/ HTTP/1.1" 200 7964
INFO 2024-12-10 14:27:07,077 basehttp "GET /static/js/products.js HTTP/1.1" 200 4318
INFO 2024-12-10 14:27:08,927 views Filter products view accessed
INFO 2024-12-10 14:27:08,959 basehttp "POST /storeapp/filter_products/ HTTP/1.1" 200 392
INFO 2024-12-10 14:27:15,151 views Filter products view accessed
INFO 2024-12-10 14:27:15,190 basehttp "POST /storeapp/filter_products/ HTTP/1.1" 200 1288
INFO 2024-12-10 14:27:18,456 views Filter products view accessed
INFO 2024-12-10 14:27:18,491 basehttp "POST /storeapp/filter_products/ HTTP/1.1" 200 392
INFO 2024-12-10 14:27:19,663 basehttp "GET /storeapp/products/?page=2 HTTP/1.1" 200 8581
INFO 2024-12-10 14:27:19,688 basehttp "GET /static/js/products.js HTTP/1.1" 304 0
INFO 2024-12-10 14:27:21,844 basehttp "GET /storeapp/products/?page=3 HTTP/1.1" 200 7315
INFO 2024-12-10 14:27:21,863 basehttp "GET /static/js/products.js HTTP/1.1" 304 0
INFO 2024-12-10 14:27:22,842 views Display product view accessed for product_id: 18
INFO 2024-12-10 14:27:22,880 basehttp "GET /storeapp/product/18/ HTTP/1.1" 200 1390
INFO 2024-12-10 14:27:25,596 views Filter products view accessed
INFO 2024-12-10 14:27:25,632 basehttp "POST /storeapp/filter_products/ HTTP/1.1" 200 392
INFO 2024-12-10 14:27:27,570 basehttp "GET /storeapp/products/?page=1 HTTP/1.1" 200 7964
INFO 2024-12-10 14:27:27,593 basehttp "GET /static/js/products.js HTTP/1.1" 304 0
INFO 2024-12-10 14:29:53,240 basehttp "GET /storeapp/products/?page=1 HTTP/1.1" 200 7964
INFO 2024-12-10 14:29:53,280 basehttp "GET /static/js/products.js HTTP/1.1" 200 4461
INFO 2024-12-10 14:29:55,074 views Filter products view accessed
INFO 2024-12-10 14:29:55,108 basehttp "POST /storeapp/filter_products/ HTTP/1.1" 200 392
INFO 2024-12-10 14:29:57,238 views Filter products view accessed
INFO 2024-12-10 14:29:57,273 basehttp "POST /storeapp/filter_products/ HTTP/1.1" 200 1288
INFO 2024-12-10 14:30:01,041 views Filter products view accessed
INFO 2024-12-10 14:30:01,077 basehttp "POST /storeapp/filter_products/ HTTP/1.1" 200 392
INFO 2024-12-10 14:30:05,478 basehttp "GET /storeapp/products/ HTTP/1.1" 200 7964
INFO 2024-12-10 14:30:05,500 basehttp "GET /static/js/products.js HTTP/1.1" 304 0
INFO 2024-12-10 14:31:51,166 basehttp "GET /storeapp/products/ HTTP/1.1" 200 7980
INFO 2024-12-10 14:31:51,205 basehttp "GET /static/js/products.js HTTP/1.1" 200 4455
INFO 2024-12-10 14:31:54,011 views Filter products view accessed
INFO 2024-12-10 14:31:54,051 basehttp "POST /storeapp/filter_products/ HTTP/1.1" 200 392
INFO 2024-12-10 14:31:55,872 basehttp "GET /storeapp/products/?page=2 HTTP/1.1" 200 8597
INFO 2024-12-10 14:31:55,893 basehttp "GET /static/js/products.js HTTP/1.1" 304 0
INFO 2024-12-10 14:31:58,766 views Filter products view accessed
INFO 2024-12-10 14:31:58,802 basehttp "POST /storeapp/filter_products/ HTTP/1.1" 200 392
INFO 2024-12-10 14:57:07,880 autoreload D:\Facultate\Django\Proiect\store\settings.py changed, reloading.
INFO 2024-12-10 14:57:08,406 autoreload Watching for file changes with StatReloader
INFO 2024-12-10 15:06:29,305 autoreload D:\Facultate\Django\Proiect\store\settings.py changed, reloading.
INFO 2024-12-10 15:06:29,934 autoreload Watching for file changes with StatReloader
INFO 2024-12-10 15:07:47,806 autoreload D:\Facultate\Django\Proiect\store\settings.py changed, reloading.
INFO 2024-12-10 15:07:48,417 autoreload Watching for file changes with StatReloader
INFO 2024-12-10 15:12:12,903 autoreload D:\Facultate\Django\Proiect\storeapp\views.py changed, reloading.
INFO 2024-12-10 15:12:13,446 autoreload Watching for file changes with StatReloader
INFO 2024-12-10 15:13:06,748 autoreload D:\Facultate\Django\Proiect\storeapp\views.py changed, reloading.
INFO 2024-12-10 15:13:07,240 autoreload Watching for file changes with StatReloader
INFO 2024-12-10 15:14:09,691 autoreload D:\Facultate\Django\Proiect\storeapp\views.py changed, reloading.
INFO 2024-12-10 15:14:10,255 autoreload Watching for file changes with StatReloader
INFO 2024-12-10 15:16:19,073 autoreload D:\Facultate\Django\Proiect\storeapp\views.py changed, reloading.
INFO 2024-12-10 15:16:19,533 autoreload Watching for file changes with StatReloader
INFO 2024-12-10 15:17:05,706 autoreload D:\Facultate\Django\Proiect\storeapp\views.py changed, reloading.
INFO 2024-12-10 15:17:06,176 autoreload Watching for file changes with StatReloader
INFO 2024-12-10 15:17:52,370 autoreload D:\Facultate\Django\Proiect\store\settings.py changed, reloading.
INFO 2024-12-10 15:17:52,868 autoreload Watching for file changes with StatReloader
INFO 2024-12-10 15:18:54,346 autoreload D:\Facultate\Django\Proiect\storeapp\views.py changed, reloading.
INFO 2024-12-10 15:18:54,840 autoreload Watching for file changes with StatReloader
INFO 2024-12-10 15:20:59,505 autoreload D:\Facultate\Django\Proiect\storeapp\views.py changed, reloading.
INFO 2024-12-10 15:21:00,086 autoreload Watching for file changes with StatReloader
INFO 2024-12-10 15:21:25,874 autoreload D:\Facultate\Django\Proiect\storeapp\views.py changed, reloading.
INFO 2024-12-10 15:21:26,342 autoreload Watching for file changes with StatReloader
INFO 2024-12-10 15:23:34,524 basehttp "GET /storeapp/products/?page=2 HTTP/1.1" 200 8597
INFO 2024-12-10 15:23:34,631 basehttp "GET /static/js/products.js HTTP/1.1" 200 4448
INFO 2024-12-10 15:23:35,501 basehttp "GET /storeapp/ HTTP/1.1" 200 1376
INFO 2024-12-10 15:23:35,520 basehttp "GET /static/js/home.js HTTP/1.1" 304 0
INFO 2024-12-10 15:23:36,042 basehttp "GET /storeapp/profile/ HTTP/1.1" 302 0
INFO 2024-12-10 15:23:36,051 basehttp "GET /storeapp/login/ HTTP/1.1" 200 2129
INFO 2024-12-10 15:23:38,703 basehttp "POST /storeapp/login/ HTTP/1.1" 302 0
INFO 2024-12-10 15:23:38,747 basehttp "GET /storeapp/profile/ HTTP/1.1" 200 2109
INFO 2024-12-10 15:23:40,024 basehttp "GET /storeapp/ HTTP/1.1" 200 1556
INFO 2024-12-10 15:23:41,106 basehttp "GET /storeapp/products/ HTTP/1.1" 200 7980
INFO 2024-12-10 15:23:41,566 basehttp "GET /storeapp/contact/ HTTP/1.1" 200 2844
INFO 2024-12-10 15:23:43,067 basehttp "GET /storeapp/ HTTP/1.1" 200 1556
INFO 2024-12-10 15:23:43,884 basehttp "GET /storeapp/profile/ HTTP/1.1" 200 2109
INFO 2024-12-10 15:23:45,026 views Logout view accessed
INFO 2024-12-10 15:23:45,077 basehttp "GET /storeapp/logout/ HTTP/1.1" 302 0
INFO 2024-12-10 15:23:45,119 basehttp "GET /storeapp/ HTTP/1.1" 200 1524
INFO 2024-12-10 15:24:15,418 basehttp "GET /storeapp/ HTTP/1.1" 200 1381
INFO 2024-12-10 15:24:16,594 basehttp "GET /storeapp/profile/ HTTP/1.1" 302 0
INFO 2024-12-10 15:24:16,628 basehttp "GET /storeapp/login/ HTTP/1.1" 200 2129
INFO 2024-12-10 15:24:17,937 basehttp "POST /storeapp/login/ HTTP/1.1" 302 0
INFO 2024-12-10 15:24:17,976 basehttp "GET /storeapp/profile/ HTTP/1.1" 200 2109
INFO 2024-12-10 15:24:19,040 views Logout view accessed
INFO 2024-12-10 15:24:19,086 basehttp "GET /storeapp/logout/ HTTP/1.1" 302 0
INFO 2024-12-10 15:24:19,125 basehttp "GET /storeapp/ HTTP/1.1" 200 1529
INFO 2024-12-10 15:24:22,951 basehttp "GET /storeapp/ HTTP/1.1" 200 1381
INFO 2024-12-10 15:24:24,867 basehttp "GET /storeapp/profile/ HTTP/1.1" 302 0
INFO 2024-12-10 15:24:24,914 basehttp "GET /storeapp/login/ HTTP/1.1" 200 2129
INFO 2024-12-10 15:24:25,734 basehttp "GET /storeapp/contact/ HTTP/1.1" 200 2844
INFO 2024-12-10 15:24:33,943 basehttp "POST /storeapp/contact/ HTTP/1.1" 200 3388
INFO 2024-12-10 15:24:51,699 basehttp "POST /storeapp/contact/ HTTP/1.1" 302 0
INFO 2024-12-10 15:24:51,705 views Contact successful view accessed
INFO 2024-12-10 15:24:51,749 basehttp "GET /storeapp/contact_successful/ HTTP/1.1" 200 1048
INFO 2024-12-10 15:25:26,181 views Contact successful view accessed
INFO 2024-12-10 15:25:26,233 basehttp "GET /storeapp/contact_successful/ HTTP/1.1" 200 899
INFO 2024-12-10 15:25:51,713 views Contact successful view accessed
INFO 2024-12-10 15:25:51,761 basehttp "GET /storeapp/contact_successful/ HTTP/1.1" 200 941
INFO 2024-12-10 15:25:56,403 basehttp "GET /storeapp/ HTTP/1.1" 200 1381
INFO 2024-12-10 15:27:07,633 basehttp "GET /storeapp/products/ HTTP/1.1" 200 7980
INFO 2024-12-10 15:27:08,478 views Display product view accessed for product_id: 1
INFO 2024-12-10 15:27:08,547 basehttp "GET /storeapp/product/1/ HTTP/1.1" 200 1535
INFO 2024-12-10 15:36:12,474 autoreload D:\Facultate\Django\Proiect\storeapp\urls.py changed, reloading.
INFO 2024-12-10 15:36:12,973 autoreload Watching for file changes with StatReloader
INFO 2024-12-10 15:36:39,819 autoreload D:\Facultate\Django\Proiect\storeapp\urls.py changed, reloading.
INFO 2024-12-10 15:36:40,406 autoreload Watching for file changes with StatReloader
INFO 2024-12-10 15:36:53,965 autoreload D:\Facultate\Django\Proiect\storeapp\urls.py changed, reloading.
INFO 2024-12-10 15:36:54,462 autoreload Watching for file changes with StatReloader
INFO 2024-12-10 18:16:32,498 autoreload Watching for file changes with StatReloader
INFO 2024-12-10 18:16:48,970 autoreload Watching for file changes with StatReloader
WARNING 2024-12-10 18:16:54,632 log Not Found: /
WARNING 2024-12-10 18:16:54,633 basehttp "GET / HTTP/1.1" 404 2477
WARNING 2024-12-10 18:16:54,715 log Not Found: /favicon.ico
WARNING 2024-12-10 18:16:54,715 basehttp "GET /favicon.ico HTTP/1.1" 404 2528
INFO 2024-12-10 18:17:00,463 basehttp "GET /storeapp HTTP/1.1" 301 0
INFO 2024-12-10 18:17:00,521 basehttp "GET /storeapp/ HTTP/1.1" 200 1561
INFO 2024-12-10 18:17:00,626 basehttp "GET /static/js/home.js HTTP/1.1" 200 1615
INFO 2024-12-10 18:17:48,948 autoreload Watching for file changes with StatReloader
INFO 2024-12-10 18:18:38,462 autoreload Watching for file changes with StatReloader
INFO 2024-12-10 18:20:30,881 autoreload Watching for file changes with StatReloader
INFO 2024-12-10 18:22:18,853 autoreload Watching for file changes with StatReloader
INFO 2024-12-10 18:22:57,748 autoreload Watching for file changes with StatReloader
INFO 2024-12-10 18:26:54,581 autoreload Watching for file changes with StatReloader
INFO 2024-12-10 18:27:07,000 autoreload D:\Facultate\Django\Proiect\store\settings.py changed, reloading.
INFO 2024-12-10 18:27:07,433 autoreload Watching for file changes with StatReloader
INFO 2024-12-10 18:27:16,827 autoreload D:\Facultate\Django\Proiect\store\settings.py changed, reloading.
INFO 2024-12-10 18:27:17,283 autoreload Watching for file changes with StatReloader
INFO 2024-12-10 18:29:22,652 autoreload Watching for file changes with StatReloader
INFO 2024-12-10 18:31:10,580 autoreload Watching for file changes with StatReloader
INFO 2024-12-10 18:32:08,193 autoreload Watching for file changes with StatReloader
INFO 2024-12-10 18:33:37,159 autoreload D:\Facultate\Django\Proiect\store\wsgi.py changed, reloading.
INFO 2024-12-10 18:33:37,730 autoreload Watching for file changes with StatReloader
INFO 2024-12-10 18:33:44,195 autoreload D:\Facultate\Django\Proiect\store\wsgi.py changed, reloading.
INFO 2024-12-10 18:33:44,662 autoreload Watching for file changes with StatReloader
INFO 2024-12-10 18:35:06,582 autoreload D:\Facultate\Django\Proiect\run_tasks.py changed, reloading.
INFO 2024-12-10 18:35:47,636 autoreload Watching for file changes with StatReloader
INFO 2024-12-10 18:35:57,144 autoreload D:\Facultate\Django\Proiect\run_tasks.py changed, reloading.
INFO 2024-12-10 18:35:57,617 autoreload Watching for file changes with StatReloader
INFO 2024-12-10 18:36:42,840 autoreload D:\Facultate\Django\Proiect\run_tasks.py changed, reloading.
INFO 2024-12-10 18:36:43,340 autoreload Watching for file changes with StatReloader
INFO 2024-12-10 18:37:07,136 autoreload D:\Facultate\Django\Proiect\run_tasks.py changed, reloading.
INFO 2024-12-10 18:37:07,620 autoreload Watching for file changes with StatReloader
INFO 2024-12-10 18:37:23,251 autoreload D:\Facultate\Django\Proiect\storeapp\tasks.py changed, reloading.
INFO 2024-12-10 18:37:23,733 autoreload Watching for file changes with StatReloader
INFO 2024-12-10 18:39:10,160 autoreload D:\Facultate\Django\Proiect\storeapp\tasks.py changed, reloading.
INFO 2024-12-10 18:39:10,628 autoreload Watching for file changes with StatReloader
INFO 2024-12-10 18:39:45,649 autoreload D:\Facultate\Django\Proiect\storeapp\tasks.py changed, reloading.
INFO 2024-12-10 18:39:46,127 autoreload Watching for file changes with StatReloader
INFO 2024-12-10 18:40:11,963 autoreload D:\Facultate\Django\Proiect\storeapp\tasks.py changed, reloading.
INFO 2024-12-10 18:40:12,597 autoreload Watching for file changes with StatReloader
INFO 2024-12-10 18:41:43,734 autoreload D:\Facultate\Django\Proiect\storeapp\tasks.py changed, reloading.
INFO 2024-12-10 18:41:44,204 autoreload Watching for file changes with StatReloader
INFO 2024-12-10 18:42:10,032 autoreload D:\Facultate\Django\Proiect\storeapp\tasks.py changed, reloading.
INFO 2024-12-10 18:42:10,515 autoreload Watching for file changes with StatReloader
INFO 2024-12-10 18:42:46,579 autoreload D:\Facultate\Django\Proiect\storeapp\tasks.py changed, reloading.
INFO 2024-12-10 18:42:47,058 autoreload Watching for file changes with StatReloader
INFO 2024-12-10 18:42:54,558 autoreload D:\Facultate\Django\Proiect\storeapp\tasks.py changed, reloading.
INFO 2024-12-10 18:42:55,042 autoreload Watching for file changes with StatReloader
INFO 2024-12-10 18:43:14,773 autoreload D:\Facultate\Django\Proiect\storeapp\tasks.py changed, reloading.
INFO 2024-12-10 18:43:15,250 autoreload Watching for file changes with StatReloader
INFO 2024-12-10 18:43:56,762 autoreload D:\Facultate\Django\Proiect\storeapp\tasks.py changed, reloading.
INFO 2024-12-10 18:43:57,640 autoreload Watching for file changes with StatReloader
INFO 2024-12-10 18:47:15,929 autoreload D:\Facultate\Django\Proiect\storeapp\tasks.py changed, reloading.
INFO 2024-12-10 18:47:16,504 autoreload Watching for file changes with StatReloader
INFO 2024-12-10 18:47:46,432 autoreload D:\Facultate\Django\Proiect\storeapp\tasks.py changed, reloading.
INFO 2024-12-10 18:47:46,977 autoreload Watching for file changes with StatReloader
INFO 2024-12-10 18:48:08,740 autoreload D:\Facultate\Django\Proiect\storeapp\tasks.py changed, reloading.
INFO 2024-12-10 18:48:09,212 autoreload Watching for file changes with StatReloader
INFO 2024-12-10 18:49:33,426 autoreload D:\Facultate\Django\Proiect\storeapp\tasks.py changed, reloading.
INFO 2024-12-10 18:49:33,905 autoreload Watching for file changes with StatReloader
INFO 2024-12-10 18:50:40,557 autoreload D:\Facultate\Django\Proiect\storeapp\tasks.py changed, reloading.
INFO 2024-12-10 18:50:41,036 autoreload Watching for file changes with StatReloader
INFO 2024-12-10 18:50:58,690 autoreload D:\Facultate\Django\Proiect\storeapp\tasks.py changed, reloading.
INFO 2024-12-10 18:50:59,151 autoreload Watching for file changes with StatReloader
INFO 2024-12-10 18:52:28,492 autoreload D:\Facultate\Django\Proiect\storeapp\tasks.py changed, reloading.
INFO 2024-12-10 18:52:28,971 autoreload Watching for file changes with StatReloader
INFO 2024-12-10 18:52:35,404 autoreload D:\Facultate\Django\Proiect\run_tasks.py changed, reloading.
INFO 2024-12-10 18:52:36,002 autoreload Watching for file changes with StatReloader
INFO 2024-12-10 18:53:50,922 autoreload D:\Facultate\Django\Proiect\storeapp\tasks.py changed, reloading.
INFO 2024-12-10 18:53:51,426 autoreload Watching for file changes with StatReloader
INFO 2024-12-10 18:54:41,131 autoreload Watching for file changes with StatReloader
INFO 2024-12-10 18:55:20,669 autoreload D:\Facultate\Django\Proiect\storeapp\tasks.py changed, reloading.
INFO 2024-12-10 18:55:21,164 autoreload Watching for file changes with StatReloader
INFO 2024-12-10 19:23:07,634 autoreload Watching for file changes with StatReloader
INFO 2024-12-10 19:23:11,282 basehttp "GET /storeapp/profile/ HTTP/1.1" 200 2180
INFO 2024-12-10 19:23:11,312 basehttp "GET /media/profile_pictures/what-car-does-sam-sulek-drive-v0-r2yh0itgf0cb1.jpg HTTP/1.1" 304 0
INFO 2024-12-10 19:23:13,836 views Logout view accessed
INFO 2024-12-10 19:23:13,885 basehttp "GET /storeapp/logout/ HTTP/1.1" 302 0
INFO 2024-12-10 19:23:13,933 basehttp "GET /storeapp/ HTTP/1.1" 200 1529
INFO 2024-12-10 19:23:13,960 basehttp "GET /static/js/home.js HTTP/1.1" 304 0
INFO 2024-12-10 19:23:14,813 basehttp "GET /storeapp/profile/ HTTP/1.1" 302 0
INFO 2024-12-10 19:23:14,968 basehttp "GET /storeapp/login/ HTTP/1.1" 200 2129
INFO 2024-12-10 19:23:15,894 basehttp "GET /storeapp/register/ HTTP/1.1" 200 5440
INFO 2024-12-10 19:23:34,122 basehttp "POST /storeapp/register/ HTTP/1.1" 302 0
INFO 2024-12-10 19:23:34,161 basehttp "GET /storeapp/login/ HTTP/1.1" 200 2129
INFO 2024-12-10 19:23:39,133 basehttp "GET /storeapp/confirm/wNdIzLUT HTTP/1.1" 301 0
INFO 2024-12-10 19:23:39,451 views Confirm account view accessed with code: wNdIzLUT
INFO 2024-12-10 19:23:39,492 basehttp "GET /storeapp/confirm/wNdIzLUT/ HTTP/1.1" 302 0
INFO 2024-12-10 19:23:39,534 basehttp "GET /storeapp/login/ HTTP/1.1" 200 2280
WARNING 2024-12-10 19:23:39,620 log Not Found: /favicon.ico
WARNING 2024-12-10 19:23:39,620 basehttp "GET /favicon.ico HTTP/1.1" 404 2528
INFO 2024-12-10 19:23:47,324 basehttp "POST /storeapp/login/ HTTP/1.1" 302 0
INFO 2024-12-10 19:23:47,368 basehttp "GET /storeapp/profile/ HTTP/1.1" 200 2109
WARNING 2024-12-10 19:23:55,440 log Forbidden (CSRF token from POST incorrect.): /storeapp/login/
WARNING 2024-12-10 19:23:55,440 basehttp "POST /storeapp/login/ HTTP/1.1" 403 2503
INFO 2024-12-10 19:24:13,568 basehttp "GET /storeapp/login/ HTTP/1.1" 200 2129
INFO 2024-12-10 19:24:14,537 basehttp "GET /storeapp/profile/ HTTP/1.1" 200 2109
INFO 2024-12-10 19:24:16,798 views Logout view accessed
INFO 2024-12-10 19:24:16,850 basehttp "GET /storeapp/logout/ HTTP/1.1" 302 0
INFO 2024-12-10 19:24:16,898 basehttp "GET /storeapp/ HTTP/1.1" 200 1529
INFO 2024-12-10 19:24:16,921 basehttp "GET /static/js/home.js HTTP/1.1" 304 0
INFO 2024-12-10 19:24:17,872 basehttp "GET /storeapp/profile/ HTTP/1.1" 302 0
INFO 2024-12-10 19:24:17,910 basehttp "GET /storeapp/login/ HTTP/1.1" 200 2129
INFO 2024-12-10 19:24:26,511 basehttp "POST /storeapp/login/ HTTP/1.1" 302 0
INFO 2024-12-10 19:24:26,555 basehttp "GET /storeapp/profile/ HTTP/1.1" 200 2097
INFO 2024-12-10 19:24:31,638 basehttp "GET /storeapp/ HTTP/1.1" 200 1561
INFO 2024-12-10 19:25:05,403 autoreload D:\Facultate\Django\Proiect\storeapp\admin.py changed, reloading.
INFO 2024-12-10 19:25:05,910 autoreload Watching for file changes with StatReloader
INFO 2024-12-10 19:25:24,005 basehttp "GET /admin HTTP/1.1" 301 0
INFO 2024-12-10 19:25:24,153 basehttp "GET /admin/ HTTP/1.1" 302 0
INFO 2024-12-10 19:25:24,278 basehttp "GET /admin/login/?next=/admin/ HTTP/1.1" 200 3679
INFO 2024-12-10 19:25:24,384 basehttp "GET /static/admin/css/base.css HTTP/1.1" 200 22092
INFO 2024-12-10 19:25:24,394 basehttp "GET /static/admin/css/nav_sidebar.css HTTP/1.1" 200 2810
INFO 2024-12-10 19:25:24,402 basehttp "GET /static/admin/css/login.css HTTP/1.1" 200 951
INFO 2024-12-10 19:25:24,404 basehttp "GET /static/admin/css/dark_mode.css HTTP/1.1" 200 2804
INFO 2024-12-10 19:25:24,412 basehttp "GET /static/admin/css/responsive.css HTTP/1.1" 200 17972
INFO 2024-12-10 19:25:24,424 basehttp "GET /static/admin/js/theme.js HTTP/1.1" 200 1653
INFO 2024-12-10 19:25:24,432 basehttp "GET /static/admin/js/nav_sidebar.js HTTP/1.1" 200 3063
INFO 2024-12-10 19:25:45,605 basehttp "POST /admin/login/?next=/admin/ HTTP/1.1" 200 3844
INFO 2024-12-10 19:27:18,035 autoreload D:\Facultate\Django\Proiect\storeapp\admin.py changed, reloading.
INFO 2024-12-10 19:27:18,544 autoreload Watching for file changes with StatReloader
INFO 2024-12-10 19:27:23,743 basehttp "POST /admin/login/?next=/admin/ HTTP/1.1" 200 3844
INFO 2024-12-10 19:27:25,187 basehttp "GET /admin/login/?next=/admin/ HTTP/1.1" 200 3679
INFO 2024-12-10 19:27:29,713 basehttp "GET /admin/ HTTP/1.1" 302 0
INFO 2024-12-10 19:27:29,766 basehttp "GET /admin/login/?next=/admin/ HTTP/1.1" 200 3679
INFO 2024-12-10 19:27:36,107 basehttp "POST /admin/login/?next=/admin/ HTTP/1.1" 200 3844
INFO 2024-12-10 19:28:00,963 autoreload D:\Facultate\Django\Proiect\storeapp\admin.py changed, reloading.
INFO 2024-12-10 19:28:01,578 autoreload Watching for file changes with StatReloader
INFO 2024-12-10 19:28:12,136 autoreload D:\Facultate\Django\Proiect\storeapp\admin.py changed, reloading.
INFO 2024-12-10 19:28:12,614 autoreload Watching for file changes with StatReloader
INFO 2024-12-10 19:28:15,739 basehttp "POST /admin/login/?next=/admin/ HTTP/1.1" 200 3844
INFO 2024-12-10 19:28:18,115 basehttp "POST /admin/login/?next=/admin/ HTTP/1.1" 200 3844
INFO 2024-12-10 19:28:20,804 basehttp "GET /admin/login/?next=/admin/ HTTP/1.1" 200 3679
INFO 2024-12-10 19:28:22,695 basehttp "GET /storeapp/profile/ HTTP/1.1" 200 2097
INFO 2024-12-10 19:28:29,056 basehttp "GET /admin/ HTTP/1.1" 302 0
INFO 2024-12-10 19:28:29,111 basehttp "GET /admin/login/?next=/admin/ HTTP/1.1" 200 3679
INFO 2024-12-10 19:30:23,508 autoreload D:\Facultate\Django\Proiect\storeapp\admin.py changed, reloading.
INFO 2024-12-10 19:30:24,007 autoreload Watching for file changes with StatReloader
INFO 2024-12-10 19:30:39,444 autoreload Watching for file changes with StatReloader
INFO 2024-12-10 19:32:20,967 autoreload D:\Facultate\Django\Proiect\run_tasks.py changed, reloading.
INFO 2024-12-10 19:32:21,586 autoreload Watching for file changes with StatReloader
INFO 2024-12-10 19:32:51,515 autoreload D:\Facultate\Django\Proiect\run_tasks.py changed, reloading.
INFO 2024-12-10 19:32:52,015 autoreload Watching for file changes with StatReloader
INFO 2024-12-10 19:35:57,657 autoreload D:\Facultate\Django\Proiect\storeapp\admin.py changed, reloading.
INFO 2024-12-10 19:35:58,229 autoreload Watching for file changes with StatReloader
INFO 2024-12-10 19:42:23,118 basehttp "GET /admin/ HTTP/1.1" 302 0
INFO 2024-12-10 19:42:23,219 basehttp "GET /admin/login/?next=/admin/ HTTP/1.1" 200 3679
INFO 2024-12-10 19:42:23,392 basehttp "GET /static/admin/css/base.css HTTP/1.1" 200 22092
INFO 2024-12-10 19:42:23,394 basehttp "GET /static/admin/css/login.css HTTP/1.1" 200 951
INFO 2024-12-10 19:42:23,396 basehttp "GET /static/admin/css/responsive.css HTTP/1.1" 200 17972
INFO 2024-12-10 19:42:23,398 basehttp "GET /static/admin/js/theme.js HTTP/1.1" 200 1653
INFO 2024-12-10 19:42:23,430 basehttp "GET /static/admin/css/dark_mode.css HTTP/1.1" 200 2804
INFO 2024-12-10 19:42:23,435 basehttp "GET /static/admin/js/nav_sidebar.js HTTP/1.1" 200 3063
INFO 2024-12-10 19:42:23,475 basehttp "GET /static/admin/css/nav_sidebar.css HTTP/1.1" 200 2810
INFO 2024-12-10 19:42:28,995 basehttp "POST /admin/login/?next=/admin/ HTTP/1.1" 200 3846
INFO 2024-12-10 19:42:43,361 basehttp "POST /admin/login/?next=/admin/ HTTP/1.1" 200 3846
INFO 2024-12-10 19:43:42,599 basehttp "POST /admin/login/?next=/admin/ HTTP/1.1" 200 3846
INFO 2024-12-10 19:43:45,929 basehttp "POST /admin/login/?next=/admin/ HTTP/1.1" 302 0
INFO 2024-12-10 19:43:46,120 basehttp "GET /admin/ HTTP/1.1" 200 9222
INFO 2024-12-10 19:43:46,163 basehttp "GET /static/admin/css/dashboard.css HTTP/1.1" 200 441
INFO 2024-12-10 19:43:46,163 basehttp "GET /static/admin/img/icon-changelink.svg HTTP/1.1" 200 380
INFO 2024-12-10 19:43:46,164 basehttp "GET /static/admin/img/icon-addlink.svg HTTP/1.1" 200 331
INFO 2024-12-10 19:43:50,189 basehttp "GET /admin/auth/group/ HTTP/1.1" 200 11776
INFO 2024-12-10 19:43:50,234 basehttp "GET /static/admin/css/changelists.css HTTP/1.1" 200 6878
INFO 2024-12-10 19:43:50,247 basehttp "GET /static/admin/js/jquery.init.js HTTP/1.1" 200 347
INFO 2024-12-10 19:43:50,269 basehttp "GET /static/admin/js/core.js HTTP/1.1" 200 6208
INFO 2024-12-10 19:43:50,290 basehttp "GET /static/admin/js/vendor/jquery/jquery.js HTTP/1.1" 200 285314
INFO 2024-12-10 19:43:50,292 basehttp "GET /static/admin/js/admin/RelatedObjectLookups.js HTTP/1.1" 200 9097
INFO 2024-12-10 19:43:50,314 basehttp "GET /static/admin/js/actions.js HTTP/1.1" 200 8076
INFO 2024-12-10 19:43:50,316 basehttp "GET /static/admin/js/urlify.js HTTP/1.1" 200 7887
INFO 2024-12-10 19:43:50,329 basehttp "GET /static/admin/js/prepopulate.js HTTP/1.1" 200 1531
INFO 2024-12-10 19:43:50,338 basehttp "GET /static/admin/img/search.svg HTTP/1.1" 200 458
INFO 2024-12-10 19:43:50,387 basehttp "GET /static/admin/js/vendor/xregexp/xregexp.js HTTP/1.1" 200 325171
INFO 2024-12-10 19:43:50,405 basehttp "GET /admin/jsi18n/ HTTP/1.1" 200 3342
INFO 2024-12-10 19:43:50,409 basehttp "GET /static/admin/js/filters.js HTTP/1.1" 200 978
INFO 2024-12-10 19:43:50,436 basehttp "GET /static/admin/img/tooltag-add.svg HTTP/1.1" 200 331
INFO 2024-12-10 19:43:55,080 basehttp "GET /admin/auth/group/5/change/ HTTP/1.1" 200 16391
INFO 2024-12-10 19:43:55,124 basehttp "GET /static/admin/css/forms.css HTTP/1.1" 200 8794
INFO 2024-12-10 19:43:55,132 basehttp "GET /static/admin/js/SelectBox.js HTTP/1.1" 200 4530
INFO 2024-12-10 19:43:55,140 basehttp "GET /static/admin/css/widgets.css HTTP/1.1" 200 11564
INFO 2024-12-10 19:43:55,141 basehttp "GET /static/admin/js/SelectFilter2.js HTTP/1.1" 200 15502
INFO 2024-12-10 19:43:55,155 basehttp "GET /static/admin/js/prepopulate_init.js HTTP/1.1" 200 586
INFO 2024-12-10 19:43:55,168 basehttp "GET /static/admin/js/change_form.js HTTP/1.1" 200 606
INFO 2024-12-10 19:43:55,188 basehttp "GET /admin/jsi18n/ HTTP/1.1" 200 3342
INFO 2024-12-10 19:43:55,230 basehttp "GET /static/admin/img/icon-unknown.svg HTTP/1.1" 200 655
INFO 2024-12-10 19:43:55,230 basehttp "GET /static/admin/img/selector-icons.svg HTTP/1.1" 200 3291
INFO 2024-12-10 19:43:55,231 basehttp "GET /static/admin/img/icon-unknown-alt.svg HTTP/1.1" 200 655
INFO 2024-12-10 19:44:47,054 autoreload D:\Facultate\Django\Proiect\storeapp\admin.py changed, reloading.
INFO 2024-12-10 19:44:47,572 autoreload Watching for file changes with StatReloader
INFO 2024-12-10 19:46:38,662 autoreload D:\Facultate\Django\Proiect\storeapp\admin.py changed, reloading.
INFO 2024-12-10 19:46:39,157 autoreload Watching for file changes with StatReloader
INFO 2024-12-10 19:47:15,732 basehttp "POST /admin/auth/group/5/change/ HTTP/1.1" 302 0
INFO 2024-12-10 19:47:15,808 basehttp "GET /admin/auth/group/ HTTP/1.1" 200 11976
INFO 2024-12-10 19:47:15,872 basehttp "GET /admin/jsi18n/ HTTP/1.1" 200 3342
INFO 2024-12-10 19:47:15,948 basehttp "GET /static/admin/img/icon-yes.svg HTTP/1.1" 200 436
INFO 2024-12-10 19:47:18,052 basehttp "GET /admin/auth/group/3/change/ HTTP/1.1" 200 16699
INFO 2024-12-10 19:47:18,115 basehttp "GET /admin/jsi18n/ HTTP/1.1" 200 3342
INFO 2024-12-10 19:47:22,190 basehttp "GET /admin/auth/group/ HTTP/1.1" 200 11776
INFO 2024-12-10 19:48:23,691 autoreload D:\Facultate\Django\Proiect\storeapp\admin.py changed, reloading.
INFO 2024-12-10 19:48:24,282 autoreload Watching for file changes with StatReloader
INFO 2024-12-10 19:48:40,920 autoreload D:\Facultate\Django\Proiect\storeapp\admin.py changed, reloading.
INFO 2024-12-10 19:48:41,429 autoreload Watching for file changes with StatReloader
INFO 2024-12-10 19:48:51,846 autoreload D:\Facultate\Django\Proiect\storeapp\admin.py changed, reloading.
INFO 2024-12-10 19:48:52,449 autoreload Watching for file changes with StatReloader
INFO 2024-12-10 19:50:36,729 autoreload Watching for file changes with StatReloader
INFO 2024-12-10 19:50:52,858 autoreload Watching for file changes with StatReloader
INFO 2024-12-10 19:50:56,708 basehttp "GET /admin/ HTTP/1.1" 200 9604
INFO 2024-12-10 19:50:58,194 basehttp "GET /admin/auth/group/ HTTP/1.1" 200 11776
INFO 2024-12-10 19:50:58,258 basehttp "GET /admin/jsi18n/ HTTP/1.1" 200 3342
INFO 2024-12-10 19:51:00,158 basehttp "GET /admin/auth/group/5/change/ HTTP/1.1" 200 16175
INFO 2024-12-10 19:51:00,229 basehttp "GET /admin/jsi18n/ HTTP/1.1" 200 3342
INFO 2024-12-10 19:51:37,488 autoreload D:\Facultate\Django\Proiect\storeapp\apps.py changed, reloading.
INFO 2024-12-10 19:51:37,800 autoreload D:\Facultate\Django\Proiect\storeapp\apps.py changed, reloading.
INFO 2024-12-10 19:51:38,030 autoreload Watching for file changes with StatReloader
INFO 2024-12-10 19:51:38,346 autoreload Watching for file changes with StatReloader
INFO 2024-12-10 19:51:42,449 autoreload D:\Facultate\Django\Proiect\storeapp\signals.py changed, reloading.
INFO 2024-12-10 19:51:42,763 autoreload D:\Facultate\Django\Proiect\storeapp\signals.py changed, reloading.
INFO 2024-12-10 19:51:42,933 autoreload Watching for file changes with StatReloader
INFO 2024-12-10 19:51:43,288 autoreload Watching for file changes with StatReloader
INFO 2024-12-12 13:13:32,199 autoreload Watching for file changes with StatReloader
WARNING 2024-12-12 13:13:40,819 log Not Found: /
WARNING 2024-12-12 13:13:40,821 basehttp "GET / HTTP/1.1" 404 2477
WARNING 2024-12-12 13:13:40,932 log Not Found: /favicon.ico
WARNING 2024-12-12 13:13:40,933 basehttp "GET /favicon.ico HTTP/1.1" 404 2528
INFO 2024-12-12 13:13:44,964 basehttp "GET /storeapp HTTP/1.1" 301 0
INFO 2024-12-12 13:13:45,098 basehttp "GET /storeapp/ HTTP/1.1" 200 1381
INFO 2024-12-12 13:13:45,135 basehttp "GET /static/js/home.js HTTP/1.1" 304 0
INFO 2024-12-12 13:14:50,228 basehttp "GET /storeapp/products/ HTTP/1.1" 200 8243
INFO 2024-12-12 13:14:50,358 basehttp "GET /static/js/products.js HTTP/1.1" 200 5438
INFO 2024-12-12 13:14:53,155 views Display product view accessed for product_id: 1
INFO 2024-12-12 13:14:53,242 basehttp "GET /storeapp/product/1/ HTTP/1.1" 200 1535
INFO 2024-12-12 13:14:56,089 basehttp "GET /storeapp/products/ HTTP/1.1" 200 8243
INFO 2024-12-12 13:15:36,535 basehttp "GET /storeapp/products/ HTTP/1.1" 200 8183
INFO 2024-12-12 13:15:36,573 basehttp "GET /static/js/products.js HTTP/1.1" 304 0
INFO 2024-12-12 13:16:14,178 basehttp "GET /storeapp/products/ HTTP/1.1" 200 8183
INFO 2024-12-12 13:16:14,221 basehttp "GET /static/js/products.js HTTP/1.1" 304 0
INFO 2024-12-12 13:16:35,093 basehttp "GET /storeapp/products/ HTTP/1.1" 200 8183
INFO 2024-12-12 13:18:23,861 basehttp "GET /storeapp/products/ HTTP/1.1" 200 10940
INFO 2024-12-12 13:18:23,909 basehttp "GET /static/js/products.js HTTP/1.1" 304 0
INFO 2024-12-12 13:18:40,978 basehttp "GET /storeapp/products/ HTTP/1.1" 200 9973
INFO 2024-12-12 13:20:30,047 autoreload Watching for file changes with StatReloader
INFO 2024-12-12 13:21:09,358 basehttp "GET /storeapp/products/ HTTP/1.1" 200 9568
INFO 2024-12-12 13:21:09,483 basehttp "GET /static/js/products.js HTTP/1.1" 200 5414
INFO 2024-12-12 13:23:31,519 basehttp "GET /storeapp/products/ HTTP/1.1" 200 9648
INFO 2024-12-12 13:23:31,564 basehttp "GET /static/js/products.js HTTP/1.1" 304 0
INFO 2024-12-12 13:25:28,826 autoreload Watching for file changes with StatReloader
INFO 2024-12-12 13:29:33,383 basehttp "GET /storeapp/products/ HTTP/1.1" 200 9648
INFO 2024-12-12 13:29:33,584 basehttp "GET /static/js/products.js HTTP/1.1" 200 5461
INFO 2024-12-12 13:34:24,785 views Display product view accessed for product_id: 1
INFO 2024-12-12 13:34:24,895 basehttp "GET /storeapp/product/1/ HTTP/1.1" 200 2784
INFO 2024-12-12 13:34:36,156 basehttp "GET /storeapp/products/ HTTP/1.1" 200 9648
INFO 2024-12-12 13:34:36,188 basehttp "GET /static/js/products.js HTTP/1.1" 200 5424
INFO 2024-12-12 13:36:07,652 autoreload D:\Facultate\Django\Proiect\storeapp\urls.py changed, reloading.
INFO 2024-12-12 13:36:08,421 autoreload Watching for file changes with StatReloader
INFO 2024-12-12 13:36:26,107 autoreload D:\Facultate\Django\Proiect\storeapp\views.py changed, reloading.
INFO 2024-12-12 13:36:26,732 autoreload Watching for file changes with StatReloader
INFO 2024-12-12 13:37:03,279 basehttp "GET /storeapp/products/ HTTP/1.1" 200 9833
INFO 2024-12-12 13:37:03,317 basehttp "GET /static/js/products.js HTTP/1.1" 304 0
INFO 2024-12-12 13:37:09,019 basehttp "GET /storeapp/checkout/ HTTP/1.1" 200 13
INFO 2024-12-12 13:37:34,129 basehttp "GET /storeapp/contact/ HTTP/1.1" 200 2844
INFO 2024-12-12 13:37:36,896 basehttp "GET /storeapp/profile/ HTTP/1.1" 302 0
INFO 2024-12-12 13:37:36,969 basehttp "GET /storeapp/login/ HTTP/1.1" 200 2129
INFO 2024-12-12 13:37:41,385 basehttp "POST /storeapp/login/ HTTP/1.1" 302 0
INFO 2024-12-12 13:37:41,465 basehttp "GET /storeapp/profile/ HTTP/1.1" 200 2097
INFO 2024-12-12 13:37:43,058 basehttp "GET /storeapp/ HTTP/1.1" 200 1761
INFO 2024-12-12 13:37:54,517 basehttp "GET /storeapp/profile/ HTTP/1.1" 200 2097
INFO 2024-12-12 13:37:56,141 views Logout view accessed
INFO 2024-12-12 13:37:56,241 basehttp "GET /storeapp/logout/ HTTP/1.1" 302 0
INFO 2024-12-12 13:37:56,305 basehttp "GET /storeapp/ HTTP/1.1" 200 1729
INFO 2024-12-12 13:37:57,714 basehttp "GET /storeapp/profile/ HTTP/1.1" 302 0
INFO 2024-12-12 13:37:57,803 basehttp "GET /storeapp/login/ HTTP/1.1" 200 2329
INFO 2024-12-12 13:37:59,457 basehttp "GET /storeapp/register/ HTTP/1.1" 200 5440
INFO 2024-12-12 13:38:31,230 basehttp "GET /storeapp/register/ HTTP/1.1" 200 5703
INFO 2024-12-12 13:38:45,960 basehttp "GET /storeapp/register/ HTTP/1.1" 200 5703
INFO 2024-12-12 13:38:47,357 basehttp "GET /storeapp/register/ HTTP/1.1" 200 5707
INFO 2024-12-12 13:38:49,714 basehttp "GET /storeapp/profile/ HTTP/1.1" 302 0
INFO 2024-12-12 13:38:49,762 basehttp "GET /storeapp/login/ HTTP/1.1" 200 2329
INFO 2024-12-12 13:38:51,819 basehttp "GET /storeapp/register/ HTTP/1.1" 200 5707
INFO 2024-12-12 13:38:55,883 basehttp "GET /storeapp/contact/ HTTP/1.1" 200 2844
INFO 2024-12-12 13:39:22,268 basehttp "GET /storeapp/contact/ HTTP/1.1" 200 3551
INFO 2024-12-12 13:39:51,727 basehttp "GET /storeapp/ HTTP/1.1" 200 1581
INFO 2024-12-12 13:39:53,645 basehttp "GET /storeapp/products/ HTTP/1.1" 200 9848
INFO 2024-12-12 13:39:53,674 basehttp "GET /static/js/products.js HTTP/1.1" 304 0
INFO 2024-12-12 13:39:55,640 basehttp "GET /storeapp/profile/ HTTP/1.1" 302 0
INFO 2024-12-12 13:39:55,689 basehttp "GET /storeapp/login/ HTTP/1.1" 200 2329
INFO 2024-12-12 13:39:56,948 basehttp "GET /storeapp/contact/ HTTP/1.1" 200 3551
INFO 2024-12-12 13:40:23,888 basehttp "GET /storeapp/contact/ HTTP/1.1" 200 3576
INFO 2024-12-12 13:40:40,138 basehttp "GET /storeapp/contact/ HTTP/1.1" 200 3576
INFO 2024-12-12 13:40:41,859 basehttp "GET /storeapp/contact/ HTTP/1.1" 200 3587
INFO 2024-12-12 13:40:50,629 basehttp "GET /storeapp/contact/ HTTP/1.1" 200 3586
INFO 2024-12-12 13:40:57,397 basehttp "GET /storeapp/contact/ HTTP/1.1" 200 3586
INFO 2024-12-12 13:40:58,698 basehttp "GET /storeapp/products/ HTTP/1.1" 200 9848
INFO 2024-12-12 13:40:58,721 basehttp "GET /static/js/products.js HTTP/1.1" 304 0
INFO 2024-12-12 13:40:59,730 basehttp "GET /storeapp/profile/ HTTP/1.1" 302 0
INFO 2024-12-12 13:40:59,782 basehttp "GET /storeapp/login/ HTTP/1.1" 200 2329
INFO 2024-12-12 13:41:02,327 basehttp "POST /storeapp/login/ HTTP/1.1" 302 0
INFO 2024-12-12 13:41:02,404 basehttp "GET /storeapp/profile/ HTTP/1.1" 200 2097
INFO 2024-12-12 13:41:41,227 basehttp "GET /storeapp/profile/ HTTP/1.1" 200 2834
INFO 2024-12-12 13:41:51,804 basehttp "GET /storeapp/profile/ HTTP/1.1" 200 2764
INFO 2024-12-12 13:41:55,664 basehttp "GET /storeapp/products/ HTTP/1.1" 200 9848
INFO 2024-12-12 13:41:55,694 basehttp "GET /static/js/products.js HTTP/1.1" 304 0
INFO 2024-12-12 13:41:56,960 basehttp "GET /storeapp/contact/ HTTP/1.1" 200 3586
INFO 2024-12-12 13:41:58,125 basehttp "GET /storeapp/profile/ HTTP/1.1" 200 2764
INFO 2024-12-12 13:41:59,689 basehttp "GET /storeapp/products/ HTTP/1.1" 200 9848
INFO 2024-12-12 13:42:00,931 basehttp "GET /storeapp/ HTTP/1.1" 200 1761
INFO 2024-12-12 13:42:05,769 basehttp "GET /storeapp/products/ HTTP/1.1" 200 9848
INFO 2024-12-12 13:59:26,659 autoreload D:\Facultate\Django\Proiect\storeapp\views.py changed, reloading.
INFO 2024-12-12 13:59:27,316 autoreload Watching for file changes with StatReloader
INFO 2024-12-12 14:01:21,199 basehttp "GET /storeapp/products/ HTTP/1.1" 200 9848
INFO 2024-12-12 14:01:21,236 basehttp "GET /static/js/products.js HTTP/1.1" 304 0
WARNING 2024-12-12 14:01:31,293 log Bad Request: /storeapp/checkout/
WARNING 2024-12-12 14:01:31,294 basehttp "GET /storeapp/checkout/ HTTP/1.1" 400 49
INFO 2024-12-12 14:02:40,692 autoreload D:\Facultate\Django\Proiect\storeapp\views.py changed, reloading.
INFO 2024-12-12 14:02:41,413 autoreload Watching for file changes with StatReloader
WARNING 2024-12-12 14:02:41,843 log Bad Request: /storeapp/checkout/
WARNING 2024-12-12 14:02:41,843 basehttp "GET /storeapp/checkout/ HTTP/1.1" 400 49
WARNING 2024-12-12 14:02:42,405 log Bad Request: /storeapp/checkout/
WARNING 2024-12-12 14:02:42,405 basehttp "GET /storeapp/checkout/ HTTP/1.1" 400 49
INFO 2024-12-12 14:03:57,412 autoreload D:\Facultate\Django\Proiect\storeapp\views.py changed, reloading.
INFO 2024-12-12 14:03:58,054 autoreload Watching for file changes with StatReloader
WARNING 2024-12-12 14:03:58,453 log Bad Request: /storeapp/checkout/
WARNING 2024-12-12 14:03:58,454 basehttp "GET /storeapp/checkout/ HTTP/1.1" 400 49
WARNING 2024-12-12 14:04:00,972 log Bad Request: /storeapp/checkout/
WARNING 2024-12-12 14:04:00,973 basehttp "GET /storeapp/checkout/ HTTP/1.1" 400 49
INFO 2024-12-12 14:05:51,809 basehttp "GET /storeapp/products/ HTTP/1.1" 200 9848
INFO 2024-12-12 14:05:51,848 basehttp "GET /static/js/products.js HTTP/1.1" 304 0
INFO 2024-12-12 14:05:52,389 basehttp "GET /storeapp/products/ HTTP/1.1" 200 9848
WARNING 2024-12-12 14:05:53,636 log Bad Request: /storeapp/checkout/
WARNING 2024-12-12 14:05:53,636 basehttp "GET /storeapp/checkout/ HTTP/1.1" 400 49
WARNING 2024-12-12 14:07:11,309 log Bad Request: /storeapp/checkout/
WARNING 2024-12-12 14:07:11,310 basehttp "GET /storeapp/checkout/ HTTP/1.1" 400 49
WARNING 2024-12-12 14:07:16,664 log Bad Request: /storeapp/checkout/
WARNING 2024-12-12 14:07:16,664 basehttp "GET /storeapp/checkout/ HTTP/1.1" 400 49
INFO 2024-12-12 14:07:28,498 autoreload D:\Facultate\Django\Proiect\storeapp\views.py changed, reloading.
INFO 2024-12-12 14:07:29,079 autoreload Watching for file changes with StatReloader
INFO 2024-12-12 14:07:30,472 autoreload D:\Facultate\Django\Proiect\storeapp\views.py changed, reloading.
INFO 2024-12-12 14:07:31,199 autoreload Watching for file changes with StatReloader
WARNING 2024-12-12 14:07:31,593 log Bad Request: /storeapp/checkout/
WARNING 2024-12-12 14:07:31,597 basehttp "GET /storeapp/checkout/ HTTP/1.1" 400 49
WARNING 2024-12-12 14:07:37,308 log Bad Request: /storeapp/checkout/
WARNING 2024-12-12 14:07:37,309 basehttp "GET /storeapp/checkout/ HTTP/1.1" 400 49
INFO 2024-12-12 14:08:08,393 autoreload D:\Facultate\Django\Proiect\storeapp\views.py changed, reloading.
INFO 2024-12-12 14:08:09,028 autoreload Watching for file changes with StatReloader
WARNING 2024-12-12 14:08:13,767 log Bad Request: /storeapp/checkout/
WARNING 2024-12-12 14:08:13,768 basehttp "GET /storeapp/checkout/ HTTP/1.1" 400 49
INFO 2024-12-12 14:08:52,493 autoreload D:\Facultate\Django\Proiect\storeapp\urls.py changed, reloading.
INFO 2024-12-12 14:08:53,273 autoreload Watching for file changes with StatReloader
WARNING 2024-12-12 14:08:57,621 log Not Found: /storeapp/checkout/
WARNING 2024-12-12 14:08:57,622 basehttp "GET /storeapp/checkout/ HTTP/1.1" 404 8504
INFO 2024-12-12 14:09:10,393 basehttp "GET /storeapp/products/ HTTP/1.1" 200 9844
INFO 2024-12-12 14:09:10,426 basehttp "GET /static/js/products.js HTTP/1.1" 304 0
WARNING 2024-12-12 14:09:11,615 log Bad Request: /storeapp/cart/
WARNING 2024-12-12 14:09:11,615 basehttp "GET /storeapp/cart/ HTTP/1.1" 400 49
INFO 2024-12-12 14:09:56,682 autoreload D:\Facultate\Django\Proiect\storeapp\views.py changed, reloading.
INFO 2024-12-12 14:09:57,201 autoreload Watching for file changes with StatReloader
INFO 2024-12-12 14:11:31,667 autoreload D:\Facultate\Django\Proiect\storeapp\urls.py changed, reloading.
INFO 2024-12-12 14:11:32,302 autoreload Watching for file changes with StatReloader
INFO 2024-12-12 14:11:33,732 autoreload D:\Facultate\Django\Proiect\storeapp\views.py changed, reloading.
INFO 2024-12-12 14:11:34,441 autoreload Watching for file changes with StatReloader
WARNING 2024-12-12 14:11:34,662 log Bad Request: /storeapp/cart/
WARNING 2024-12-12 14:11:34,664 basehttp "GET /storeapp/cart/ HTTP/1.1" 400 56
WARNING 2024-12-12 14:11:35,273 log Bad Request: /storeapp/cart/
WARNING 2024-12-12 14:11:35,273 basehttp "GET /storeapp/cart/ HTTP/1.1" 400 56
WARNING 2024-12-12 14:11:35,809 log Bad Request: /storeapp/cart/
WARNING 2024-12-12 14:11:35,809 basehttp "GET /storeapp/cart/ HTTP/1.1" 400 56
WARNING 2024-12-12 14:13:44,054 log Bad Request: /storeapp/cart/
WARNING 2024-12-12 14:13:44,055 basehttp "GET /storeapp/cart/ HTTP/1.1" 400 56
WARNING 2024-12-12 14:13:44,945 log Bad Request: /storeapp/cart/
WARNING 2024-12-12 14:13:44,946 basehttp "GET /storeapp/cart/ HTTP/1.1" 400 56
WARNING 2024-12-12 14:13:48,307 log Bad Request: /storeapp/cart/
WARNING 2024-12-12 14:13:48,307 basehttp "GET /storeapp/cart/ HTTP/1.1" 400 56
INFO 2024-12-12 14:14:11,421 autoreload D:\Facultate\Django\Proiect\storeapp\views.py changed, reloading.
INFO 2024-12-12 14:14:12,294 autoreload Watching for file changes with StatReloader
ERROR 2024-12-12 14:14:16,821 log Internal Server Error: /storeapp/cart/
Traceback (most recent call last):
  File "D:\-_SHv_4lM\Lib\site-packages\django\core\handlers\exception.py", line 55, in inner
    response = get_response(request)
               ^^^^^^^^^^^^^^^^^^^^^
  File "D:\-_SHv_4lM\Lib\site-packages\django\core\handlers\base.py", line 204, in _get_response
    self.check_response(response, callback)
  File "D:\-_SHv_4lM\Lib\site-packages\django\core\handlers\base.py", line 332, in check_response
    raise ValueError(
ValueError: The view storeapp.views.cart didn't return an HttpResponse object. It returned None instead.
ERROR 2024-12-12 14:14:16,823 basehttp "GET /storeapp/cart/ HTTP/1.1" 500 72093
ERROR 2024-12-12 14:15:36,284 log Internal Server Error: /storeapp/cart/
Traceback (most recent call last):
  File "D:\-_SHv_4lM\Lib\site-packages\django\core\handlers\exception.py", line 55, in inner
    response = get_response(request)
               ^^^^^^^^^^^^^^^^^^^^^
  File "D:\-_SHv_4lM\Lib\site-packages\django\core\handlers\base.py", line 204, in _get_response
    self.check_response(response, callback)
  File "D:\-_SHv_4lM\Lib\site-packages\django\core\handlers\base.py", line 332, in check_response
    raise ValueError(
ValueError: The view storeapp.views.cart didn't return an HttpResponse object. It returned None instead.
ERROR 2024-12-12 14:15:36,287 basehttp "GET /storeapp/cart/ HTTP/1.1" 500 72230
ERROR 2024-12-12 14:15:36,935 log Internal Server Error: /storeapp/cart/
Traceback (most recent call last):
  File "D:\-_SHv_4lM\Lib\site-packages\django\core\handlers\exception.py", line 55, in inner
    response = get_response(request)
               ^^^^^^^^^^^^^^^^^^^^^
  File "D:\-_SHv_4lM\Lib\site-packages\django\core\handlers\base.py", line 204, in _get_response
    self.check_response(response, callback)
  File "D:\-_SHv_4lM\Lib\site-packages\django\core\handlers\base.py", line 332, in check_response
    raise ValueError(
ValueError: The view storeapp.views.cart didn't return an HttpResponse object. It returned None instead.
ERROR 2024-12-12 14:15:36,937 basehttp "GET /storeapp/cart/ HTTP/1.1" 500 72230
ERROR 2024-12-12 14:15:37,416 log Internal Server Error: /storeapp/cart/
Traceback (most recent call last):
  File "D:\-_SHv_4lM\Lib\site-packages\django\core\handlers\exception.py", line 55, in inner
    response = get_response(request)
               ^^^^^^^^^^^^^^^^^^^^^
  File "D:\-_SHv_4lM\Lib\site-packages\django\core\handlers\base.py", line 204, in _get_response
    self.check_response(response, callback)
  File "D:\-_SHv_4lM\Lib\site-packages\django\core\handlers\base.py", line 332, in check_response
    raise ValueError(
ValueError: The view storeapp.views.cart didn't return an HttpResponse object. It returned None instead.
ERROR 2024-12-12 14:15:37,418 basehttp "GET /storeapp/cart/ HTTP/1.1" 500 72230
ERROR 2024-12-12 14:15:37,733 log Internal Server Error: /storeapp/cart/
Traceback (most recent call last):
  File "D:\-_SHv_4lM\Lib\site-packages\django\core\handlers\exception.py", line 55, in inner
    response = get_response(request)
               ^^^^^^^^^^^^^^^^^^^^^
  File "D:\-_SHv_4lM\Lib\site-packages\django\core\handlers\base.py", line 204, in _get_response
    self.check_response(response, callback)
  File "D:\-_SHv_4lM\Lib\site-packages\django\core\handlers\base.py", line 332, in check_response
    raise ValueError(
ValueError: The view storeapp.views.cart didn't return an HttpResponse object. It returned None instead.
ERROR 2024-12-12 14:15:37,737 basehttp "GET /storeapp/cart/ HTTP/1.1" 500 72230
ERROR 2024-12-12 14:15:38,058 log Internal Server Error: /storeapp/cart/
Traceback (most recent call last):
  File "D:\-_SHv_4lM\Lib\site-packages\django\core\handlers\exception.py", line 55, in inner
    response = get_response(request)
               ^^^^^^^^^^^^^^^^^^^^^
  File "D:\-_SHv_4lM\Lib\site-packages\django\core\handlers\base.py", line 204, in _get_response
    self.check_response(response, callback)
  File "D:\-_SHv_4lM\Lib\site-packages\django\core\handlers\base.py", line 332, in check_response
    raise ValueError(
ValueError: The view storeapp.views.cart didn't return an HttpResponse object. It returned None instead.
ERROR 2024-12-12 14:15:38,060 basehttp "GET /storeapp/cart/ HTTP/1.1" 500 72230
ERROR 2024-12-12 14:15:38,160 log Internal Server Error: /storeapp/cart/
Traceback (most recent call last):
  File "D:\-_SHv_4lM\Lib\site-packages\django\core\handlers\exception.py", line 55, in inner
    response = get_response(request)
               ^^^^^^^^^^^^^^^^^^^^^
  File "D:\-_SHv_4lM\Lib\site-packages\django\core\handlers\base.py", line 204, in _get_response
    self.check_response(response, callback)
  File "D:\-_SHv_4lM\Lib\site-packages\django\core\handlers\base.py", line 332, in check_response
    raise ValueError(
ValueError: The view storeapp.views.cart didn't return an HttpResponse object. It returned None instead.
ERROR 2024-12-12 14:15:38,163 basehttp "GET /storeapp/cart/ HTTP/1.1" 500 72230
ERROR 2024-12-12 14:15:38,340 log Internal Server Error: /storeapp/cart/
Traceback (most recent call last):
  File "D:\-_SHv_4lM\Lib\site-packages\django\core\handlers\exception.py", line 55, in inner
    response = get_response(request)
               ^^^^^^^^^^^^^^^^^^^^^
  File "D:\-_SHv_4lM\Lib\site-packages\django\core\handlers\base.py", line 204, in _get_response
    self.check_response(response, callback)
  File "D:\-_SHv_4lM\Lib\site-packages\django\core\handlers\base.py", line 332, in check_response
    raise ValueError(
ValueError: The view storeapp.views.cart didn't return an HttpResponse object. It returned None instead.
ERROR 2024-12-12 14:15:38,344 basehttp "GET /storeapp/cart/ HTTP/1.1" 500 72230
ERROR 2024-12-12 14:15:41,999 log Internal Server Error: /storeapp/cart/
Traceback (most recent call last):
  File "D:\-_SHv_4lM\Lib\site-packages\django\core\handlers\exception.py", line 55, in inner
    response = get_response(request)
               ^^^^^^^^^^^^^^^^^^^^^
  File "D:\-_SHv_4lM\Lib\site-packages\django\core\handlers\base.py", line 204, in _get_response
    self.check_response(response, callback)
  File "D:\-_SHv_4lM\Lib\site-packages\django\core\handlers\base.py", line 332, in check_response
    raise ValueError(
ValueError: The view storeapp.views.cart didn't return an HttpResponse object. It returned None instead.
ERROR 2024-12-12 14:15:42,003 basehttp "GET /storeapp/cart/ HTTP/1.1" 500 72093
ERROR 2024-12-12 14:16:33,902 log Internal Server Error: /storeapp/cart/
Traceback (most recent call last):
  File "D:\-_SHv_4lM\Lib\site-packages\django\core\handlers\exception.py", line 55, in inner
    response = get_response(request)
               ^^^^^^^^^^^^^^^^^^^^^
  File "D:\-_SHv_4lM\Lib\site-packages\django\core\handlers\base.py", line 204, in _get_response
    self.check_response(response, callback)
  File "D:\-_SHv_4lM\Lib\site-packages\django\core\handlers\base.py", line 332, in check_response
    raise ValueError(
ValueError: The view storeapp.views.cart didn't return an HttpResponse object. It returned None instead.
ERROR 2024-12-12 14:16:33,911 basehttp "GET /storeapp/cart/ HTTP/1.1" 500 72230
ERROR 2024-12-12 14:16:34,883 log Internal Server Error: /storeapp/cart/
Traceback (most recent call last):
  File "D:\-_SHv_4lM\Lib\site-packages\django\core\handlers\exception.py", line 55, in inner
    response = get_response(request)
               ^^^^^^^^^^^^^^^^^^^^^
  File "D:\-_SHv_4lM\Lib\site-packages\django\core\handlers\base.py", line 204, in _get_response
    self.check_response(response, callback)
  File "D:\-_SHv_4lM\Lib\site-packages\django\core\handlers\base.py", line 332, in check_response
    raise ValueError(
ValueError: The view storeapp.views.cart didn't return an HttpResponse object. It returned None instead.
ERROR 2024-12-12 14:16:34,885 basehttp "GET /storeapp/cart/ HTTP/1.1" 500 72230
ERROR 2024-12-12 14:16:35,266 log Internal Server Error: /storeapp/cart/
Traceback (most recent call last):
  File "D:\-_SHv_4lM\Lib\site-packages\django\core\handlers\exception.py", line 55, in inner
    response = get_response(request)
               ^^^^^^^^^^^^^^^^^^^^^
  File "D:\-_SHv_4lM\Lib\site-packages\django\core\handlers\base.py", line 204, in _get_response
    self.check_response(response, callback)
  File "D:\-_SHv_4lM\Lib\site-packages\django\core\handlers\base.py", line 332, in check_response
    raise ValueError(
ValueError: The view storeapp.views.cart didn't return an HttpResponse object. It returned None instead.
ERROR 2024-12-12 14:16:35,268 basehttp "GET /storeapp/cart/ HTTP/1.1" 500 72230
ERROR 2024-12-12 14:16:35,562 log Internal Server Error: /storeapp/cart/
Traceback (most recent call last):
  File "D:\-_SHv_4lM\Lib\site-packages\django\core\handlers\exception.py", line 55, in inner
    response = get_response(request)
               ^^^^^^^^^^^^^^^^^^^^^
  File "D:\-_SHv_4lM\Lib\site-packages\django\core\handlers\base.py", line 204, in _get_response
    self.check_response(response, callback)
  File "D:\-_SHv_4lM\Lib\site-packages\django\core\handlers\base.py", line 332, in check_response
    raise ValueError(
ValueError: The view storeapp.views.cart didn't return an HttpResponse object. It returned None instead.
ERROR 2024-12-12 14:16:35,565 basehttp "GET /storeapp/cart/ HTTP/1.1" 500 72230
ERROR 2024-12-12 14:16:35,846 log Internal Server Error: /storeapp/cart/
Traceback (most recent call last):
  File "D:\-_SHv_4lM\Lib\site-packages\django\core\handlers\exception.py", line 55, in inner
    response = get_response(request)
               ^^^^^^^^^^^^^^^^^^^^^
  File "D:\-_SHv_4lM\Lib\site-packages\django\core\handlers\base.py", line 204, in _get_response
    self.check_response(response, callback)
  File "D:\-_SHv_4lM\Lib\site-packages\django\core\handlers\base.py", line 332, in check_response
    raise ValueError(
ValueError: The view storeapp.views.cart didn't return an HttpResponse object. It returned None instead.
ERROR 2024-12-12 14:16:35,848 basehttp "GET /storeapp/cart/ HTTP/1.1" 500 72230
ERROR 2024-12-12 14:16:36,068 log Internal Server Error: /storeapp/cart/
Traceback (most recent call last):
  File "D:\-_SHv_4lM\Lib\site-packages\django\core\handlers\exception.py", line 55, in inner
    response = get_response(request)
               ^^^^^^^^^^^^^^^^^^^^^
  File "D:\-_SHv_4lM\Lib\site-packages\django\core\handlers\base.py", line 204, in _get_response
    self.check_response(response, callback)
  File "D:\-_SHv_4lM\Lib\site-packages\django\core\handlers\base.py", line 332, in check_response
    raise ValueError(
ValueError: The view storeapp.views.cart didn't return an HttpResponse object. It returned None instead.
ERROR 2024-12-12 14:16:36,071 basehttp "GET /storeapp/cart/ HTTP/1.1" 500 72230
ERROR 2024-12-12 14:16:36,217 log Internal Server Error: /storeapp/cart/
Traceback (most recent call last):
  File "D:\-_SHv_4lM\Lib\site-packages\django\core\handlers\exception.py", line 55, in inner
    response = get_response(request)
               ^^^^^^^^^^^^^^^^^^^^^
  File "D:\-_SHv_4lM\Lib\site-packages\django\core\handlers\base.py", line 204, in _get_response
    self.check_response(response, callback)
  File "D:\-_SHv_4lM\Lib\site-packages\django\core\handlers\base.py", line 332, in check_response
    raise ValueError(
ValueError: The view storeapp.views.cart didn't return an HttpResponse object. It returned None instead.
ERROR 2024-12-12 14:16:36,219 basehttp "GET /storeapp/cart/ HTTP/1.1" 500 72230
ERROR 2024-12-12 14:16:36,385 log Internal Server Error: /storeapp/cart/
Traceback (most recent call last):
  File "D:\-_SHv_4lM\Lib\site-packages\django\core\handlers\exception.py", line 55, in inner
    response = get_response(request)
               ^^^^^^^^^^^^^^^^^^^^^
  File "D:\-_SHv_4lM\Lib\site-packages\django\core\handlers\base.py", line 204, in _get_response
    self.check_response(response, callback)
  File "D:\-_SHv_4lM\Lib\site-packages\django\core\handlers\base.py", line 332, in check_response
    raise ValueError(
ValueError: The view storeapp.views.cart didn't return an HttpResponse object. It returned None instead.
ERROR 2024-12-12 14:16:36,388 basehttp "GET /storeapp/cart/ HTTP/1.1" 500 72230
ERROR 2024-12-12 14:16:36,534 log Internal Server Error: /storeapp/cart/
Traceback (most recent call last):
  File "D:\-_SHv_4lM\Lib\site-packages\django\core\handlers\exception.py", line 55, in inner
    response = get_response(request)
               ^^^^^^^^^^^^^^^^^^^^^
  File "D:\-_SHv_4lM\Lib\site-packages\django\core\handlers\base.py", line 204, in _get_response
    self.check_response(response, callback)
  File "D:\-_SHv_4lM\Lib\site-packages\django\core\handlers\base.py", line 332, in check_response
    raise ValueError(
ValueError: The view storeapp.views.cart didn't return an HttpResponse object. It returned None instead.
ERROR 2024-12-12 14:16:36,537 basehttp "GET /storeapp/cart/ HTTP/1.1" 500 72230
INFO 2024-12-12 14:16:53,112 autoreload D:\Facultate\Django\Proiect\storeapp\views.py changed, reloading.
INFO 2024-12-12 14:16:53,789 autoreload Watching for file changes with StatReloader
ERROR 2024-12-12 14:16:54,246 log Internal Server Error: /storeapp/cart/
Traceback (most recent call last):
  File "D:\-_SHv_4lM\Lib\site-packages\django\template\base.py", line 510, in parse
    compile_func = self.tags[command]
                   ~~~~~~~~~^^^^^^^^^
KeyError: 'static'

During handling of the above exception, another exception occurred:

Traceback (most recent call last):
  File "D:\-_SHv_4lM\Lib\site-packages\django\core\handlers\exception.py", line 55, in inner
    response = get_response(request)
               ^^^^^^^^^^^^^^^^^^^^^
  File "D:\-_SHv_4lM\Lib\site-packages\django\core\handlers\base.py", line 197, in _get_response
    response = wrapped_callback(request, *callback_args, **callback_kwargs)
               ^^^^^^^^^^^^^^^^^^^^^^^^^^^^^^^^^^^^^^^^^^^^^^^^^^^^^^^^^^^^
  File "D:\-_SHv_4lM\Lib\site-packages\django\views\decorators\csrf.py", line 65, in _view_wrapper
    return view_func(request, *args, **kwargs)
           ^^^^^^^^^^^^^^^^^^^^^^^^^^^^^^^^^^^
  File "D:\facultate\django\proiect\storeapp\views.py", line 348, in cart
    return render(request, 'cart.html')
           ^^^^^^^^^^^^^^^^^^^^^^^^^^^^
  File "D:\-_SHv_4lM\Lib\site-packages\django\shortcuts.py", line 25, in render
    content = loader.render_to_string(template_name, context, request, using=using)
              ^^^^^^^^^^^^^^^^^^^^^^^^^^^^^^^^^^^^^^^^^^^^^^^^^^^^^^^^^^^^^^^^^^^^^
  File "D:\-_SHv_4lM\Lib\site-packages\django\template\loader.py", line 61, in render_to_string
    template = get_template(template_name, using=using)
               ^^^^^^^^^^^^^^^^^^^^^^^^^^^^^^^^^^^^^^^^
  File "D:\-_SHv_4lM\Lib\site-packages\django\template\loader.py", line 15, in get_template
    return engine.get_template(template_name)
           ^^^^^^^^^^^^^^^^^^^^^^^^^^^^^^^^^^
  File "D:\-_SHv_4lM\Lib\site-packages\django\template\backends\django.py", line 79, in get_template
    return Template(self.engine.get_template(template_name), self)
                    ^^^^^^^^^^^^^^^^^^^^^^^^^^^^^^^^^^^^^^^
  File "D:\-_SHv_4lM\Lib\site-packages\django\template\engine.py", line 177, in get_template
    template, origin = self.find_template(template_name)
                       ^^^^^^^^^^^^^^^^^^^^^^^^^^^^^^^^^
  File "D:\-_SHv_4lM\Lib\site-packages\django\template\engine.py", line 159, in find_template
    template = loader.get_template(name, skip=skip)
               ^^^^^^^^^^^^^^^^^^^^^^^^^^^^^^^^^^^^
  File "D:\-_SHv_4lM\Lib\site-packages\django\template\loaders\cached.py", line 57, in get_template
    template = super().get_template(template_name, skip)
               ^^^^^^^^^^^^^^^^^^^^^^^^^^^^^^^^^^^^^^^^^
  File "D:\-_SHv_4lM\Lib\site-packages\django\template\loaders\base.py", line 28, in get_template
    return Template(
           ^^^^^^^^^
  File "D:\-_SHv_4lM\Lib\site-packages\django\template\base.py", line 154, in __init__
    self.nodelist = self.compile_nodelist()
                    ^^^^^^^^^^^^^^^^^^^^^^^
  File "D:\-_SHv_4lM\Lib\site-packages\django\template\base.py", line 196, in compile_nodelist
    nodelist = parser.parse()
               ^^^^^^^^^^^^^^
  File "D:\-_SHv_4lM\Lib\site-packages\django\template\base.py", line 512, in parse
    self.invalid_block_tag(token, command, parse_until)
  File "D:\-_SHv_4lM\Lib\site-packages\django\template\base.py", line 573, in invalid_block_tag
    raise self.error(
django.template.exceptions.TemplateSyntaxError: Invalid block tag on line 7: 'static'. Did you forget to register or load this tag?
ERROR 2024-12-12 14:16:54,251 basehttp "GET /storeapp/cart/ HTTP/1.1" 500 143612
INFO 2024-12-12 14:17:06,331 basehttp "GET /storeapp/cart/ HTTP/1.1" 200 738
INFO 2024-12-12 14:17:06,419 basehttp "GET /static/js/cart.js HTTP/1.1" 200 0
INFO 2024-12-12 14:20:35,828 basehttp "GET /storeapp/cart/ HTTP/1.1" 200 738
INFO 2024-12-12 14:20:35,873 basehttp "GET /static/js/cart.js HTTP/1.1" 200 282
WARNING 2024-12-12 14:20:35,886 log Not Found: /cart
WARNING 2024-12-12 14:20:35,886 basehttp "GET /cart HTTP/1.1" 404 2507
INFO 2024-12-12 14:20:36,476 basehttp "GET /storeapp/cart/ HTTP/1.1" 200 738
INFO 2024-12-12 14:20:36,516 basehttp "GET /static/js/cart.js HTTP/1.1" 304 0
WARNING 2024-12-12 14:20:36,530 log Not Found: /cart
WARNING 2024-12-12 14:20:36,532 basehttp "GET /cart HTTP/1.1" 404 2507
INFO 2024-12-12 14:20:36,746 basehttp "GET /storeapp/cart/ HTTP/1.1" 200 738
INFO 2024-12-12 14:20:36,777 basehttp "GET /static/js/cart.js HTTP/1.1" 304 0
WARNING 2024-12-12 14:20:36,789 log Not Found: /cart
WARNING 2024-12-12 14:20:36,790 basehttp "GET /cart HTTP/1.1" 404 2507
INFO 2024-12-12 14:20:37,015 basehttp "GET /storeapp/cart/ HTTP/1.1" 200 738
INFO 2024-12-12 14:20:37,048 basehttp "GET /static/js/cart.js HTTP/1.1" 304 0
WARNING 2024-12-12 14:20:37,060 log Not Found: /cart
WARNING 2024-12-12 14:20:37,060 basehttp "GET /cart HTTP/1.1" 404 2507
INFO 2024-12-12 14:22:12,511 basehttp "GET /storeapp/cart/ HTTP/1.1" 200 738
INFO 2024-12-12 14:22:12,560 basehttp "GET /static/js/cart.js HTTP/1.1" 200 4469
ERROR 2024-12-12 14:22:12,621 log Internal Server Error: /storeapp/cart/
Traceback (most recent call last):
  File "D:\-_SHv_4lM\Lib\site-packages\django\core\handlers\exception.py", line 55, in inner
    response = get_response(request)
               ^^^^^^^^^^^^^^^^^^^^^
  File "D:\-_SHv_4lM\Lib\site-packages\django\core\handlers\base.py", line 204, in _get_response
    self.check_response(response, callback)
  File "D:\-_SHv_4lM\Lib\site-packages\django\core\handlers\base.py", line 332, in check_response
    raise ValueError(
ValueError: The view storeapp.views.cart didn't return an HttpResponse object. It returned None instead.
ERROR 2024-12-12 14:22:12,625 basehttp "POST /storeapp/cart/ HTTP/1.1" 500 71979
INFO 2024-12-12 14:22:13,312 basehttp "GET /storeapp/cart/ HTTP/1.1" 200 738
INFO 2024-12-12 14:22:13,345 basehttp "GET /static/js/cart.js HTTP/1.1" 304 0
ERROR 2024-12-12 14:22:13,411 log Internal Server Error: /storeapp/cart/
Traceback (most recent call last):
  File "D:\-_SHv_4lM\Lib\site-packages\django\core\handlers\exception.py", line 55, in inner
    response = get_response(request)
               ^^^^^^^^^^^^^^^^^^^^^
  File "D:\-_SHv_4lM\Lib\site-packages\django\core\handlers\base.py", line 204, in _get_response
    self.check_response(response, callback)
  File "D:\-_SHv_4lM\Lib\site-packages\django\core\handlers\base.py", line 332, in check_response
    raise ValueError(
ValueError: The view storeapp.views.cart didn't return an HttpResponse object. It returned None instead.
ERROR 2024-12-12 14:22:13,414 basehttp "POST /storeapp/cart/ HTTP/1.1" 500 71979
INFO 2024-12-12 14:22:13,584 basehttp "GET /storeapp/cart/ HTTP/1.1" 200 738
ERROR 2024-12-12 14:22:13,683 log Internal Server Error: /storeapp/cart/
Traceback (most recent call last):
  File "D:\-_SHv_4lM\Lib\site-packages\django\core\handlers\exception.py", line 55, in inner
    response = get_response(request)
               ^^^^^^^^^^^^^^^^^^^^^
  File "D:\-_SHv_4lM\Lib\site-packages\django\core\handlers\base.py", line 204, in _get_response
    self.check_response(response, callback)
  File "D:\-_SHv_4lM\Lib\site-packages\django\core\handlers\base.py", line 332, in check_response
    raise ValueError(
ValueError: The view storeapp.views.cart didn't return an HttpResponse object. It returned None instead.
ERROR 2024-12-12 14:22:13,686 basehttp "POST /storeapp/cart/ HTTP/1.1" 500 71979
INFO 2024-12-12 14:22:13,797 basehttp "GET /storeapp/cart/ HTTP/1.1" 200 738
ERROR 2024-12-12 14:22:13,893 log Internal Server Error: /storeapp/cart/
Traceback (most recent call last):
  File "D:\-_SHv_4lM\Lib\site-packages\django\core\handlers\exception.py", line 55, in inner
    response = get_response(request)
               ^^^^^^^^^^^^^^^^^^^^^
  File "D:\-_SHv_4lM\Lib\site-packages\django\core\handlers\base.py", line 204, in _get_response
    self.check_response(response, callback)
  File "D:\-_SHv_4lM\Lib\site-packages\django\core\handlers\base.py", line 332, in check_response
    raise ValueError(
ValueError: The view storeapp.views.cart didn't return an HttpResponse object. It returned None instead.
ERROR 2024-12-12 14:22:13,896 basehttp "POST /storeapp/cart/ HTTP/1.1" 500 71979
INFO 2024-12-12 14:22:13,938 basehttp "GET /storeapp/cart/ HTTP/1.1" 200 738
ERROR 2024-12-12 14:22:14,034 log Internal Server Error: /storeapp/cart/
Traceback (most recent call last):
  File "D:\-_SHv_4lM\Lib\site-packages\django\core\handlers\exception.py", line 55, in inner
    response = get_response(request)
               ^^^^^^^^^^^^^^^^^^^^^
  File "D:\-_SHv_4lM\Lib\site-packages\django\core\handlers\base.py", line 204, in _get_response
    self.check_response(response, callback)
  File "D:\-_SHv_4lM\Lib\site-packages\django\core\handlers\base.py", line 332, in check_response
    raise ValueError(
ValueError: The view storeapp.views.cart didn't return an HttpResponse object. It returned None instead.
ERROR 2024-12-12 14:22:14,036 basehttp "POST /storeapp/cart/ HTTP/1.1" 500 71979
INFO 2024-12-12 14:22:19,218 basehttp "GET /storeapp/cart/ HTTP/1.1" 200 738
INFO 2024-12-12 14:22:19,269 basehttp "GET /static/js/cart.js HTTP/1.1" 200 4468
INFO 2024-12-12 14:22:19,942 basehttp "GET /storeapp/cart/ HTTP/1.1" 200 738
INFO 2024-12-12 14:22:19,976 basehttp "GET /static/js/cart.js HTTP/1.1" 304 0
INFO 2024-12-12 14:22:20,286 basehttp "GET /storeapp/cart/ HTTP/1.1" 200 738
INFO 2024-12-12 14:22:20,320 basehttp "GET /static/js/cart.js HTTP/1.1" 304 0
INFO 2024-12-12 14:22:23,483 basehttp "GET /storeapp/cart/ HTTP/1.1" 200 738
INFO 2024-12-12 14:22:23,516 basehttp "GET /static/js/cart.js HTTP/1.1" 304 0
INFO 2024-12-12 14:26:25,691 basehttp "GET /storeapp/cart/ HTTP/1.1" 200 427
INFO 2024-12-12 14:26:25,737 basehttp "GET /static/js/cart.js HTTP/1.1" 200 813
INFO 2024-12-12 14:26:26,764 basehttp "GET /storeapp/cart/ HTTP/1.1" 200 427
INFO 2024-12-12 14:26:26,799 basehttp "GET /static/js/cart.js HTTP/1.1" 304 0
INFO 2024-12-12 14:26:36,029 basehttp "GET /storeapp/cart/ HTTP/1.1" 200 427
INFO 2024-12-12 14:26:36,059 basehttp "GET /static/js/cart.js HTTP/1.1" 304 0
INFO 2024-12-12 14:27:37,570 basehttp "GET /storeapp/cart/ HTTP/1.1" 200 427
INFO 2024-12-12 14:27:37,616 basehttp "GET /static/js/cart.js HTTP/1.1" 200 841
INFO 2024-12-12 14:27:38,015 basehttp "GET /storeapp/cart/ HTTP/1.1" 200 427
INFO 2024-12-12 14:27:38,048 basehttp "GET /static/js/cart.js HTTP/1.1" 304 0
INFO 2024-12-12 14:27:38,154 basehttp "GET /storeapp/cart/ HTTP/1.1" 200 427
INFO 2024-12-12 14:27:44,004 autoreload Watching for file changes with StatReloader
INFO 2024-12-12 14:27:54,548 basehttp "GET /storeapp/cart/ HTTP/1.1" 200 427
INFO 2024-12-12 14:27:54,589 basehttp "GET /static/js/cart.js HTTP/1.1" 304 0
INFO 2024-12-12 14:28:34,046 basehttp "GET /storeapp/cart/ HTTP/1.1" 200 427
INFO 2024-12-12 14:28:34,176 basehttp "GET /static/js/cart.js HTTP/1.1" 200 972
INFO 2024-12-12 14:28:34,732 basehttp "GET /storeapp/cart/ HTTP/1.1" 200 427
INFO 2024-12-12 14:28:34,770 basehttp "GET /static/js/cart.js HTTP/1.1" 304 0
INFO 2024-12-12 14:28:35,038 basehttp "GET /storeapp/cart/ HTTP/1.1" 200 427
INFO 2024-12-12 14:28:35,093 basehttp "GET /static/js/cart.js HTTP/1.1" 304 0
INFO 2024-12-12 14:29:08,345 basehttp "GET /storeapp/cart/ HTTP/1.1" 200 427
INFO 2024-12-12 14:29:08,394 basehttp "GET /static/js/cart.js HTTP/1.1" 200 841
INFO 2024-12-12 14:29:09,115 basehttp "GET /storeapp/cart/ HTTP/1.1" 200 427
INFO 2024-12-12 14:29:14,870 basehttp "GET /storeapp/cart/ HTTP/1.1" 200 427
INFO 2024-12-12 14:29:14,922 basehttp "GET /static/js/cart.js HTTP/1.1" 304 0
INFO 2024-12-12 14:30:15,197 basehttp "GET /storeapp/cart/ HTTP/1.1" 200 427
INFO 2024-12-12 14:30:15,236 basehttp "GET /static/js/cart.js HTTP/1.1" 200 857
INFO 2024-12-12 14:30:15,730 basehttp "GET /storeapp/cart/ HTTP/1.1" 200 427
INFO 2024-12-12 14:30:15,773 basehttp "GET /static/js/cart.js HTTP/1.1" 304 0
INFO 2024-12-12 14:30:23,824 basehttp "GET /storeapp/cart/ HTTP/1.1" 200 427
INFO 2024-12-12 14:30:23,879 basehttp "GET /static/js/cart.js HTTP/1.1" 200 855
